{"total": {"lines":{"total":2724,"covered":585,"skipped":0,"pct":21.48},"statements":{"total":2874,"covered":594,"skipped":0,"pct":20.67},"functions":{"total":910,"covered":140,"skipped":0,"pct":15.38},"branches":{"total":1673,"covered":189,"skipped":0,"pct":11.3}}
,"/Users/alice/dev/openaq.org/app/assets/scripts/config.js": {"lines":{"total":2,"covered":2,"skipped":0,"pct":100},"functions":{"total":0,"covered":0,"skipped":0,"pct":100},"statements":{"total":2,"covered":2,"skipped":0,"pct":100},"branches":{"total":0,"covered":0,"skipped":0,"pct":100}}
,"/Users/alice/dev/openaq.org/app/assets/scripts/logo.js": {"lines":{"total":16,"covered":16,"skipped":0,"pct":100},"functions":{"total":3,"covered":3,"skipped":0,"pct":100},"statements":{"total":16,"covered":16,"skipped":0,"pct":100},"branches":{"total":10,"covered":9,"skipped":0,"pct":90}}
,"/Users/alice/dev/openaq.org/app/assets/scripts/main.js": {"lines":{"total":6,"covered":6,"skipped":0,"pct":100},"functions":{"total":1,"covered":1,"skipped":0,"pct":100},"statements":{"total":6,"covered":6,"skipped":0,"pct":100},"branches":{"total":4,"covered":3,"skipped":0,"pct":75}}
,"/Users/alice/dev/openaq.org/app/assets/scripts/actions/action-creators.js": {"lines":{"total":1,"covered":1,"skipped":0,"pct":100},"functions":{"total":0,"covered":0,"skipped":0,"pct":100},"statements":{"total":1,"covered":1,"skipped":0,"pct":100},"branches":{"total":0,"covered":0,"skipped":0,"pct":100}}
,"/Users/alice/dev/openaq.org/app/assets/scripts/actions/action-types.js": {"lines":{"total":37,"covered":37,"skipped":0,"pct":100},"functions":{"total":0,"covered":0,"skipped":0,"pct":100},"statements":{"total":37,"covered":37,"skipped":0,"pct":100},"branches":{"total":0,"covered":0,"skipped":0,"pct":100}}
,"/Users/alice/dev/openaq.org/app/assets/scripts/actions/base-data.js": {"lines":{"total":24,"covered":17,"skipped":0,"pct":70.83},"functions":{"total":12,"covered":9,"skipped":0,"pct":75},"statements":{"total":25,"covered":18,"skipped":0,"pct":72},"branches":{"total":9,"covered":4,"skipped":0,"pct":44.44}}
,"/Users/alice/dev/openaq.org/app/assets/scripts/actions/base-stats.js": {"lines":{"total":19,"covered":0,"skipped":0,"pct":0},"functions":{"total":8,"covered":0,"skipped":0,"pct":0},"statements":{"total":19,"covered":0,"skipped":0,"pct":0},"branches":{"total":5,"covered":0,"skipped":0,"pct":0}}
,"/Users/alice/dev/openaq.org/app/assets/scripts/actions/compare.js": {"lines":{"total":60,"covered":11,"skipped":0,"pct":18.33},"functions":{"total":28,"covered":4,"skipped":0,"pct":14.29},"statements":{"total":61,"covered":11,"skipped":0,"pct":18.03},"branches":{"total":21,"covered":3,"skipped":0,"pct":14.29}}
,"/Users/alice/dev/openaq.org/app/assets/scripts/actions/download-modal.js": {"lines":{"total":2,"covered":0,"skipped":0,"pct":0},"functions":{"total":2,"covered":0,"skipped":0,"pct":0},"statements":{"total":2,"covered":0,"skipped":0,"pct":0},"branches":{"total":0,"covered":0,"skipped":0,"pct":100}}
,"/Users/alice/dev/openaq.org/app/assets/scripts/actions/geolocation.js": {"lines":{"total":14,"covered":0,"skipped":0,"pct":0},"functions":{"total":8,"covered":0,"skipped":0,"pct":0},"statements":{"total":14,"covered":0,"skipped":0,"pct":0},"branches":{"total":2,"covered":0,"skipped":0,"pct":0}}
,"/Users/alice/dev/openaq.org/app/assets/scripts/actions/location.js": {"lines":{"total":17,"covered":0,"skipped":0,"pct":0},"functions":{"total":9,"covered":0,"skipped":0,"pct":0},"statements":{"total":17,"covered":0,"skipped":0,"pct":0},"branches":{"total":5,"covered":0,"skipped":0,"pct":0}}
,"/Users/alice/dev/openaq.org/app/assets/scripts/actions/locations-by-country.js": {"lines":{"total":15,"covered":0,"skipped":0,"pct":0},"functions":{"total":8,"covered":0,"skipped":0,"pct":0},"statements":{"total":15,"covered":0,"skipped":0,"pct":0},"branches":{"total":4,"covered":0,"skipped":0,"pct":0}}
,"/Users/alice/dev/openaq.org/app/assets/scripts/actions/locations.js": {"lines":{"total":14,"covered":0,"skipped":0,"pct":0},"functions":{"total":9,"covered":0,"skipped":0,"pct":0},"statements":{"total":14,"covered":0,"skipped":0,"pct":0},"branches":{"total":5,"covered":0,"skipped":0,"pct":0}}
,"/Users/alice/dev/openaq.org/app/assets/scripts/actions/measurements.js": {"lines":{"total":32,"covered":0,"skipped":0,"pct":0},"functions":{"total":11,"covered":0,"skipped":0,"pct":0},"statements":{"total":32,"covered":0,"skipped":0,"pct":0},"branches":{"total":11,"covered":0,"skipped":0,"pct":0}}
,"/Users/alice/dev/openaq.org/app/assets/scripts/actions/projects.js": {"lines":{"total":14,"covered":0,"skipped":0,"pct":0},"functions":{"total":9,"covered":0,"skipped":0,"pct":0},"statements":{"total":14,"covered":0,"skipped":0,"pct":0},"branches":{"total":5,"covered":0,"skipped":0,"pct":0}}
,"/Users/alice/dev/openaq.org/app/assets/scripts/actions/vote-modal.js": {"lines":{"total":1,"covered":0,"skipped":0,"pct":0},"functions":{"total":1,"covered":0,"skipped":0,"pct":0},"statements":{"total":1,"covered":0,"skipped":0,"pct":0},"branches":{"total":0,"covered":0,"skipped":0,"pct":100}}
,"/Users/alice/dev/openaq.org/app/assets/scripts/components/bar-chart.js": {"lines":{"total":5,"covered":1,"skipped":0,"pct":20},"functions":{"total":2,"covered":0,"skipped":0,"pct":0},"statements":{"total":5,"covered":1,"skipped":0,"pct":20},"branches":{"total":0,"covered":0,"skipped":0,"pct":100}}
,"/Users/alice/dev/openaq.org/app/assets/scripts/components/breakpoint.js": {"lines":{"total":18,"covered":16,"skipped":0,"pct":88.89},"functions":{"total":6,"covered":4,"skipped":0,"pct":66.67},"statements":{"total":18,"covered":16,"skipped":0,"pct":88.89},"branches":{"total":4,"covered":3,"skipped":0,"pct":75}}
,"/Users/alice/dev/openaq.org/app/assets/scripts/components/chart-brush.js": {"lines":{"total":203,"covered":5,"skipped":0,"pct":2.46},"functions":{"total":45,"covered":0,"skipped":0,"pct":0},"statements":{"total":218,"covered":5,"skipped":0,"pct":2.29},"branches":{"total":52,"covered":0,"skipped":0,"pct":0}}
,"/Users/alice/dev/openaq.org/app/assets/scripts/components/chart-measurement.js": {"lines":{"total":150,"covered":4,"skipped":0,"pct":2.67},"functions":{"total":31,"covered":0,"skipped":0,"pct":0},"statements":{"total":162,"covered":4,"skipped":0,"pct":2.47},"branches":{"total":58,"covered":0,"skipped":0,"pct":0}}
,"/Users/alice/dev/openaq.org/app/assets/scripts/components/community-card.js": {"lines":{"total":3,"covered":3,"skipped":0,"pct":100},"functions":{"total":1,"covered":1,"skipped":0,"pct":100},"statements":{"total":3,"covered":3,"skipped":0,"pct":100},"branches":{"total":6,"covered":6,"skipped":0,"pct":100}}
,"/Users/alice/dev/openaq.org/app/assets/scripts/components/connect-fold.js": {"lines":{"total":3,"covered":3,"skipped":0,"pct":100},"functions":{"total":1,"covered":1,"skipped":0,"pct":100},"statements":{"total":3,"covered":3,"skipped":0,"pct":100},"branches":{"total":0,"covered":0,"skipped":0,"pct":100}}
,"/Users/alice/dev/openaq.org/app/assets/scripts/components/date-selector.js": {"lines":{"total":27,"covered":1,"skipped":0,"pct":3.7},"functions":{"total":11,"covered":0,"skipped":0,"pct":0},"statements":{"total":27,"covered":1,"skipped":0,"pct":3.7},"branches":{"total":24,"covered":0,"skipped":0,"pct":0}}
,"/Users/alice/dev/openaq.org/app/assets/scripts/components/error-message.js": {"lines":{"total":3,"covered":3,"skipped":0,"pct":100},"functions":{"total":1,"covered":1,"skipped":0,"pct":100},"statements":{"total":3,"covered":3,"skipped":0,"pct":100},"branches":{"total":4,"covered":3,"skipped":0,"pct":75}}
,"/Users/alice/dev/openaq.org/app/assets/scripts/components/filter.js": {"lines":{"total":81,"covered":5,"skipped":0,"pct":6.17},"functions":{"total":42,"covered":0,"skipped":0,"pct":0},"statements":{"total":95,"covered":5,"skipped":0,"pct":5.26},"branches":{"total":66,"covered":0,"skipped":0,"pct":0}}
,"/Users/alice/dev/openaq.org/app/assets/scripts/components/info-button.js": {"lines":{"total":6,"covered":3,"skipped":0,"pct":50},"functions":{"total":2,"covered":0,"skipped":0,"pct":0},"statements":{"total":6,"covered":3,"skipped":0,"pct":50},"branches":{"total":4,"covered":0,"skipped":0,"pct":0}}
,"/Users/alice/dev/openaq.org/app/assets/scripts/components/info-message.js": {"lines":{"total":2,"covered":2,"skipped":0,"pct":100},"functions":{"total":1,"covered":1,"skipped":0,"pct":100},"statements":{"total":2,"covered":2,"skipped":0,"pct":100},"branches":{"total":2,"covered":1,"skipped":0,"pct":50}}
,"/Users/alice/dev/openaq.org/app/assets/scripts/components/join-fold.js": {"lines":{"total":3,"covered":3,"skipped":0,"pct":100},"functions":{"total":1,"covered":1,"skipped":0,"pct":100},"statements":{"total":3,"covered":3,"skipped":0,"pct":100},"branches":{"total":0,"covered":0,"skipped":0,"pct":100}}
,"/Users/alice/dev/openaq.org/app/assets/scripts/components/line-chart.js": {"lines":{"total":13,"covered":1,"skipped":0,"pct":7.69},"functions":{"total":5,"covered":0,"skipped":0,"pct":0},"statements":{"total":13,"covered":1,"skipped":0,"pct":7.69},"branches":{"total":12,"covered":0,"skipped":0,"pct":0}}
,"/Users/alice/dev/openaq.org/app/assets/scripts/components/loading-message.js": {"lines":{"total":4,"covered":4,"skipped":0,"pct":100},"functions":{"total":1,"covered":1,"skipped":0,"pct":100},"statements":{"total":4,"covered":4,"skipped":0,"pct":100},"branches":{"total":3,"covered":3,"skipped":0,"pct":100}}
,"/Users/alice/dev/openaq.org/app/assets/scripts/components/news-banner.js": {"lines":{"total":3,"covered":2,"skipped":0,"pct":66.67},"functions":{"total":2,"covered":1,"skipped":0,"pct":50},"statements":{"total":3,"covered":2,"skipped":0,"pct":66.67},"branches":{"total":2,"covered":1,"skipped":0,"pct":50}}
,"/Users/alice/dev/openaq.org/app/assets/scripts/components/page-footer.js": {"lines":{"total":6,"covered":5,"skipped":0,"pct":83.33},"functions":{"total":3,"covered":2,"skipped":0,"pct":66.67},"statements":{"total":6,"covered":5,"skipped":0,"pct":83.33},"branches":{"total":2,"covered":1,"skipped":0,"pct":50}}
,"/Users/alice/dev/openaq.org/app/assets/scripts/components/page-header.js": {"lines":{"total":31,"covered":16,"skipped":0,"pct":51.61},"functions":{"total":15,"covered":9,"skipped":0,"pct":60},"statements":{"total":31,"covered":16,"skipped":0,"pct":51.61},"branches":{"total":14,"covered":6,"skipped":0,"pct":42.86}}
,"/Users/alice/dev/openaq.org/app/assets/scripts/components/parameters-selection.js": {"lines":{"total":20,"covered":3,"skipped":0,"pct":15},"functions":{"total":9,"covered":0,"skipped":0,"pct":0},"statements":{"total":21,"covered":3,"skipped":0,"pct":14.29},"branches":{"total":6,"covered":0,"skipped":0,"pct":0}}
,"/Users/alice/dev/openaq.org/app/assets/scripts/components/pill.js": {"lines":{"total":2,"covered":1,"skipped":0,"pct":50},"functions":{"total":1,"covered":0,"skipped":0,"pct":0},"statements":{"total":2,"covered":1,"skipped":0,"pct":50},"branches":{"total":0,"covered":0,"skipped":0,"pct":100}}
,"/Users/alice/dev/openaq.org/app/assets/scripts/components/scroll-to-top.js": {"lines":{"total":4,"covered":4,"skipped":0,"pct":100},"functions":{"total":2,"covered":2,"skipped":0,"pct":100},"statements":{"total":4,"covered":4,"skipped":0,"pct":100},"branches":{"total":0,"covered":0,"skipped":0,"pct":100}}
,"/Users/alice/dev/openaq.org/app/assets/scripts/components/sensor-type-filter.js": {"lines":{"total":26,"covered":10,"skipped":0,"pct":38.46},"functions":{"total":8,"covered":0,"skipped":0,"pct":0},"statements":{"total":26,"covered":10,"skipped":0,"pct":38.46},"branches":{"total":17,"covered":0,"skipped":0,"pct":0}}
,"/Users/alice/dev/openaq.org/app/assets/scripts/components/smart-link.js": {"lines":{"total":4,"covered":4,"skipped":0,"pct":100},"functions":{"total":1,"covered":1,"skipped":0,"pct":100},"statements":{"total":4,"covered":4,"skipped":0,"pct":100},"branches":{"total":4,"covered":4,"skipped":0,"pct":100}}
,"/Users/alice/dev/openaq.org/app/assets/scripts/components/sources-list.js": {"lines":{"total":4,"covered":2,"skipped":0,"pct":50},"functions":{"total":2,"covered":0,"skipped":0,"pct":0},"statements":{"total":4,"covered":2,"skipped":0,"pct":50},"branches":{"total":9,"covered":0,"skipped":0,"pct":0}}
,"/Users/alice/dev/openaq.org/app/assets/scripts/components/sponsor-list.js": {"lines":{"total":6,"covered":6,"skipped":0,"pct":100},"functions":{"total":3,"covered":3,"skipped":0,"pct":100},"statements":{"total":6,"covered":6,"skipped":0,"pct":100},"branches":{"total":5,"covered":4,"skipped":0,"pct":80}}
,"/Users/alice/dev/openaq.org/app/assets/scripts/components/tabbed-selector.js": {"lines":{"total":7,"covered":2,"skipped":0,"pct":28.57},"functions":{"total":3,"covered":0,"skipped":0,"pct":0},"statements":{"total":7,"covered":2,"skipped":0,"pct":28.57},"branches":{"total":0,"covered":0,"skipped":0,"pct":100}}
,"/Users/alice/dev/openaq.org/app/assets/scripts/components/table.js": {"lines":{"total":23,"covered":1,"skipped":0,"pct":4.35},"functions":{"total":7,"covered":0,"skipped":0,"pct":0},"statements":{"total":25,"covered":1,"skipped":0,"pct":4},"branches":{"total":14,"covered":0,"skipped":0,"pct":0}}
,"/Users/alice/dev/openaq.org/app/assets/scripts/components/team-list.js": {"lines":{"total":9,"covered":9,"skipped":0,"pct":100},"functions":{"total":4,"covered":4,"skipped":0,"pct":100},"statements":{"total":9,"covered":9,"skipped":0,"pct":100},"branches":{"total":11,"covered":8,"skipped":0,"pct":72.73}}
,"/Users/alice/dev/openaq.org/app/assets/scripts/components/testimonials.js": {"lines":{"total":10,"covered":10,"skipped":0,"pct":100},"functions":{"total":4,"covered":4,"skipped":0,"pct":100},"statements":{"total":10,"covered":10,"skipped":0,"pct":100},"branches":{"total":8,"covered":4,"skipped":0,"pct":50}}
,"/Users/alice/dev/openaq.org/app/assets/scripts/components/workshop-fold.js": {"lines":{"total":3,"covered":3,"skipped":0,"pct":100},"functions":{"total":1,"covered":1,"skipped":0,"pct":100},"statements":{"total":3,"covered":3,"skipped":0,"pct":100},"branches":{"total":0,"covered":0,"skipped":0,"pct":100}}
,"/Users/alice/dev/openaq.org/app/assets/scripts/components/card/card-details.js": {"lines":{"total":4,"covered":4,"skipped":0,"pct":100},"functions":{"total":3,"covered":3,"skipped":0,"pct":100},"statements":{"total":4,"covered":4,"skipped":0,"pct":100},"branches":{"total":0,"covered":0,"skipped":0,"pct":100}}
,"/Users/alice/dev/openaq.org/app/assets/scripts/components/card/card-tag.js": {"lines":{"total":2,"covered":1,"skipped":0,"pct":50},"functions":{"total":1,"covered":0,"skipped":0,"pct":0},"statements":{"total":2,"covered":1,"skipped":0,"pct":50},"branches":{"total":2,"covered":0,"skipped":0,"pct":0}}
,"/Users/alice/dev/openaq.org/app/assets/scripts/components/card/card.js": {"lines":{"total":18,"covered":11,"skipped":0,"pct":61.11},"functions":{"total":4,"covered":1,"skipped":0,"pct":25},"statements":{"total":18,"covered":11,"skipped":0,"pct":61.11},"branches":{"total":26,"covered":13,"skipped":0,"pct":50}}
,"/Users/alice/dev/openaq.org/app/assets/scripts/components/card/footer-actions.js": {"lines":{"total":4,"covered":2,"skipped":0,"pct":50},"functions":{"total":2,"covered":1,"skipped":0,"pct":50},"statements":{"total":4,"covered":2,"skipped":0,"pct":50},"branches":{"total":0,"covered":0,"skipped":0,"pct":100}}
,"/Users/alice/dev/openaq.org/app/assets/scripts/components/card/index.js": {"lines":{"total":0,"covered":0,"skipped":0,"pct":0},"functions":{"total":0,"covered":0,"skipped":0,"pct":0},"statements":{"total":0,"covered":0,"skipped":0,"pct":0},"branches":{"total":0,"covered":0,"skipped":0,"pct":0}}
,"/Users/alice/dev/openaq.org/app/assets/scripts/components/dashboard/details-card.js": {"lines":{"total":6,"covered":1,"skipped":0,"pct":16.67},"functions":{"total":3,"covered":0,"skipped":0,"pct":0},"statements":{"total":6,"covered":1,"skipped":0,"pct":16.67},"branches":{"total":17,"covered":0,"skipped":0,"pct":0}}
,"/Users/alice/dev/openaq.org/app/assets/scripts/components/dashboard/lastest-measurements-card.js": {"lines":{"total":6,"covered":2,"skipped":0,"pct":33.33},"functions":{"total":4,"covered":0,"skipped":0,"pct":0},"statements":{"total":6,"covered":2,"skipped":0,"pct":33.33},"branches":{"total":2,"covered":0,"skipped":0,"pct":0}}
,"/Users/alice/dev/openaq.org/app/assets/scripts/components/dashboard/mobile-data-locations-card.js": {"lines":{"total":7,"covered":2,"skipped":0,"pct":28.57},"functions":{"total":3,"covered":0,"skipped":0,"pct":0},"statements":{"total":7,"covered":2,"skipped":0,"pct":28.57},"branches":{"total":2,"covered":0,"skipped":0,"pct":0}}
,"/Users/alice/dev/openaq.org/app/assets/scripts/components/dashboard/parameters-card.js": {"lines":{"total":36,"covered":2,"skipped":0,"pct":5.56},"functions":{"total":15,"covered":0,"skipped":0,"pct":0},"statements":{"total":42,"covered":2,"skipped":0,"pct":4.76},"branches":{"total":28,"covered":0,"skipped":0,"pct":0}}
,"/Users/alice/dev/openaq.org/app/assets/scripts/components/dashboard/sources-card.js": {"lines":{"total":5,"covered":2,"skipped":0,"pct":40},"functions":{"total":3,"covered":0,"skipped":0,"pct":0},"statements":{"total":5,"covered":2,"skipped":0,"pct":40},"branches":{"total":10,"covered":0,"skipped":0,"pct":0}}
,"/Users/alice/dev/openaq.org/app/assets/scripts/components/dashboard/temporal-coverage-card.js": {"lines":{"total":55,"covered":10,"skipped":0,"pct":18.18},"functions":{"total":23,"covered":0,"skipped":0,"pct":0},"statements":{"total":58,"covered":10,"skipped":0,"pct":17.24},"branches":{"total":62,"covered":0,"skipped":0,"pct":0}}
,"/Users/alice/dev/openaq.org/app/assets/scripts/components/dashboard/time-series-card.js": {"lines":{"total":52,"covered":4,"skipped":0,"pct":7.69},"functions":{"total":21,"covered":0,"skipped":0,"pct":0},"statements":{"total":58,"covered":4,"skipped":0,"pct":6.9},"branches":{"total":59,"covered":0,"skipped":0,"pct":0}}
,"/Users/alice/dev/openaq.org/app/assets/scripts/components/header/error-header.js": {"lines":{"total":1,"covered":1,"skipped":0,"pct":100},"functions":{"total":1,"covered":1,"skipped":0,"pct":100},"statements":{"total":1,"covered":1,"skipped":0,"pct":100},"branches":{"total":0,"covered":0,"skipped":0,"pct":100}}
,"/Users/alice/dev/openaq.org/app/assets/scripts/components/header/header-message.js": {"lines":{"total":3,"covered":3,"skipped":0,"pct":100},"functions":{"total":1,"covered":1,"skipped":0,"pct":100},"statements":{"total":3,"covered":3,"skipped":0,"pct":100},"branches":{"total":0,"covered":0,"skipped":0,"pct":100}}
,"/Users/alice/dev/openaq.org/app/assets/scripts/components/header/header.js": {"lines":{"total":4,"covered":3,"skipped":0,"pct":75},"functions":{"total":2,"covered":1,"skipped":0,"pct":50},"statements":{"total":4,"covered":3,"skipped":0,"pct":75},"branches":{"total":31,"covered":21,"skipped":0,"pct":67.74}}
,"/Users/alice/dev/openaq.org/app/assets/scripts/components/header/hub-header.js": {"lines":{"total":2,"covered":2,"skipped":0,"pct":100},"functions":{"total":1,"covered":1,"skipped":0,"pct":100},"statements":{"total":2,"covered":2,"skipped":0,"pct":100},"branches":{"total":2,"covered":1,"skipped":0,"pct":50}}
,"/Users/alice/dev/openaq.org/app/assets/scripts/components/header/index.js": {"lines":{"total":0,"covered":0,"skipped":0,"pct":0},"functions":{"total":0,"covered":0,"skipped":0,"pct":0},"statements":{"total":0,"covered":0,"skipped":0,"pct":0},"branches":{"total":0,"covered":0,"skipped":0,"pct":0}}
,"/Users/alice/dev/openaq.org/app/assets/scripts/components/header/loading-header.js": {"lines":{"total":1,"covered":1,"skipped":0,"pct":100},"functions":{"total":1,"covered":1,"skipped":0,"pct":100},"statements":{"total":1,"covered":1,"skipped":0,"pct":100},"branches":{"total":0,"covered":0,"skipped":0,"pct":100}}
,"/Users/alice/dev/openaq.org/app/assets/scripts/components/map/index.js": {"lines":{"total":0,"covered":0,"skipped":0,"pct":0},"functions":{"total":0,"covered":0,"skipped":0,"pct":0},"statements":{"total":0,"covered":0,"skipped":0,"pct":0},"branches":{"total":0,"covered":0,"skipped":0,"pct":0}}
,"/Users/alice/dev/openaq.org/app/assets/scripts/components/map/legend.js": {"lines":{"total":24,"covered":10,"skipped":0,"pct":41.67},"functions":{"total":8,"covered":0,"skipped":0,"pct":0},"statements":{"total":24,"covered":10,"skipped":0,"pct":41.67},"branches":{"total":23,"covered":0,"skipped":0,"pct":0}}
,"/Users/alice/dev/openaq.org/app/assets/scripts/components/map/location-layer.js": {"lines":{"total":15,"covered":1,"skipped":0,"pct":6.67},"functions":{"total":3,"covered":0,"skipped":0,"pct":0},"statements":{"total":19,"covered":1,"skipped":0,"pct":5.26},"branches":{"total":12,"covered":0,"skipped":0,"pct":0}}
,"/Users/alice/dev/openaq.org/app/assets/scripts/components/map/locations-layer.js": {"lines":{"total":25,"covered":1,"skipped":0,"pct":4},"functions":{"total":5,"covered":0,"skipped":0,"pct":0},"statements":{"total":28,"covered":1,"skipped":0,"pct":3.57},"branches":{"total":18,"covered":0,"skipped":0,"pct":0}}
,"/Users/alice/dev/openaq.org/app/assets/scripts/components/map/locations-source.js": {"lines":{"total":11,"covered":1,"skipped":0,"pct":9.09},"functions":{"total":4,"covered":0,"skipped":0,"pct":0},"statements":{"total":11,"covered":1,"skipped":0,"pct":9.09},"branches":{"total":8,"covered":0,"skipped":0,"pct":0}}
,"/Users/alice/dev/openaq.org/app/assets/scripts/components/map/map-interaction.js": {"lines":{"total":25,"covered":0,"skipped":0,"pct":0},"functions":{"total":7,"covered":0,"skipped":0,"pct":0},"statements":{"total":25,"covered":0,"skipped":0,"pct":0},"branches":{"total":8,"covered":0,"skipped":0,"pct":0}}
,"/Users/alice/dev/openaq.org/app/assets/scripts/components/map/map.js": {"lines":{"total":21,"covered":1,"skipped":0,"pct":4.76},"functions":{"total":5,"covered":0,"skipped":0,"pct":0},"statements":{"total":22,"covered":1,"skipped":0,"pct":4.55},"branches":{"total":13,"covered":0,"skipped":0,"pct":0}}
,"/Users/alice/dev/openaq.org/app/assets/scripts/components/map/measurements-layer.js": {"lines":{"total":28,"covered":1,"skipped":0,"pct":3.57},"functions":{"total":5,"covered":0,"skipped":0,"pct":0},"statements":{"total":30,"covered":1,"skipped":0,"pct":3.33},"branches":{"total":22,"covered":0,"skipped":0,"pct":0}}
,"/Users/alice/dev/openaq.org/app/assets/scripts/components/map/mobile-bounds-layer.js": {"lines":{"total":32,"covered":1,"skipped":0,"pct":3.13},"functions":{"total":9,"covered":0,"skipped":0,"pct":0},"statements":{"total":32,"covered":1,"skipped":0,"pct":3.13},"branches":{"total":24,"covered":0,"skipped":0,"pct":0}}
,"/Users/alice/dev/openaq.org/app/assets/scripts/components/map/mobile-points-layer.js": {"lines":{"total":16,"covered":1,"skipped":0,"pct":6.25},"functions":{"total":7,"covered":0,"skipped":0,"pct":0},"statements":{"total":19,"covered":1,"skipped":0,"pct":5.26},"branches":{"total":14,"covered":0,"skipped":0,"pct":0}}
,"/Users/alice/dev/openaq.org/app/assets/scripts/components/map/mobile-source.js": {"lines":{"total":11,"covered":1,"skipped":0,"pct":9.09},"functions":{"total":4,"covered":0,"skipped":0,"pct":0},"statements":{"total":11,"covered":1,"skipped":0,"pct":9.09},"branches":{"total":8,"covered":0,"skipped":0,"pct":0}}
,"/Users/alice/dev/openaq.org/app/assets/scripts/components/map/node-layer.js": {"lines":{"total":39,"covered":1,"skipped":0,"pct":2.56},"functions":{"total":10,"covered":0,"skipped":0,"pct":0},"statements":{"total":41,"covered":1,"skipped":0,"pct":2.44},"branches":{"total":21,"covered":0,"skipped":0,"pct":0}}
,"/Users/alice/dev/openaq.org/app/assets/scripts/components/map/option-card.js": {"lines":{"total":3,"covered":1,"skipped":0,"pct":33.33},"functions":{"total":2,"covered":0,"skipped":0,"pct":0},"statements":{"total":3,"covered":1,"skipped":0,"pct":33.33},"branches":{"total":0,"covered":0,"skipped":0,"pct":100}}
,"/Users/alice/dev/openaq.org/app/assets/scripts/components/map/popover.js": {"lines":{"total":23,"covered":3,"skipped":0,"pct":13.04},"functions":{"total":12,"covered":0,"skipped":0,"pct":0},"statements":{"total":26,"covered":3,"skipped":0,"pct":11.54},"branches":{"total":39,"covered":0,"skipped":0,"pct":0}}
,"/Users/alice/dev/openaq.org/app/assets/scripts/components/map/symbols.js": {"lines":{"total":23,"covered":2,"skipped":0,"pct":8.7},"functions":{"total":2,"covered":0,"skipped":0,"pct":0},"statements":{"total":27,"covered":2,"skipped":0,"pct":7.41},"branches":{"total":2,"covered":0,"skipped":0,"pct":0}}
,"/Users/alice/dev/openaq.org/app/assets/scripts/components/modal-download/date-selector.js": {"lines":{"total":12,"covered":1,"skipped":0,"pct":8.33},"functions":{"total":7,"covered":0,"skipped":0,"pct":0},"statements":{"total":12,"covered":1,"skipped":0,"pct":8.33},"branches":{"total":2,"covered":0,"skipped":0,"pct":0}}
,"/Users/alice/dev/openaq.org/app/assets/scripts/components/modal-download/download-type-selector.js": {"lines":{"total":7,"covered":3,"skipped":0,"pct":42.86},"functions":{"total":3,"covered":0,"skipped":0,"pct":0},"statements":{"total":7,"covered":3,"skipped":0,"pct":42.86},"branches":{"total":0,"covered":0,"skipped":0,"pct":100}}
,"/Users/alice/dev/openaq.org/app/assets/scripts/components/modal-download/index.js": {"lines":{"total":0,"covered":0,"skipped":0,"pct":0},"functions":{"total":0,"covered":0,"skipped":0,"pct":0},"statements":{"total":0,"covered":0,"skipped":0,"pct":0},"branches":{"total":0,"covered":0,"skipped":0,"pct":0}}
,"/Users/alice/dev/openaq.org/app/assets/scripts/components/modal-download/location-selector.js": {"lines":{"total":23,"covered":1,"skipped":0,"pct":4.35},"functions":{"total":10,"covered":0,"skipped":0,"pct":0},"statements":{"total":23,"covered":1,"skipped":0,"pct":4.35},"branches":{"total":14,"covered":0,"skipped":0,"pct":0}}
,"/Users/alice/dev/openaq.org/app/assets/scripts/components/modal-download/modal-download.js": {"lines":{"total":105,"covered":8,"skipped":0,"pct":7.62},"functions":{"total":31,"covered":0,"skipped":0,"pct":0},"statements":{"total":111,"covered":8,"skipped":0,"pct":7.21},"branches":{"total":95,"covered":0,"skipped":0,"pct":0}}
,"/Users/alice/dev/openaq.org/app/assets/scripts/components/modal-download/options.js": {"lines":{"total":6,"covered":1,"skipped":0,"pct":16.67},"functions":{"total":2,"covered":0,"skipped":0,"pct":0},"statements":{"total":6,"covered":1,"skipped":0,"pct":16.67},"branches":{"total":2,"covered":0,"skipped":0,"pct":0}}
,"/Users/alice/dev/openaq.org/app/assets/scripts/components/modal-download/project-selector.js": {"lines":{"total":9,"covered":1,"skipped":0,"pct":11.11},"functions":{"total":5,"covered":0,"skipped":0,"pct":0},"statements":{"total":9,"covered":1,"skipped":0,"pct":11.11},"branches":{"total":5,"covered":0,"skipped":0,"pct":0}}
,"/Users/alice/dev/openaq.org/app/assets/scripts/context/parameter-context.js": {"lines":{"total":20,"covered":3,"skipped":0,"pct":15},"functions":{"total":13,"covered":0,"skipped":0,"pct":0},"statements":{"total":24,"covered":3,"skipped":0,"pct":12.5},"branches":{"total":2,"covered":0,"skipped":0,"pct":0}}
,"/Users/alice/dev/openaq.org/app/assets/scripts/reducers/base-data.js": {"lines":{"total":19,"covered":7,"skipped":0,"pct":36.84},"functions":{"total":1,"covered":1,"skipped":0,"pct":100},"statements":{"total":19,"covered":7,"skipped":0,"pct":36.84},"branches":{"total":5,"covered":2,"skipped":0,"pct":40}}
,"/Users/alice/dev/openaq.org/app/assets/scripts/reducers/base-stats.js": {"lines":{"total":21,"covered":3,"skipped":0,"pct":14.29},"functions":{"total":1,"covered":1,"skipped":0,"pct":100},"statements":{"total":21,"covered":3,"skipped":0,"pct":14.29},"branches":{"total":8,"covered":1,"skipped":0,"pct":12.5}}
,"/Users/alice/dev/openaq.org/app/assets/scripts/reducers/compare.js": {"lines":{"total":60,"covered":11,"skipped":0,"pct":18.33},"functions":{"total":1,"covered":1,"skipped":0,"pct":100},"statements":{"total":61,"covered":11,"skipped":0,"pct":18.03},"branches":{"total":19,"covered":3,"skipped":0,"pct":15.79}}
,"/Users/alice/dev/openaq.org/app/assets/scripts/reducers/download-modal.js": {"lines":{"total":18,"covered":3,"skipped":0,"pct":16.67},"functions":{"total":1,"covered":1,"skipped":0,"pct":100},"statements":{"total":18,"covered":3,"skipped":0,"pct":16.67},"branches":{"total":13,"covered":1,"skipped":0,"pct":7.69}}
,"/Users/alice/dev/openaq.org/app/assets/scripts/reducers/geolocation.js": {"lines":{"total":18,"covered":3,"skipped":0,"pct":16.67},"functions":{"total":1,"covered":1,"skipped":0,"pct":100},"statements":{"total":18,"covered":3,"skipped":0,"pct":16.67},"branches":{"total":4,"covered":1,"skipped":0,"pct":25}}
,"/Users/alice/dev/openaq.org/app/assets/scripts/reducers/index.js": {"lines":{"total":0,"covered":0,"skipped":0,"pct":0},"functions":{"total":0,"covered":0,"skipped":0,"pct":0},"statements":{"total":0,"covered":0,"skipped":0,"pct":0},"branches":{"total":0,"covered":0,"skipped":0,"pct":0}}
,"/Users/alice/dev/openaq.org/app/assets/scripts/reducers/location.js": {"lines":{"total":16,"covered":3,"skipped":0,"pct":18.75},"functions":{"total":1,"covered":1,"skipped":0,"pct":100},"statements":{"total":16,"covered":3,"skipped":0,"pct":18.75},"branches":{"total":6,"covered":1,"skipped":0,"pct":16.67}}
,"/Users/alice/dev/openaq.org/app/assets/scripts/reducers/locations-by-country.js": {"lines":{"total":16,"covered":3,"skipped":0,"pct":18.75},"functions":{"total":1,"covered":1,"skipped":0,"pct":100},"statements":{"total":16,"covered":3,"skipped":0,"pct":18.75},"branches":{"total":6,"covered":1,"skipped":0,"pct":16.67}}
,"/Users/alice/dev/openaq.org/app/assets/scripts/reducers/locations.js": {"lines":{"total":19,"covered":3,"skipped":0,"pct":15.79},"functions":{"total":1,"covered":1,"skipped":0,"pct":100},"statements":{"total":19,"covered":3,"skipped":0,"pct":15.79},"branches":{"total":6,"covered":1,"skipped":0,"pct":16.67}}
,"/Users/alice/dev/openaq.org/app/assets/scripts/reducers/measurements.js": {"lines":{"total":16,"covered":3,"skipped":0,"pct":18.75},"functions":{"total":1,"covered":1,"skipped":0,"pct":100},"statements":{"total":16,"covered":3,"skipped":0,"pct":18.75},"branches":{"total":6,"covered":1,"skipped":0,"pct":16.67}}
,"/Users/alice/dev/openaq.org/app/assets/scripts/reducers/projects.js": {"lines":{"total":19,"covered":3,"skipped":0,"pct":15.79},"functions":{"total":1,"covered":1,"skipped":0,"pct":100},"statements":{"total":19,"covered":3,"skipped":0,"pct":15.79},"branches":{"total":6,"covered":1,"skipped":0,"pct":16.67}}
,"/Users/alice/dev/openaq.org/app/assets/scripts/reducers/vote-modal.js": {"lines":{"total":6,"covered":3,"skipped":0,"pct":50},"functions":{"total":1,"covered":1,"skipped":0,"pct":100},"statements":{"total":6,"covered":3,"skipped":0,"pct":50},"branches":{"total":2,"covered":1,"skipped":0,"pct":50}}
,"/Users/alice/dev/openaq.org/app/assets/scripts/utils/array.js": {"lines":{"total":6,"covered":0,"skipped":0,"pct":0},"functions":{"total":1,"covered":0,"skipped":0,"pct":0},"statements":{"total":6,"covered":0,"skipped":0,"pct":0},"branches":{"total":2,"covered":0,"skipped":0,"pct":0}}
,"/Users/alice/dev/openaq.org/app/assets/scripts/utils/colors.js": {"lines":{"total":42,"covered":10,"skipped":0,"pct":23.81},"functions":{"total":14,"covered":0,"skipped":0,"pct":0},"statements":{"total":47,"covered":10,"skipped":0,"pct":21.28},"branches":{"total":8,"covered":0,"skipped":0,"pct":0}}
,"/Users/alice/dev/openaq.org/app/assets/scripts/utils/constants.js": {"lines":{"total":2,"covered":2,"skipped":0,"pct":100},"functions":{"total":0,"covered":0,"skipped":0,"pct":100},"statements":{"total":2,"covered":2,"skipped":0,"pct":100},"branches":{"total":0,"covered":0,"skipped":0,"pct":100}}
,"/Users/alice/dev/openaq.org/app/assets/scripts/utils/countries.js": {"lines":{"total":6,"covered":1,"skipped":0,"pct":16.67},"functions":{"total":4,"covered":0,"skipped":0,"pct":0},"statements":{"total":7,"covered":1,"skipped":0,"pct":14.29},"branches":{"total":7,"covered":0,"skipped":0,"pct":0}}
,"/Users/alice/dev/openaq.org/app/assets/scripts/utils/format.js": {"lines":{"total":35,"covered":4,"skipped":0,"pct":11.43},"functions":{"total":8,"covered":1,"skipped":0,"pct":12.5},"statements":{"total":35,"covered":4,"skipped":0,"pct":11.43},"branches":{"total":40,"covered":4,"skipped":0,"pct":10}}
,"/Users/alice/dev/openaq.org/app/assets/scripts/utils/map-settings.js": {"lines":{"total":13,"covered":13,"skipped":0,"pct":100},"functions":{"total":0,"covered":0,"skipped":0,"pct":100},"statements":{"total":13,"covered":13,"skipped":0,"pct":100},"branches":{"total":0,"covered":0,"skipped":0,"pct":100}}
,"/Users/alice/dev/openaq.org/app/assets/scripts/utils/qs-state.js": {"lines":{"total":25,"covered":12,"skipped":0,"pct":48},"functions":{"total":11,"covered":5,"skipped":0,"pct":45.45},"statements":{"total":29,"covered":14,"skipped":0,"pct":48.28},"branches":{"total":17,"covered":6,"skipped":0,"pct":35.29}}
,"/Users/alice/dev/openaq.org/app/assets/scripts/utils/url.js": {"lines":{"total":6,"covered":0,"skipped":0,"pct":0},"functions":{"total":2,"covered":0,"skipped":0,"pct":0},"statements":{"total":6,"covered":0,"skipped":0,"pct":0},"branches":{"total":8,"covered":0,"skipped":0,"pct":0}}
,"/Users/alice/dev/openaq.org/app/assets/scripts/utils/widont.js": {"lines":{"total":4,"covered":4,"skipped":0,"pct":100},"functions":{"total":1,"covered":1,"skipped":0,"pct":100},"statements":{"total":4,"covered":4,"skipped":0,"pct":100},"branches":{"total":1,"covered":1,"skipped":0,"pct":100}}
,"/Users/alice/dev/openaq.org/app/assets/scripts/views/about.js": {"lines":{"total":4,"covered":4,"skipped":0,"pct":100},"functions":{"total":1,"covered":1,"skipped":0,"pct":100},"statements":{"total":4,"covered":4,"skipped":0,"pct":100},"branches":{"total":0,"covered":0,"skipped":0,"pct":100}}
,"/Users/alice/dev/openaq.org/app/assets/scripts/views/app.js": {"lines":{"total":13,"covered":11,"skipped":0,"pct":84.62},"functions":{"total":5,"covered":4,"skipped":0,"pct":80},"statements":{"total":13,"covered":11,"skipped":0,"pct":84.62},"branches":{"total":6,"covered":4,"skipped":0,"pct":66.67}}
,"/Users/alice/dev/openaq.org/app/assets/scripts/views/community-hub.js": {"lines":{"total":6,"covered":6,"skipped":0,"pct":100},"functions":{"total":2,"covered":2,"skipped":0,"pct":100},"statements":{"total":6,"covered":6,"skipped":0,"pct":100},"branches":{"total":2,"covered":1,"skipped":0,"pct":50}}
,"/Users/alice/dev/openaq.org/app/assets/scripts/views/community-projects.js": {"lines":{"total":34,"covered":24,"skipped":0,"pct":70.59},"functions":{"total":13,"covered":10,"skipped":0,"pct":76.92},"statements":{"total":34,"covered":24,"skipped":0,"pct":70.59},"branches":{"total":30,"covered":18,"skipped":0,"pct":60}}
,"/Users/alice/dev/openaq.org/app/assets/scripts/views/community-workshops.js": {"lines":{"total":29,"covered":21,"skipped":0,"pct":72.41},"functions":{"total":11,"covered":8,"skipped":0,"pct":72.73},"statements":{"total":29,"covered":21,"skipped":0,"pct":72.41},"branches":{"total":19,"covered":10,"skipped":0,"pct":52.63}}
,"/Users/alice/dev/openaq.org/app/assets/scripts/views/why.js": {"lines":{"total":3,"covered":2,"skipped":0,"pct":66.67},"functions":{"total":1,"covered":0,"skipped":0,"pct":0},"statements":{"total":3,"covered":2,"skipped":0,"pct":66.67},"branches":{"total":0,"covered":0,"skipped":0,"pct":100}}
,"/Users/alice/dev/openaq.org/app/assets/scripts/views/world-map.js": {"lines":{"total":18,"covered":1,"skipped":0,"pct":5.56},"functions":{"total":6,"covered":0,"skipped":0,"pct":0},"statements":{"total":19,"covered":1,"skipped":0,"pct":5.26},"branches":{"total":12,"covered":0,"skipped":0,"pct":0}}
,"/Users/alice/dev/openaq.org/app/assets/scripts/views/compare/availability-message.js": {"lines":{"total":12,"covered":1,"skipped":0,"pct":8.33},"functions":{"total":5,"covered":0,"skipped":0,"pct":0},"statements":{"total":13,"covered":1,"skipped":0,"pct":7.69},"branches":{"total":7,"covered":0,"skipped":0,"pct":0}}
,"/Users/alice/dev/openaq.org/app/assets/scripts/views/compare/compare-brush-chart.js": {"lines":{"total":28,"covered":1,"skipped":0,"pct":3.57},"functions":{"total":10,"covered":0,"skipped":0,"pct":0},"statements":{"total":32,"covered":1,"skipped":0,"pct":3.13},"branches":{"total":23,"covered":0,"skipped":0,"pct":0}}
,"/Users/alice/dev/openaq.org/app/assets/scripts/views/compare/compare-location-selector.js": {"lines":{"total":30,"covered":4,"skipped":0,"pct":13.33},"functions":{"total":10,"covered":1,"skipped":0,"pct":10},"statements":{"total":30,"covered":4,"skipped":0,"pct":13.33},"branches":{"total":27,"covered":1,"skipped":0,"pct":3.7}}
,"/Users/alice/dev/openaq.org/app/assets/scripts/views/compare/compare-location.js": {"lines":{"total":13,"covered":4,"skipped":0,"pct":30.77},"functions":{"total":3,"covered":1,"skipped":0,"pct":33.33},"statements":{"total":13,"covered":4,"skipped":0,"pct":30.77},"branches":{"total":6,"covered":1,"skipped":0,"pct":16.67}}
,"/Users/alice/dev/openaq.org/app/assets/scripts/views/compare/compare.js": {"lines":{"total":74,"covered":36,"skipped":0,"pct":48.65},"functions":{"total":37,"covered":15,"skipped":0,"pct":40.54},"statements":{"total":82,"covered":39,"skipped":0,"pct":47.56},"branches":{"total":28,"covered":13,"skipped":0,"pct":46.43}}
,"/Users/alice/dev/openaq.org/app/assets/scripts/views/compare/index.js": {"lines":{"total":0,"covered":0,"skipped":0,"pct":0},"functions":{"total":0,"covered":0,"skipped":0,"pct":0},"statements":{"total":0,"covered":0,"skipped":0,"pct":0},"branches":{"total":0,"covered":0,"skipped":0,"pct":0}}
,"/Users/alice/dev/openaq.org/app/assets/scripts/views/compare/parameter-selector.js": {"lines":{"total":7,"covered":1,"skipped":0,"pct":14.29},"functions":{"total":3,"covered":0,"skipped":0,"pct":0},"statements":{"total":7,"covered":1,"skipped":0,"pct":14.29},"branches":{"total":0,"covered":0,"skipped":0,"pct":100}}
,"/Users/alice/dev/openaq.org/app/assets/scripts/views/countries-hub/countries-hub.js": {"lines":{"total":25,"covered":19,"skipped":0,"pct":76},"functions":{"total":16,"covered":11,"skipped":0,"pct":68.75},"statements":{"total":28,"covered":21,"skipped":0,"pct":75},"branches":{"total":16,"covered":14,"skipped":0,"pct":87.5}}
,"/Users/alice/dev/openaq.org/app/assets/scripts/views/countries-hub/index.js": {"lines":{"total":0,"covered":0,"skipped":0,"pct":0},"functions":{"total":0,"covered":0,"skipped":0,"pct":0},"statements":{"total":0,"covered":0,"skipped":0,"pct":0},"branches":{"total":0,"covered":0,"skipped":0,"pct":0}}
,"/Users/alice/dev/openaq.org/app/assets/scripts/views/country/country.js": {"lines":{"total":21,"covered":12,"skipped":0,"pct":57.14},"functions":{"total":13,"covered":5,"skipped":0,"pct":38.46},"statements":{"total":24,"covered":13,"skipped":0,"pct":54.17},"branches":{"total":12,"covered":4,"skipped":0,"pct":33.33}}
,"/Users/alice/dev/openaq.org/app/assets/scripts/views/country/index.js": {"lines":{"total":0,"covered":0,"skipped":0,"pct":0},"functions":{"total":0,"covered":0,"skipped":0,"pct":0},"statements":{"total":0,"covered":0,"skipped":0,"pct":0},"branches":{"total":0,"covered":0,"skipped":0,"pct":0}}
,"/Users/alice/dev/openaq.org/app/assets/scripts/views/country/results.js": {"lines":{"total":52,"covered":3,"skipped":0,"pct":5.77},"functions":{"total":18,"covered":0,"skipped":0,"pct":0},"statements":{"total":57,"covered":3,"skipped":0,"pct":5.26},"branches":{"total":35,"covered":0,"skipped":0,"pct":0}}
,"/Users/alice/dev/openaq.org/app/assets/scripts/views/home/compare-location-card-chart.js": {"lines":{"total":15,"covered":1,"skipped":0,"pct":6.67},"functions":{"total":5,"covered":0,"skipped":0,"pct":0},"statements":{"total":18,"covered":1,"skipped":0,"pct":5.56},"branches":{"total":8,"covered":0,"skipped":0,"pct":0}}
,"/Users/alice/dev/openaq.org/app/assets/scripts/views/home/compare-location-card.js": {"lines":{"total":9,"covered":1,"skipped":0,"pct":11.11},"functions":{"total":1,"covered":0,"skipped":0,"pct":0},"statements":{"total":9,"covered":1,"skipped":0,"pct":11.11},"branches":{"total":16,"covered":0,"skipped":0,"pct":0}}
,"/Users/alice/dev/openaq.org/app/assets/scripts/views/home/home.js": {"lines":{"total":25,"covered":2,"skipped":0,"pct":8},"functions":{"total":12,"covered":0,"skipped":0,"pct":0},"statements":{"total":26,"covered":2,"skipped":0,"pct":7.69},"branches":{"total":2,"covered":0,"skipped":0,"pct":0}}
,"/Users/alice/dev/openaq.org/app/assets/scripts/views/home/index.js": {"lines":{"total":0,"covered":0,"skipped":0,"pct":0},"functions":{"total":0,"covered":0,"skipped":0,"pct":0},"statements":{"total":0,"covered":0,"skipped":0,"pct":0},"branches":{"total":0,"covered":0,"skipped":0,"pct":0}}
,"/Users/alice/dev/openaq.org/app/assets/scripts/views/home/stats-count.js": {"lines":{"total":19,"covered":2,"skipped":0,"pct":10.53},"functions":{"total":10,"covered":0,"skipped":0,"pct":0},"statements":{"total":22,"covered":2,"skipped":0,"pct":9.09},"branches":{"total":16,"covered":0,"skipped":0,"pct":0}}
,"/Users/alice/dev/openaq.org/app/assets/scripts/views/location/index.js": {"lines":{"total":0,"covered":0,"skipped":0,"pct":0},"functions":{"total":0,"covered":0,"skipped":0,"pct":0},"statements":{"total":0,"covered":0,"skipped":0,"pct":0},"branches":{"total":0,"covered":0,"skipped":0,"pct":0}}
,"/Users/alice/dev/openaq.org/app/assets/scripts/views/location/location.js": {"lines":{"total":40,"covered":2,"skipped":0,"pct":5},"functions":{"total":18,"covered":0,"skipped":0,"pct":0},"statements":{"total":44,"covered":2,"skipped":0,"pct":4.55},"branches":{"total":28,"covered":0,"skipped":0,"pct":0}}
,"/Users/alice/dev/openaq.org/app/assets/scripts/views/location/nearby-locations.js": {"lines":{"total":6,"covered":1,"skipped":0,"pct":16.67},"functions":{"total":4,"covered":0,"skipped":0,"pct":0},"statements":{"total":7,"covered":1,"skipped":0,"pct":14.29},"branches":{"total":0,"covered":0,"skipped":0,"pct":100}}
,"/Users/alice/dev/openaq.org/app/assets/scripts/views/locations-hub/index.js": {"lines":{"total":0,"covered":0,"skipped":0,"pct":0},"functions":{"total":0,"covered":0,"skipped":0,"pct":0},"statements":{"total":0,"covered":0,"skipped":0,"pct":0},"branches":{"total":0,"covered":0,"skipped":0,"pct":0}}
,"/Users/alice/dev/openaq.org/app/assets/scripts/views/locations-hub/location-card.js": {"lines":{"total":11,"covered":1,"skipped":0,"pct":9.09},"functions":{"total":7,"covered":0,"skipped":0,"pct":0},"statements":{"total":11,"covered":1,"skipped":0,"pct":9.09},"branches":{"total":17,"covered":0,"skipped":0,"pct":0}}
,"/Users/alice/dev/openaq.org/app/assets/scripts/views/locations-hub/locations-hub.js": {"lines":{"total":43,"covered":3,"skipped":0,"pct":6.98},"functions":{"total":15,"covered":0,"skipped":0,"pct":0},"statements":{"total":45,"covered":3,"skipped":0,"pct":6.67},"branches":{"total":34,"covered":0,"skipped":0,"pct":0}}
,"/Users/alice/dev/openaq.org/app/assets/scripts/views/locations-hub/results.js": {"lines":{"total":13,"covered":1,"skipped":0,"pct":7.69},"functions":{"total":3,"covered":0,"skipped":0,"pct":0},"statements":{"total":13,"covered":1,"skipped":0,"pct":7.69},"branches":{"total":21,"covered":0,"skipped":0,"pct":0}}
,"/Users/alice/dev/openaq.org/app/assets/scripts/views/project/dashboard.js": {"lines":{"total":3,"covered":2,"skipped":0,"pct":66.67},"functions":{"total":1,"covered":0,"skipped":0,"pct":0},"statements":{"total":3,"covered":2,"skipped":0,"pct":66.67},"branches":{"total":10,"covered":0,"skipped":0,"pct":0}}
,"/Users/alice/dev/openaq.org/app/assets/scripts/views/project/index.js": {"lines":{"total":0,"covered":0,"skipped":0,"pct":0},"functions":{"total":0,"covered":0,"skipped":0,"pct":0},"statements":{"total":0,"covered":0,"skipped":0,"pct":0},"branches":{"total":0,"covered":0,"skipped":0,"pct":0}}
,"/Users/alice/dev/openaq.org/app/assets/scripts/views/project/node-locations.js": {"lines":{"total":7,"covered":1,"skipped":0,"pct":14.29},"functions":{"total":3,"covered":0,"skipped":0,"pct":0},"statements":{"total":8,"covered":1,"skipped":0,"pct":12.5},"branches":{"total":2,"covered":0,"skipped":0,"pct":0}}
,"/Users/alice/dev/openaq.org/app/assets/scripts/views/project/nodes-dashboard.js": {"lines":{"total":38,"covered":2,"skipped":0,"pct":5.26},"functions":{"total":13,"covered":0,"skipped":0,"pct":0},"statements":{"total":41,"covered":2,"skipped":0,"pct":4.88},"branches":{"total":42,"covered":0,"skipped":0,"pct":0}}
,"/Users/alice/dev/openaq.org/app/assets/scripts/views/project/project.js": {"lines":{"total":60,"covered":4,"skipped":0,"pct":6.67},"functions":{"total":24,"covered":0,"skipped":0,"pct":0},"statements":{"total":63,"covered":4,"skipped":0,"pct":6.35},"branches":{"total":48,"covered":0,"skipped":0,"pct":0}}
,"/Users/alice/dev/openaq.org/app/assets/scripts/views/projects-hub/index.js": {"lines":{"total":0,"covered":0,"skipped":0,"pct":0},"functions":{"total":0,"covered":0,"skipped":0,"pct":0},"statements":{"total":0,"covered":0,"skipped":0,"pct":0},"branches":{"total":0,"covered":0,"skipped":0,"pct":0}}
,"/Users/alice/dev/openaq.org/app/assets/scripts/views/projects-hub/project-card.js": {"lines":{"total":9,"covered":1,"skipped":0,"pct":11.11},"functions":{"total":5,"covered":0,"skipped":0,"pct":0},"statements":{"total":9,"covered":1,"skipped":0,"pct":11.11},"branches":{"total":10,"covered":0,"skipped":0,"pct":0}}
,"/Users/alice/dev/openaq.org/app/assets/scripts/views/projects-hub/projects-hub.js": {"lines":{"total":40,"covered":3,"skipped":0,"pct":7.5},"functions":{"total":14,"covered":0,"skipped":0,"pct":0},"statements":{"total":40,"covered":3,"skipped":0,"pct":7.5},"branches":{"total":34,"covered":0,"skipped":0,"pct":0}}
,"/Users/alice/dev/openaq.org/app/assets/scripts/views/projects-hub/results.js": {"lines":{"total":13,"covered":1,"skipped":0,"pct":7.69},"functions":{"total":3,"covered":0,"skipped":0,"pct":0},"statements":{"total":13,"covered":1,"skipped":0,"pct":7.69},"branches":{"total":17,"covered":0,"skipped":0,"pct":0}}
}
