{"/Users/alice/dev/openaq.org/app/assets/scripts/config.js": {"path":"/Users/alice/dev/openaq.org/app/assets/scripts/config.js","statementMap":{"0":{"start":{"line":5,"column":11},"end":{"line":5,"column":28}},"1":{"start":{"line":7,"column":0},"end":{"line":23,"column":2}}},"fnMap":{},"branchMap":{},"s":{"0":20,"1":20},"f":{},"b":{},"_coverageSchema":"1a1c01bbd47fc00a2c39e90264f33305004495a9","hash":"f41473e354a59303573f4164aa87c4e0cb30e00c"}
,"/Users/alice/dev/openaq.org/app/assets/scripts/logo.js": {"path":"/Users/alice/dev/openaq.org/app/assets/scripts/logo.js","statementMap":{"0":{"start":{"line":1,"column":11},"end":{"line":22,"column":1}},"1":{"start":{"line":24,"column":13},"end":{"line":24,"column":15}},"2":{"start":{"line":25,"column":0},"end":{"line":44,"column":14}},"3":{"start":{"line":27,"column":4},"end":{"line":38,"column":7}},"4":{"start":{"line":28,"column":6},"end":{"line":37,"column":7}},"5":{"start":{"line":29,"column":8},"end":{"line":29,"column":29}},"6":{"start":{"line":30,"column":8},"end":{"line":30,"column":25}},"7":{"start":{"line":31,"column":13},"end":{"line":37,"column":7}},"8":{"start":{"line":32,"column":8},"end":{"line":32,"column":31}},"9":{"start":{"line":33,"column":8},"end":{"line":33,"column":25}},"10":{"start":{"line":34,"column":13},"end":{"line":37,"column":7}},"11":{"start":{"line":35,"column":8},"end":{"line":35,"column":29}},"12":{"start":{"line":36,"column":8},"end":{"line":36,"column":33}},"13":{"start":{"line":46,"column":0},"end":{"line":50,"column":49}},"14":{"start":{"line":48,"column":4},"end":{"line":48,"column":25}},"15":{"start":{"line":52,"column":0},"end":{"line":52,"column":39}}},"fnMap":{"0":{"name":"(anonymous_0)","decl":{"start":{"line":26,"column":7},"end":{"line":26,"column":8}},"loc":{"start":{"line":26,"column":23},"end":{"line":39,"column":3}},"line":26},"1":{"name":"(anonymous_1)","decl":{"start":{"line":27,"column":47},"end":{"line":27,"column":48}},"loc":{"start":{"line":27,"column":76},"end":{"line":38,"column":5}},"line":27},"2":{"name":"(anonymous_2)","decl":{"start":{"line":47,"column":7},"end":{"line":47,"column":8}},"loc":{"start":{"line":47,"column":20},"end":{"line":49,"column":3}},"line":47}},"branchMap":{"0":{"loc":{"start":{"line":28,"column":6},"end":{"line":37,"column":7}},"type":"if","locations":[{"start":{"line":28,"column":6},"end":{"line":37,"column":7}},{"start":{"line":28,"column":6},"end":{"line":37,"column":7}}],"line":28},"1":{"loc":{"start":{"line":31,"column":13},"end":{"line":37,"column":7}},"type":"if","locations":[{"start":{"line":31,"column":13},"end":{"line":37,"column":7}},{"start":{"line":31,"column":13},"end":{"line":37,"column":7}}],"line":31},"2":{"loc":{"start":{"line":34,"column":13},"end":{"line":37,"column":7}},"type":"if","locations":[{"start":{"line":34,"column":13},"end":{"line":37,"column":7}},{"start":{"line":34,"column":13},"end":{"line":37,"column":7}}],"line":34},"3":{"loc":{"start":{"line":34,"column":17},"end":{"line":34,"column":29}},"type":"binary-expr","locations":[{"start":{"line":34,"column":17},"end":{"line":34,"column":19}},{"start":{"line":34,"column":23},"end":{"line":34,"column":29}}],"line":34},"4":{"loc":{"start":{"line":36,"column":23},"end":{"line":36,"column":31}},"type":"binary-expr","locations":[{"start":{"line":36,"column":23},"end":{"line":36,"column":25}},{"start":{"line":36,"column":29},"end":{"line":36,"column":31}}],"line":36}},"s":{"0":20,"1":20,"2":20,"3":400,"4":3000,"5":360,"6":360,"7":2640,"8":1300,"9":1300,"10":1340,"11":1340,"12":1340,"13":20,"14":3000,"15":20},"f":{"0":400,"1":3000,"2":3000},"b":{"0":[360,2640],"1":[1300,1340],"2":[1340,0],"3":[1340,400],"4":[1340,400]},"_coverageSchema":"1a1c01bbd47fc00a2c39e90264f33305004495a9","hash":"1623bc103880212a76b11206cd5be10d6dff7dff"}
,"/Users/alice/dev/openaq.org/app/assets/scripts/main.js": {"path":"/Users/alice/dev/openaq.org/app/assets/scripts/main.js","statementMap":{"0":{"start":{"line":27,"column":15},"end":{"line":33,"column":2}},"1":{"start":{"line":31,"column":4},"end":{"line":31,"column":49}},"2":{"start":{"line":36,"column":2},"end":{"line":38,"column":13}},"3":{"start":{"line":40,"column":20},"end":{"line":40,"column":60}},"4":{"start":{"line":42,"column":14},"end":{"line":42,"column":69}},"5":{"start":{"line":44,"column":0},"end":{"line":138,"column":2}}},"fnMap":{"0":{"name":"(anonymous_0)","decl":{"start":{"line":30,"column":13},"end":{"line":30,"column":14}},"loc":{"start":{"line":30,"column":19},"end":{"line":32,"column":3}},"line":30}},"branchMap":{"0":{"loc":{"start":{"line":36,"column":2},"end":{"line":38,"column":13}},"type":"cond-expr","locations":[{"start":{"line":37,"column":6},"end":{"line":37,"column":60}},{"start":{"line":38,"column":6},"end":{"line":38,"column":13}}],"line":36},"1":{"loc":{"start":{"line":37,"column":6},"end":{"line":37,"column":60}},"type":"binary-expr","locations":[{"start":{"line":37,"column":6},"end":{"line":37,"column":49}},{"start":{"line":37,"column":53},"end":{"line":37,"column":60}}],"line":37}},"s":{"0":20,"1":12,"2":20,"3":20,"4":20,"5":20},"f":{"0":12},"b":{"0":[20,0],"1":[20,20]},"_coverageSchema":"1a1c01bbd47fc00a2c39e90264f33305004495a9","hash":"d31805cb7f4ed66e7ce3244459fe282558728c18"}
,"/Users/alice/dev/openaq.org/app/assets/scripts/actions/action-creators.js": {"path":"/Users/alice/dev/openaq.org/app/assets/scripts/actions/action-creators.js","statementMap":{"0":{"start":{"line":13,"column":0},"end":{"line":26,"column":2}}},"fnMap":{},"branchMap":{},"s":{"0":20},"f":{},"b":{},"_coverageSchema":"1a1c01bbd47fc00a2c39e90264f33305004495a9","hash":"51a9250cf2b002d94d1709ee12a31e71dc7ca7d8"}
,"/Users/alice/dev/openaq.org/app/assets/scripts/actions/action-types.js": {"path":"/Users/alice/dev/openaq.org/app/assets/scripts/actions/action-types.js","statementMap":{"0":{"start":{"line":1,"column":33},"end":{"line":1,"column":52}},"1":{"start":{"line":2,"column":33},"end":{"line":2,"column":52}},"2":{"start":{"line":4,"column":32},"end":{"line":4,"column":50}},"3":{"start":{"line":5,"column":32},"end":{"line":5,"column":50}},"4":{"start":{"line":6,"column":35},"end":{"line":6,"column":56}},"5":{"start":{"line":7,"column":43},"end":{"line":7,"column":72}},"6":{"start":{"line":9,"column":33},"end":{"line":9,"column":52}},"7":{"start":{"line":10,"column":33},"end":{"line":10,"column":52}},"8":{"start":{"line":11,"column":36},"end":{"line":11,"column":58}},"9":{"start":{"line":12,"column":44},"end":{"line":12,"column":74}},"10":{"start":{"line":14,"column":34},"end":{"line":14,"column":54}},"11":{"start":{"line":15,"column":34},"end":{"line":15,"column":54}},"12":{"start":{"line":17,"column":35},"end":{"line":17,"column":56}},"13":{"start":{"line":18,"column":35},"end":{"line":18,"column":56}},"14":{"start":{"line":19,"column":33},"end":{"line":19,"column":52}},"15":{"start":{"line":21,"column":32},"end":{"line":21,"column":50}},"16":{"start":{"line":22,"column":32},"end":{"line":22,"column":50}},"17":{"start":{"line":24,"column":36},"end":{"line":24,"column":58}},"18":{"start":{"line":25,"column":36},"end":{"line":25,"column":58}},"19":{"start":{"line":27,"column":34},"end":{"line":27,"column":54}},"20":{"start":{"line":28,"column":40},"end":{"line":28,"column":66}},"21":{"start":{"line":29,"column":40},"end":{"line":29,"column":66}},"22":{"start":{"line":30,"column":39},"end":{"line":30,"column":64}},"23":{"start":{"line":32,"column":2},"end":{"line":32,"column":37}},"24":{"start":{"line":34,"column":38},"end":{"line":34,"column":62}},"25":{"start":{"line":35,"column":38},"end":{"line":35,"column":62}},"26":{"start":{"line":37,"column":42},"end":{"line":37,"column":70}},"27":{"start":{"line":38,"column":39},"end":{"line":38,"column":64}},"28":{"start":{"line":39,"column":43},"end":{"line":39,"column":72}},"29":{"start":{"line":42,"column":2},"end":{"line":42,"column":41}},"30":{"start":{"line":44,"column":2},"end":{"line":44,"column":41}},"31":{"start":{"line":46,"column":44},"end":{"line":46,"column":74}},"32":{"start":{"line":47,"column":44},"end":{"line":47,"column":74}},"33":{"start":{"line":49,"column":2},"end":{"line":49,"column":35}},"34":{"start":{"line":51,"column":35},"end":{"line":51,"column":56}},"35":{"start":{"line":52,"column":36},"end":{"line":52,"column":58}},"36":{"start":{"line":54,"column":32},"end":{"line":54,"column":50}}},"fnMap":{},"branchMap":{},"s":{"0":20,"1":20,"2":20,"3":20,"4":20,"5":20,"6":20,"7":20,"8":20,"9":20,"10":20,"11":20,"12":20,"13":20,"14":20,"15":20,"16":20,"17":20,"18":20,"19":20,"20":20,"21":20,"22":20,"23":20,"24":20,"25":20,"26":20,"27":20,"28":20,"29":20,"30":20,"31":20,"32":20,"33":20,"34":20,"35":20,"36":20},"f":{},"b":{},"_coverageSchema":"1a1c01bbd47fc00a2c39e90264f33305004495a9","hash":"13db6b20a5839c6eb2a9aa97923f571d180d93ab"}
,"/Users/alice/dev/openaq.org/app/assets/scripts/actions/base-data.js": {"path":"/Users/alice/dev/openaq.org/app/assets/scripts/actions/base-data.js","statementMap":{"0":{"start":{"line":12,"column":2},"end":{"line":14,"column":4}},"1":{"start":{"line":18,"column":2},"end":{"line":23,"column":4}},"2":{"start":{"line":27,"column":2},"end":{"line":86,"column":4}},"3":{"start":{"line":28,"column":20},"end":{"line":28,"column":39}},"4":{"start":{"line":30,"column":4},"end":{"line":33,"column":5}},"5":{"start":{"line":32,"column":6},"end":{"line":32,"column":13}},"6":{"start":{"line":35,"column":4},"end":{"line":35,"column":32}},"7":{"start":{"line":37,"column":4},"end":{"line":40,"column":5}},"8":{"start":{"line":39,"column":6},"end":{"line":39,"column":53}},"9":{"start":{"line":42,"column":15},"end":{"line":49,"column":5}},"10":{"start":{"line":52,"column":20},"end":{"line":63,"column":10}},"11":{"start":{"line":53,"column":6},"end":{"line":63,"column":10}},"12":{"start":{"line":55,"column":10},"end":{"line":57,"column":11}},"13":{"start":{"line":56,"column":12},"end":{"line":56,"column":44}},"14":{"start":{"line":58,"column":10},"end":{"line":58,"column":33}},"15":{"start":{"line":61,"column":10},"end":{"line":61,"column":36}},"16":{"start":{"line":62,"column":10},"end":{"line":62,"column":22}},"17":{"start":{"line":65,"column":4},"end":{"line":85,"column":6}},"18":{"start":{"line":67,"column":8},"end":{"line":70,"column":10}},"19":{"start":{"line":68,"column":22},"end":{"line":68,"column":35}},"20":{"start":{"line":71,"column":8},"end":{"line":71,"column":72}},"21":{"start":{"line":71,"column":58},"end":{"line":71,"column":70}},"22":{"start":{"line":79,"column":8},"end":{"line":79,"column":40}},"23":{"start":{"line":82,"column":8},"end":{"line":82,"column":42}},"24":{"start":{"line":83,"column":8},"end":{"line":83,"column":69}}},"fnMap":{"0":{"name":"requestBaseData","decl":{"start":{"line":11,"column":9},"end":{"line":11,"column":24}},"loc":{"start":{"line":11,"column":27},"end":{"line":15,"column":1}},"line":11},"1":{"name":"receiveBaseData","decl":{"start":{"line":17,"column":9},"end":{"line":17,"column":24}},"loc":{"start":{"line":17,"column":45},"end":{"line":24,"column":1}},"line":17},"2":{"name":"fetchBaseData","decl":{"start":{"line":26,"column":16},"end":{"line":26,"column":29}},"loc":{"start":{"line":26,"column":32},"end":{"line":87,"column":1}},"line":26},"3":{"name":"(anonymous_3)","decl":{"start":{"line":27,"column":9},"end":{"line":27,"column":10}},"loc":{"start":{"line":27,"column":39},"end":{"line":86,"column":3}},"line":27},"4":{"name":"(anonymous_4)","decl":{"start":{"line":52,"column":20},"end":{"line":52,"column":21}},"loc":{"start":{"line":53,"column":6},"end":{"line":63,"column":10}},"line":53},"5":{"name":"(anonymous_5)","decl":{"start":{"line":54,"column":14},"end":{"line":54,"column":15}},"loc":{"start":{"line":54,"column":26},"end":{"line":59,"column":9}},"line":54},"6":{"name":"(anonymous_6)","decl":{"start":{"line":60,"column":14},"end":{"line":60,"column":15}},"loc":{"start":{"line":60,"column":22},"end":{"line":63,"column":9}},"line":60},"7":{"name":"(anonymous_7)","decl":{"start":{"line":66,"column":32},"end":{"line":66,"column":33}},"loc":{"start":{"line":66,"column":40},"end":{"line":72,"column":7}},"line":66},"8":{"name":"(anonymous_8)","decl":{"start":{"line":68,"column":10},"end":{"line":68,"column":11}},"loc":{"start":{"line":68,"column":22},"end":{"line":68,"column":35}},"line":68},"9":{"name":"(anonymous_9)","decl":{"start":{"line":71,"column":47},"end":{"line":71,"column":48}},"loc":{"start":{"line":71,"column":58},"end":{"line":71,"column":70}},"line":71},"10":{"name":"(anonymous_10)","decl":{"start":{"line":78,"column":6},"end":{"line":78,"column":7}},"loc":{"start":{"line":78,"column":12},"end":{"line":80,"column":7}},"line":78},"11":{"name":"(anonymous_11)","decl":{"start":{"line":81,"column":6},"end":{"line":81,"column":7}},"loc":{"start":{"line":81,"column":11},"end":{"line":84,"column":7}},"line":81}},"branchMap":{"0":{"loc":{"start":{"line":17,"column":31},"end":{"line":17,"column":43}},"type":"default-arg","locations":[{"start":{"line":17,"column":39},"end":{"line":17,"column":43}}],"line":17},"1":{"loc":{"start":{"line":30,"column":4},"end":{"line":33,"column":5}},"type":"if","locations":[{"start":{"line":30,"column":4},"end":{"line":33,"column":5}},{"start":{"line":30,"column":4},"end":{"line":33,"column":5}}],"line":30},"2":{"loc":{"start":{"line":37,"column":4},"end":{"line":40,"column":5}},"type":"if","locations":[{"start":{"line":37,"column":4},"end":{"line":40,"column":5}},{"start":{"line":37,"column":4},"end":{"line":40,"column":5}}],"line":37},"3":{"loc":{"start":{"line":37,"column":8},"end":{"line":37,"column":41}},"type":"binary-expr","locations":[{"start":{"line":37,"column":8},"end":{"line":37,"column":23}},{"start":{"line":37,"column":27},"end":{"line":37,"column":41}}],"line":37},"4":{"loc":{"start":{"line":55,"column":10},"end":{"line":57,"column":11}},"type":"if","locations":[{"start":{"line":55,"column":10},"end":{"line":57,"column":11}},{"start":{"line":55,"column":10},"end":{"line":57,"column":11}}],"line":55}},"s":{"0":3,"1":0,"2":3,"3":3,"4":3,"5":0,"6":3,"7":3,"8":0,"9":3,"10":3,"11":15,"12":8,"13":0,"14":8,"15":8,"16":8,"17":3,"18":2,"19":260,"20":2,"21":260,"22":0,"23":0,"24":0},"f":{"0":3,"1":0,"2":3,"3":3,"4":15,"5":8,"6":8,"7":2,"8":260,"9":260,"10":0,"11":0},"b":{"0":[0],"1":[0,3],"2":[0,3],"3":[3,0],"4":[0,8]},"_coverageSchema":"1a1c01bbd47fc00a2c39e90264f33305004495a9","hash":"c0a76bc8e573aca31182f945fe79611267ea86ae"}
,"/Users/alice/dev/openaq.org/app/assets/scripts/actions/base-stats.js": {"path":"/Users/alice/dev/openaq.org/app/assets/scripts/actions/base-stats.js","statementMap":{"0":{"start":{"line":12,"column":2},"end":{"line":14,"column":4}},"1":{"start":{"line":18,"column":2},"end":{"line":23,"column":4}},"2":{"start":{"line":27,"column":2},"end":{"line":64,"column":4}},"3":{"start":{"line":28,"column":4},"end":{"line":28,"column":33}},"4":{"start":{"line":30,"column":19},"end":{"line":30,"column":20}},"5":{"start":{"line":31,"column":15},"end":{"line":35,"column":5}},"6":{"start":{"line":38,"column":20},"end":{"line":61,"column":5}},"7":{"start":{"line":39,"column":6},"end":{"line":60,"column":10}},"8":{"start":{"line":41,"column":10},"end":{"line":43,"column":11}},"9":{"start":{"line":42,"column":12},"end":{"line":42,"column":44}},"10":{"start":{"line":44,"column":10},"end":{"line":44,"column":33}},"11":{"start":{"line":48,"column":12},"end":{"line":48,"column":41}},"12":{"start":{"line":49,"column":12},"end":{"line":49,"column":45}},"13":{"start":{"line":53,"column":12},"end":{"line":55,"column":13}},"14":{"start":{"line":54,"column":14},"end":{"line":54,"column":21}},"15":{"start":{"line":56,"column":12},"end":{"line":56,"column":26}},"16":{"start":{"line":57,"column":12},"end":{"line":57,"column":32}},"17":{"start":{"line":58,"column":12},"end":{"line":58,"column":74}},"18":{"start":{"line":63,"column":4},"end":{"line":63,"column":25}}},"fnMap":{"0":{"name":"requestBaseStats","decl":{"start":{"line":11,"column":9},"end":{"line":11,"column":25}},"loc":{"start":{"line":11,"column":28},"end":{"line":15,"column":1}},"line":11},"1":{"name":"receiveBaseStats","decl":{"start":{"line":17,"column":9},"end":{"line":17,"column":25}},"loc":{"start":{"line":17,"column":46},"end":{"line":24,"column":1}},"line":17},"2":{"name":"fetchBaseStats","decl":{"start":{"line":26,"column":16},"end":{"line":26,"column":30}},"loc":{"start":{"line":26,"column":33},"end":{"line":65,"column":1}},"line":26},"3":{"name":"(anonymous_3)","decl":{"start":{"line":27,"column":9},"end":{"line":27,"column":10}},"loc":{"start":{"line":27,"column":29},"end":{"line":64,"column":3}},"line":27},"4":{"name":"(anonymous_4)","decl":{"start":{"line":38,"column":20},"end":{"line":38,"column":21}},"loc":{"start":{"line":38,"column":28},"end":{"line":61,"column":5}},"line":38},"5":{"name":"(anonymous_5)","decl":{"start":{"line":40,"column":14},"end":{"line":40,"column":15}},"loc":{"start":{"line":40,"column":26},"end":{"line":45,"column":9}},"line":40},"6":{"name":"(anonymous_6)","decl":{"start":{"line":47,"column":10},"end":{"line":47,"column":11}},"loc":{"start":{"line":47,"column":18},"end":{"line":50,"column":11}},"line":47},"7":{"name":"(anonymous_7)","decl":{"start":{"line":51,"column":10},"end":{"line":51,"column":11}},"loc":{"start":{"line":51,"column":15},"end":{"line":59,"column":11}},"line":51}},"branchMap":{"0":{"loc":{"start":{"line":17,"column":32},"end":{"line":17,"column":44}},"type":"default-arg","locations":[{"start":{"line":17,"column":40},"end":{"line":17,"column":44}}],"line":17},"1":{"loc":{"start":{"line":41,"column":10},"end":{"line":43,"column":11}},"type":"if","locations":[{"start":{"line":41,"column":10},"end":{"line":43,"column":11}},{"start":{"line":41,"column":10},"end":{"line":43,"column":11}}],"line":41},"2":{"loc":{"start":{"line":53,"column":12},"end":{"line":55,"column":13}},"type":"if","locations":[{"start":{"line":53,"column":12},"end":{"line":55,"column":13}},{"start":{"line":53,"column":12},"end":{"line":55,"column":13}}],"line":53}},"s":{"0":0,"1":0,"2":0,"3":0,"4":0,"5":0,"6":0,"7":0,"8":0,"9":0,"10":0,"11":0,"12":0,"13":0,"14":0,"15":0,"16":0,"17":0,"18":0},"f":{"0":0,"1":0,"2":0,"3":0,"4":0,"5":0,"6":0,"7":0},"b":{"0":[0],"1":[0,0],"2":[0,0]},"_coverageSchema":"1a1c01bbd47fc00a2c39e90264f33305004495a9","hash":"4c3b28903566ac5b09c7bfa68221a523acb8f4d4"}
,"/Users/alice/dev/openaq.org/app/assets/scripts/actions/compare.js": {"path":"/Users/alice/dev/openaq.org/app/assets/scripts/actions/compare.js","statementMap":{"0":{"start":{"line":14,"column":2},"end":{"line":16,"column":4}},"1":{"start":{"line":20,"column":2},"end":{"line":23,"column":4}},"2":{"start":{"line":27,"column":2},"end":{"line":33,"column":4}},"3":{"start":{"line":37,"column":2},"end":{"line":43,"column":4}},"4":{"start":{"line":47,"column":2},"end":{"line":85,"column":4}},"5":{"start":{"line":48,"column":4},"end":{"line":48,"column":44}},"6":{"start":{"line":49,"column":4},"end":{"line":58,"column":5}},"7":{"start":{"line":51,"column":20},"end":{"line":51,"column":30}},"8":{"start":{"line":52,"column":16},"end":{"line":52,"column":76}},"9":{"start":{"line":53,"column":6},"end":{"line":55,"column":7}},"10":{"start":{"line":54,"column":8},"end":{"line":54,"column":58}},"11":{"start":{"line":57,"column":6},"end":{"line":57,"column":34}},"12":{"start":{"line":60,"column":14},"end":{"line":60,"column":33}},"13":{"start":{"line":62,"column":4},"end":{"line":84,"column":8}},"14":{"start":{"line":64,"column":8},"end":{"line":66,"column":9}},"15":{"start":{"line":65,"column":10},"end":{"line":65,"column":42}},"16":{"start":{"line":67,"column":8},"end":{"line":67,"column":31}},"17":{"start":{"line":71,"column":10},"end":{"line":75,"column":11}},"18":{"start":{"line":72,"column":12},"end":{"line":74,"column":14}},"19":{"start":{"line":76,"column":10},"end":{"line":76,"column":74}},"20":{"start":{"line":79,"column":10},"end":{"line":79,"column":30}},"21":{"start":{"line":80,"column":10},"end":{"line":82,"column":12}},"22":{"start":{"line":90,"column":2},"end":{"line":121,"column":4}},"23":{"start":{"line":92,"column":4},"end":{"line":94,"column":5}},"24":{"start":{"line":92,"column":21},"end":{"line":92,"column":22}},"25":{"start":{"line":93,"column":6},"end":{"line":93,"column":46}},"26":{"start":{"line":96,"column":14},"end":{"line":101,"column":6}},"27":{"start":{"line":103,"column":4},"end":{"line":120,"column":8}},"28":{"start":{"line":105,"column":8},"end":{"line":107,"column":9}},"29":{"start":{"line":106,"column":10},"end":{"line":106,"column":42}},"30":{"start":{"line":108,"column":8},"end":{"line":108,"column":31}},"31":{"start":{"line":112,"column":10},"end":{"line":112,"column":79}},"32":{"start":{"line":115,"column":10},"end":{"line":115,"column":30}},"33":{"start":{"line":116,"column":10},"end":{"line":118,"column":12}},"34":{"start":{"line":125,"column":2},"end":{"line":128,"column":4}},"35":{"start":{"line":132,"column":2},"end":{"line":134,"column":4}},"36":{"start":{"line":138,"column":2},"end":{"line":140,"column":4}},"37":{"start":{"line":144,"column":2},"end":{"line":147,"column":4}},"38":{"start":{"line":151,"column":2},"end":{"line":154,"column":4}},"39":{"start":{"line":158,"column":2},"end":{"line":161,"column":4}},"40":{"start":{"line":165,"column":2},"end":{"line":168,"column":4}},"41":{"start":{"line":172,"column":2},"end":{"line":178,"column":4}},"42":{"start":{"line":188,"column":2},"end":{"line":240,"column":4}},"43":{"start":{"line":189,"column":4},"end":{"line":189,"column":56}},"44":{"start":{"line":191,"column":15},"end":{"line":191,"column":19}},"45":{"start":{"line":192,"column":16},"end":{"line":192,"column":20}},"46":{"start":{"line":193,"column":20},"end":{"line":237,"column":5}},"47":{"start":{"line":194,"column":15},"end":{"line":203,"column":8}},"48":{"start":{"line":206,"column":6},"end":{"line":236,"column":10}},"49":{"start":{"line":208,"column":10},"end":{"line":210,"column":11}},"50":{"start":{"line":209,"column":12},"end":{"line":209,"column":44}},"51":{"start":{"line":211,"column":10},"end":{"line":211,"column":33}},"52":{"start":{"line":215,"column":12},"end":{"line":219,"column":13}},"53":{"start":{"line":216,"column":14},"end":{"line":216,"column":26}},"54":{"start":{"line":218,"column":14},"end":{"line":218,"column":63}},"55":{"start":{"line":220,"column":12},"end":{"line":224,"column":13}},"56":{"start":{"line":221,"column":14},"end":{"line":221,"column":37}},"57":{"start":{"line":223,"column":14},"end":{"line":223,"column":79}},"58":{"start":{"line":227,"column":12},"end":{"line":227,"column":32}},"59":{"start":{"line":228,"column":12},"end":{"line":234,"column":14}},"60":{"start":{"line":239,"column":4},"end":{"line":239,"column":15}}},"fnMap":{"0":{"name":"invalidateCompare","decl":{"start":{"line":13,"column":16},"end":{"line":13,"column":33}},"loc":{"start":{"line":13,"column":36},"end":{"line":17,"column":1}},"line":13},"1":{"name":"requestCompareLocation","decl":{"start":{"line":19,"column":9},"end":{"line":19,"column":31}},"loc":{"start":{"line":19,"column":39},"end":{"line":24,"column":1}},"line":19},"2":{"name":"receiveCompareLocation","decl":{"start":{"line":26,"column":9},"end":{"line":26,"column":31}},"loc":{"start":{"line":26,"column":59},"end":{"line":34,"column":1}},"line":26},"3":{"name":"receiveMultipleCompareLocation","decl":{"start":{"line":36,"column":9},"end":{"line":36,"column":39}},"loc":{"start":{"line":36,"column":67},"end":{"line":44,"column":1}},"line":36},"4":{"name":"fetchCompareLocationIfNeeded","decl":{"start":{"line":46,"column":16},"end":{"line":46,"column":44}},"loc":{"start":{"line":46,"column":76},"end":{"line":86,"column":1}},"line":46},"5":{"name":"(anonymous_5)","decl":{"start":{"line":47,"column":9},"end":{"line":47,"column":10}},"loc":{"start":{"line":47,"column":39},"end":{"line":85,"column":3}},"line":47},"6":{"name":"(anonymous_6)","decl":{"start":{"line":63,"column":12},"end":{"line":63,"column":13}},"loc":{"start":{"line":63,"column":24},"end":{"line":68,"column":7}},"line":63},"7":{"name":"(anonymous_7)","decl":{"start":{"line":70,"column":8},"end":{"line":70,"column":9}},"loc":{"start":{"line":70,"column":16},"end":{"line":77,"column":9}},"line":70},"8":{"name":"(anonymous_8)","decl":{"start":{"line":78,"column":8},"end":{"line":78,"column":9}},"loc":{"start":{"line":78,"column":13},"end":{"line":83,"column":9}},"line":78},"9":{"name":"fetchRandomCompareLocs","decl":{"start":{"line":89,"column":16},"end":{"line":89,"column":38}},"loc":{"start":{"line":89,"column":50},"end":{"line":122,"column":1}},"line":89},"10":{"name":"(anonymous_10)","decl":{"start":{"line":90,"column":9},"end":{"line":90,"column":10}},"loc":{"start":{"line":90,"column":21},"end":{"line":121,"column":3}},"line":90},"11":{"name":"(anonymous_11)","decl":{"start":{"line":104,"column":12},"end":{"line":104,"column":13}},"loc":{"start":{"line":104,"column":24},"end":{"line":109,"column":7}},"line":104},"12":{"name":"(anonymous_12)","decl":{"start":{"line":111,"column":8},"end":{"line":111,"column":9}},"loc":{"start":{"line":111,"column":16},"end":{"line":113,"column":9}},"line":111},"13":{"name":"(anonymous_13)","decl":{"start":{"line":114,"column":8},"end":{"line":114,"column":9}},"loc":{"start":{"line":114,"column":13},"end":{"line":119,"column":9}},"line":114},"14":{"name":"removeCompareLocation","decl":{"start":{"line":124,"column":16},"end":{"line":124,"column":37}},"loc":{"start":{"line":124,"column":45},"end":{"line":129,"column":1}},"line":124},"15":{"name":"selectCompareOptions","decl":{"start":{"line":131,"column":16},"end":{"line":131,"column":36}},"loc":{"start":{"line":131,"column":39},"end":{"line":135,"column":1}},"line":131},"16":{"name":"cancelCompareOptions","decl":{"start":{"line":137,"column":16},"end":{"line":137,"column":36}},"loc":{"start":{"line":137,"column":39},"end":{"line":141,"column":1}},"line":137},"17":{"name":"selectCompareCountry","decl":{"start":{"line":143,"column":16},"end":{"line":143,"column":36}},"loc":{"start":{"line":143,"column":46},"end":{"line":148,"column":1}},"line":143},"18":{"name":"selectCompareArea","decl":{"start":{"line":150,"column":16},"end":{"line":150,"column":33}},"loc":{"start":{"line":150,"column":40},"end":{"line":155,"column":1}},"line":150},"19":{"name":"selectCompareLocation","decl":{"start":{"line":157,"column":16},"end":{"line":157,"column":37}},"loc":{"start":{"line":157,"column":48},"end":{"line":162,"column":1}},"line":157},"20":{"name":"requestCompareLocationMeasurements","decl":{"start":{"line":164,"column":9},"end":{"line":164,"column":43}},"loc":{"start":{"line":164,"column":51},"end":{"line":169,"column":1}},"line":164},"21":{"name":"receiveCompareLocationMeasurements","decl":{"start":{"line":171,"column":9},"end":{"line":171,"column":43}},"loc":{"start":{"line":171,"column":71},"end":{"line":179,"column":1}},"line":171},"22":{"name":"fetchCompareLocationMeasurements","decl":{"start":{"line":181,"column":16},"end":{"line":181,"column":48}},"loc":{"start":{"line":187,"column":2},"end":{"line":241,"column":1}},"line":187},"23":{"name":"(anonymous_23)","decl":{"start":{"line":188,"column":9},"end":{"line":188,"column":10}},"loc":{"start":{"line":188,"column":29},"end":{"line":240,"column":3}},"line":188},"24":{"name":"(anonymous_24)","decl":{"start":{"line":193,"column":20},"end":{"line":193,"column":21}},"loc":{"start":{"line":193,"column":36},"end":{"line":237,"column":5}},"line":193},"25":{"name":"(anonymous_25)","decl":{"start":{"line":207,"column":14},"end":{"line":207,"column":15}},"loc":{"start":{"line":207,"column":26},"end":{"line":212,"column":9}},"line":207},"26":{"name":"(anonymous_26)","decl":{"start":{"line":214,"column":10},"end":{"line":214,"column":11}},"loc":{"start":{"line":214,"column":18},"end":{"line":225,"column":11}},"line":214},"27":{"name":"(anonymous_27)","decl":{"start":{"line":226,"column":10},"end":{"line":226,"column":11}},"loc":{"start":{"line":226,"column":15},"end":{"line":235,"column":11}},"line":226}},"branchMap":{"0":{"loc":{"start":{"line":26,"column":45},"end":{"line":26,"column":57}},"type":"default-arg","locations":[{"start":{"line":26,"column":53},"end":{"line":26,"column":57}}],"line":26},"1":{"loc":{"start":{"line":36,"column":53},"end":{"line":36,"column":65}},"type":"default-arg","locations":[{"start":{"line":36,"column":61},"end":{"line":36,"column":65}}],"line":36},"2":{"loc":{"start":{"line":46,"column":62},"end":{"line":46,"column":74}},"type":"default-arg","locations":[{"start":{"line":46,"column":72},"end":{"line":46,"column":74}}],"line":46},"3":{"loc":{"start":{"line":49,"column":4},"end":{"line":58,"column":5}},"type":"if","locations":[{"start":{"line":49,"column":4},"end":{"line":58,"column":5}},{"start":{"line":49,"column":4},"end":{"line":58,"column":5}}],"line":49},"4":{"loc":{"start":{"line":53,"column":6},"end":{"line":55,"column":7}},"type":"if","locations":[{"start":{"line":53,"column":6},"end":{"line":55,"column":7}},{"start":{"line":53,"column":6},"end":{"line":55,"column":7}}],"line":53},"5":{"loc":{"start":{"line":64,"column":8},"end":{"line":66,"column":9}},"type":"if","locations":[{"start":{"line":64,"column":8},"end":{"line":66,"column":9}},{"start":{"line":64,"column":8},"end":{"line":66,"column":9}}],"line":64},"6":{"loc":{"start":{"line":71,"column":10},"end":{"line":75,"column":11}},"type":"if","locations":[{"start":{"line":71,"column":10},"end":{"line":75,"column":11}},{"start":{"line":71,"column":10},"end":{"line":75,"column":11}}],"line":71},"7":{"loc":{"start":{"line":89,"column":39},"end":{"line":89,"column":48}},"type":"default-arg","locations":[{"start":{"line":89,"column":47},"end":{"line":89,"column":48}}],"line":89},"8":{"loc":{"start":{"line":105,"column":8},"end":{"line":107,"column":9}},"type":"if","locations":[{"start":{"line":105,"column":8},"end":{"line":107,"column":9}},{"start":{"line":105,"column":8},"end":{"line":107,"column":9}}],"line":105},"9":{"loc":{"start":{"line":171,"column":57},"end":{"line":171,"column":69}},"type":"default-arg","locations":[{"start":{"line":171,"column":65},"end":{"line":171,"column":69}}],"line":171},"10":{"loc":{"start":{"line":208,"column":10},"end":{"line":210,"column":11}},"type":"if","locations":[{"start":{"line":208,"column":10},"end":{"line":210,"column":11}},{"start":{"line":208,"column":10},"end":{"line":210,"column":11}}],"line":208},"11":{"loc":{"start":{"line":215,"column":12},"end":{"line":219,"column":13}},"type":"if","locations":[{"start":{"line":215,"column":12},"end":{"line":219,"column":13}},{"start":{"line":215,"column":12},"end":{"line":219,"column":13}}],"line":215},"12":{"loc":{"start":{"line":220,"column":12},"end":{"line":224,"column":13}},"type":"if","locations":[{"start":{"line":220,"column":12},"end":{"line":224,"column":13}},{"start":{"line":220,"column":12},"end":{"line":224,"column":13}}],"line":220}},"s":{"0":0,"1":1,"2":0,"3":0,"4":1,"5":1,"6":1,"7":1,"8":1,"9":1,"10":0,"11":1,"12":1,"13":1,"14":0,"15":0,"16":0,"17":0,"18":0,"19":0,"20":0,"21":0,"22":0,"23":0,"24":0,"25":0,"26":0,"27":0,"28":0,"29":0,"30":0,"31":0,"32":0,"33":0,"34":8,"35":0,"36":0,"37":0,"38":0,"39":0,"40":0,"41":0,"42":0,"43":0,"44":0,"45":0,"46":0,"47":0,"48":0,"49":0,"50":0,"51":0,"52":0,"53":0,"54":0,"55":0,"56":0,"57":0,"58":0,"59":0,"60":0},"f":{"0":0,"1":1,"2":0,"3":0,"4":1,"5":1,"6":0,"7":0,"8":0,"9":0,"10":0,"11":0,"12":0,"13":0,"14":8,"15":0,"16":0,"17":0,"18":0,"19":0,"20":0,"21":0,"22":0,"23":0,"24":0,"25":0,"26":0,"27":0},"b":{"0":[0],"1":[0],"2":[1],"3":[1,0],"4":[0,1],"5":[0,0],"6":[0,0],"7":[0],"8":[0,0],"9":[0],"10":[0,0],"11":[0,0],"12":[0,0]},"_coverageSchema":"1a1c01bbd47fc00a2c39e90264f33305004495a9","hash":"c289435006082c4cb9ba17bb41b7c1192378a187"}
,"/Users/alice/dev/openaq.org/app/assets/scripts/actions/download-modal.js": {"path":"/Users/alice/dev/openaq.org/app/assets/scripts/actions/download-modal.js","statementMap":{"0":{"start":{"line":8,"column":2},"end":{"line":10,"column":4}},"1":{"start":{"line":14,"column":2},"end":{"line":17,"column":4}}},"fnMap":{"0":{"name":"closeDownloadModal","decl":{"start":{"line":7,"column":16},"end":{"line":7,"column":34}},"loc":{"start":{"line":7,"column":37},"end":{"line":11,"column":1}},"line":7},"1":{"name":"openDownloadModal","decl":{"start":{"line":13,"column":16},"end":{"line":13,"column":33}},"loc":{"start":{"line":13,"column":43},"end":{"line":18,"column":1}},"line":13}},"branchMap":{},"s":{"0":0,"1":0},"f":{"0":0,"1":0},"b":{},"_coverageSchema":"1a1c01bbd47fc00a2c39e90264f33305004495a9","hash":"5855aa707745ecf490e0888aaffa122446a3bbad"}
,"/Users/alice/dev/openaq.org/app/assets/scripts/actions/geolocation.js": {"path":"/Users/alice/dev/openaq.org/app/assets/scripts/actions/geolocation.js","statementMap":{"0":{"start":{"line":8,"column":2},"end":{"line":10,"column":4}},"1":{"start":{"line":14,"column":2},"end":{"line":18,"column":4}},"2":{"start":{"line":22,"column":2},"end":{"line":26,"column":4}},"3":{"start":{"line":30,"column":2},"end":{"line":52,"column":4}},"4":{"start":{"line":31,"column":4},"end":{"line":31,"column":35}},"5":{"start":{"line":33,"column":4},"end":{"line":51,"column":5}},"6":{"start":{"line":34,"column":25},"end":{"line":37,"column":7}},"7":{"start":{"line":35,"column":14},"end":{"line":35,"column":59}},"8":{"start":{"line":39,"column":6},"end":{"line":48,"column":8}},"9":{"start":{"line":41,"column":10},"end":{"line":41,"column":37}},"10":{"start":{"line":42,"column":10},"end":{"line":42,"column":63}},"11":{"start":{"line":45,"column":10},"end":{"line":45,"column":37}},"12":{"start":{"line":46,"column":10},"end":{"line":46,"column":55}},"13":{"start":{"line":50,"column":6},"end":{"line":50,"column":69}}},"fnMap":{"0":{"name":"geolocationRequest","decl":{"start":{"line":7,"column":9},"end":{"line":7,"column":27}},"loc":{"start":{"line":7,"column":30},"end":{"line":11,"column":1}},"line":7},"1":{"name":"geolocationAcquire","decl":{"start":{"line":13,"column":9},"end":{"line":13,"column":27}},"loc":{"start":{"line":13,"column":36},"end":{"line":19,"column":1}},"line":13},"2":{"name":"geolocationError","decl":{"start":{"line":21,"column":9},"end":{"line":21,"column":25}},"loc":{"start":{"line":21,"column":33},"end":{"line":27,"column":1}},"line":21},"3":{"name":"geolocateUser","decl":{"start":{"line":29,"column":16},"end":{"line":29,"column":29}},"loc":{"start":{"line":29,"column":32},"end":{"line":53,"column":1}},"line":29},"4":{"name":"(anonymous_4)","decl":{"start":{"line":30,"column":9},"end":{"line":30,"column":10}},"loc":{"start":{"line":30,"column":29},"end":{"line":52,"column":3}},"line":30},"5":{"name":"(anonymous_5)","decl":{"start":{"line":35,"column":8},"end":{"line":35,"column":9}},"loc":{"start":{"line":35,"column":14},"end":{"line":35,"column":59}},"line":35},"6":{"name":"(anonymous_6)","decl":{"start":{"line":40,"column":8},"end":{"line":40,"column":9}},"loc":{"start":{"line":40,"column":20},"end":{"line":43,"column":9}},"line":40},"7":{"name":"(anonymous_7)","decl":{"start":{"line":44,"column":8},"end":{"line":44,"column":9}},"loc":{"start":{"line":44,"column":13},"end":{"line":47,"column":9}},"line":44}},"branchMap":{"0":{"loc":{"start":{"line":33,"column":4},"end":{"line":51,"column":5}},"type":"if","locations":[{"start":{"line":33,"column":4},"end":{"line":51,"column":5}},{"start":{"line":33,"column":4},"end":{"line":51,"column":5}}],"line":33}},"s":{"0":0,"1":0,"2":0,"3":0,"4":0,"5":0,"6":0,"7":0,"8":0,"9":0,"10":0,"11":0,"12":0,"13":0},"f":{"0":0,"1":0,"2":0,"3":0,"4":0,"5":0,"6":0,"7":0},"b":{"0":[0,0]},"_coverageSchema":"1a1c01bbd47fc00a2c39e90264f33305004495a9","hash":"67eb766cb7bb52b784d0a5366116d00c9e3e181e"}
,"/Users/alice/dev/openaq.org/app/assets/scripts/actions/location.js": {"path":"/Users/alice/dev/openaq.org/app/assets/scripts/actions/location.js","statementMap":{"0":{"start":{"line":11,"column":2},"end":{"line":13,"column":4}},"1":{"start":{"line":17,"column":2},"end":{"line":22,"column":4}},"2":{"start":{"line":26,"column":2},"end":{"line":58,"column":4}},"3":{"start":{"line":27,"column":4},"end":{"line":27,"column":32}},"4":{"start":{"line":30,"column":16},"end":{"line":30,"column":26}},"5":{"start":{"line":31,"column":12},"end":{"line":31,"column":72}},"6":{"start":{"line":32,"column":4},"end":{"line":34,"column":5}},"7":{"start":{"line":33,"column":6},"end":{"line":33,"column":42}},"8":{"start":{"line":35,"column":4},"end":{"line":57,"column":8}},"9":{"start":{"line":41,"column":8},"end":{"line":43,"column":9}},"10":{"start":{"line":42,"column":10},"end":{"line":42,"column":42}},"11":{"start":{"line":44,"column":8},"end":{"line":44,"column":31}},"12":{"start":{"line":51,"column":10},"end":{"line":51,"column":53}},"13":{"start":{"line":54,"column":10},"end":{"line":54,"column":30}},"14":{"start":{"line":55,"column":10},"end":{"line":55,"column":71}},"15":{"start":{"line":62,"column":2},"end":{"line":64,"column":4}},"16":{"start":{"line":68,"column":2},"end":{"line":70,"column":4}}},"fnMap":{"0":{"name":"requestLocation","decl":{"start":{"line":10,"column":9},"end":{"line":10,"column":24}},"loc":{"start":{"line":10,"column":27},"end":{"line":14,"column":1}},"line":10},"1":{"name":"receiveLocation","decl":{"start":{"line":16,"column":9},"end":{"line":16,"column":24}},"loc":{"start":{"line":16,"column":45},"end":{"line":23,"column":1}},"line":16},"2":{"name":"fetchLocationIfNeeded","decl":{"start":{"line":25,"column":16},"end":{"line":25,"column":37}},"loc":{"start":{"line":25,"column":48},"end":{"line":59,"column":1}},"line":25},"3":{"name":"(anonymous_3)","decl":{"start":{"line":26,"column":9},"end":{"line":26,"column":10}},"loc":{"start":{"line":26,"column":39},"end":{"line":58,"column":3}},"line":26},"4":{"name":"(anonymous_4)","decl":{"start":{"line":40,"column":12},"end":{"line":40,"column":13}},"loc":{"start":{"line":40,"column":24},"end":{"line":45,"column":7}},"line":40},"5":{"name":"(anonymous_5)","decl":{"start":{"line":47,"column":8},"end":{"line":47,"column":9}},"loc":{"start":{"line":47,"column":16},"end":{"line":52,"column":9}},"line":47},"6":{"name":"(anonymous_6)","decl":{"start":{"line":53,"column":8},"end":{"line":53,"column":9}},"loc":{"start":{"line":53,"column":13},"end":{"line":56,"column":9}},"line":53},"7":{"name":"invalidateLocations","decl":{"start":{"line":61,"column":16},"end":{"line":61,"column":35}},"loc":{"start":{"line":61,"column":38},"end":{"line":65,"column":1}},"line":61},"8":{"name":"invalidateAllLocationData","decl":{"start":{"line":67,"column":16},"end":{"line":67,"column":41}},"loc":{"start":{"line":67,"column":44},"end":{"line":71,"column":1}},"line":67}},"branchMap":{"0":{"loc":{"start":{"line":16,"column":31},"end":{"line":16,"column":43}},"type":"default-arg","locations":[{"start":{"line":16,"column":39},"end":{"line":16,"column":43}}],"line":16},"1":{"loc":{"start":{"line":32,"column":4},"end":{"line":34,"column":5}},"type":"if","locations":[{"start":{"line":32,"column":4},"end":{"line":34,"column":5}},{"start":{"line":32,"column":4},"end":{"line":34,"column":5}}],"line":32},"2":{"loc":{"start":{"line":41,"column":8},"end":{"line":43,"column":9}},"type":"if","locations":[{"start":{"line":41,"column":8},"end":{"line":43,"column":9}},{"start":{"line":41,"column":8},"end":{"line":43,"column":9}}],"line":41}},"s":{"0":0,"1":0,"2":0,"3":0,"4":0,"5":0,"6":0,"7":0,"8":0,"9":0,"10":0,"11":0,"12":0,"13":0,"14":0,"15":0,"16":0},"f":{"0":0,"1":0,"2":0,"3":0,"4":0,"5":0,"6":0,"7":0,"8":0},"b":{"0":[0],"1":[0,0],"2":[0,0]},"_coverageSchema":"1a1c01bbd47fc00a2c39e90264f33305004495a9","hash":"733e793c2533636363d5efa119eef564946a11fd"}
,"/Users/alice/dev/openaq.org/app/assets/scripts/actions/locations-by-country.js": {"path":"/Users/alice/dev/openaq.org/app/assets/scripts/actions/locations-by-country.js","statementMap":{"0":{"start":{"line":11,"column":2},"end":{"line":13,"column":4}},"1":{"start":{"line":17,"column":2},"end":{"line":22,"column":4}},"2":{"start":{"line":26,"column":2},"end":{"line":54,"column":4}},"3":{"start":{"line":27,"column":4},"end":{"line":27,"column":42}},"4":{"start":{"line":29,"column":16},"end":{"line":29,"column":21}},"5":{"start":{"line":30,"column":4},"end":{"line":30,"column":30}},"6":{"start":{"line":31,"column":12},"end":{"line":31,"column":52}},"7":{"start":{"line":33,"column":4},"end":{"line":53,"column":8}},"8":{"start":{"line":35,"column":8},"end":{"line":37,"column":9}},"9":{"start":{"line":36,"column":10},"end":{"line":36,"column":42}},"10":{"start":{"line":38,"column":8},"end":{"line":38,"column":31}},"11":{"start":{"line":45,"column":10},"end":{"line":45,"column":52}},"12":{"start":{"line":48,"column":10},"end":{"line":48,"column":30}},"13":{"start":{"line":49,"column":10},"end":{"line":51,"column":12}},"14":{"start":{"line":58,"column":2},"end":{"line":60,"column":4}}},"fnMap":{"0":{"name":"requestLocationsByCountry","decl":{"start":{"line":10,"column":9},"end":{"line":10,"column":34}},"loc":{"start":{"line":10,"column":37},"end":{"line":14,"column":1}},"line":10},"1":{"name":"receiveLocationsByCountry","decl":{"start":{"line":16,"column":9},"end":{"line":16,"column":34}},"loc":{"start":{"line":16,"column":55},"end":{"line":23,"column":1}},"line":16},"2":{"name":"fetchLocationsByCountry","decl":{"start":{"line":25,"column":16},"end":{"line":25,"column":39}},"loc":{"start":{"line":25,"column":63},"end":{"line":55,"column":1}},"line":25},"3":{"name":"(anonymous_3)","decl":{"start":{"line":26,"column":9},"end":{"line":26,"column":10}},"loc":{"start":{"line":26,"column":29},"end":{"line":54,"column":3}},"line":26},"4":{"name":"(anonymous_4)","decl":{"start":{"line":34,"column":12},"end":{"line":34,"column":13}},"loc":{"start":{"line":34,"column":24},"end":{"line":39,"column":7}},"line":34},"5":{"name":"(anonymous_5)","decl":{"start":{"line":41,"column":8},"end":{"line":41,"column":9}},"loc":{"start":{"line":41,"column":16},"end":{"line":46,"column":9}},"line":41},"6":{"name":"(anonymous_6)","decl":{"start":{"line":47,"column":8},"end":{"line":47,"column":9}},"loc":{"start":{"line":47,"column":13},"end":{"line":52,"column":9}},"line":47},"7":{"name":"invalidateLocationsByCountry","decl":{"start":{"line":57,"column":16},"end":{"line":57,"column":44}},"loc":{"start":{"line":57,"column":47},"end":{"line":61,"column":1}},"line":57}},"branchMap":{"0":{"loc":{"start":{"line":16,"column":41},"end":{"line":16,"column":53}},"type":"default-arg","locations":[{"start":{"line":16,"column":49},"end":{"line":16,"column":53}}],"line":16},"1":{"loc":{"start":{"line":25,"column":49},"end":{"line":25,"column":61}},"type":"default-arg","locations":[{"start":{"line":25,"column":59},"end":{"line":25,"column":61}}],"line":25},"2":{"loc":{"start":{"line":35,"column":8},"end":{"line":37,"column":9}},"type":"if","locations":[{"start":{"line":35,"column":8},"end":{"line":37,"column":9}},{"start":{"line":35,"column":8},"end":{"line":37,"column":9}}],"line":35}},"s":{"0":0,"1":0,"2":0,"3":0,"4":0,"5":0,"6":0,"7":0,"8":0,"9":0,"10":0,"11":0,"12":0,"13":0,"14":0},"f":{"0":0,"1":0,"2":0,"3":0,"4":0,"5":0,"6":0,"7":0},"b":{"0":[0],"1":[0],"2":[0,0]},"_coverageSchema":"1a1c01bbd47fc00a2c39e90264f33305004495a9","hash":"19a535fac13b441ea730eaf980881af9797bf3ee"}
,"/Users/alice/dev/openaq.org/app/assets/scripts/actions/locations.js": {"path":"/Users/alice/dev/openaq.org/app/assets/scripts/actions/locations.js","statementMap":{"0":{"start":{"line":11,"column":2},"end":{"line":13,"column":4}},"1":{"start":{"line":17,"column":2},"end":{"line":22,"column":4}},"2":{"start":{"line":26,"column":2},"end":{"line":52,"column":4}},"3":{"start":{"line":27,"column":4},"end":{"line":27,"column":33}},"4":{"start":{"line":29,"column":12},"end":{"line":29,"column":58}},"5":{"start":{"line":31,"column":4},"end":{"line":51,"column":8}},"6":{"start":{"line":35,"column":8},"end":{"line":37,"column":9}},"7":{"start":{"line":36,"column":10},"end":{"line":36,"column":42}},"8":{"start":{"line":38,"column":8},"end":{"line":38,"column":31}},"9":{"start":{"line":45,"column":10},"end":{"line":45,"column":50}},"10":{"start":{"line":48,"column":10},"end":{"line":48,"column":30}},"11":{"start":{"line":49,"column":10},"end":{"line":49,"column":72}},"12":{"start":{"line":56,"column":2},"end":{"line":58,"column":4}},"13":{"start":{"line":62,"column":2},"end":{"line":64,"column":4}}},"fnMap":{"0":{"name":"requestLocations","decl":{"start":{"line":10,"column":9},"end":{"line":10,"column":25}},"loc":{"start":{"line":10,"column":28},"end":{"line":14,"column":1}},"line":10},"1":{"name":"receiveLocations","decl":{"start":{"line":16,"column":9},"end":{"line":16,"column":25}},"loc":{"start":{"line":16,"column":46},"end":{"line":23,"column":1}},"line":16},"2":{"name":"fetchLocations","decl":{"start":{"line":25,"column":16},"end":{"line":25,"column":30}},"loc":{"start":{"line":25,"column":62},"end":{"line":53,"column":1}},"line":25},"3":{"name":"(anonymous_3)","decl":{"start":{"line":26,"column":9},"end":{"line":26,"column":10}},"loc":{"start":{"line":26,"column":29},"end":{"line":52,"column":3}},"line":26},"4":{"name":"(anonymous_4)","decl":{"start":{"line":34,"column":12},"end":{"line":34,"column":13}},"loc":{"start":{"line":34,"column":24},"end":{"line":39,"column":7}},"line":34},"5":{"name":"(anonymous_5)","decl":{"start":{"line":41,"column":8},"end":{"line":41,"column":9}},"loc":{"start":{"line":41,"column":16},"end":{"line":46,"column":9}},"line":41},"6":{"name":"(anonymous_6)","decl":{"start":{"line":47,"column":8},"end":{"line":47,"column":9}},"loc":{"start":{"line":47,"column":13},"end":{"line":50,"column":9}},"line":47},"7":{"name":"invalidateLocations","decl":{"start":{"line":55,"column":16},"end":{"line":55,"column":35}},"loc":{"start":{"line":55,"column":38},"end":{"line":59,"column":1}},"line":55},"8":{"name":"invalidateAllLocationData","decl":{"start":{"line":61,"column":16},"end":{"line":61,"column":41}},"loc":{"start":{"line":61,"column":44},"end":{"line":65,"column":1}},"line":61}},"branchMap":{"0":{"loc":{"start":{"line":16,"column":32},"end":{"line":16,"column":44}},"type":"default-arg","locations":[{"start":{"line":16,"column":40},"end":{"line":16,"column":44}}],"line":16},"1":{"loc":{"start":{"line":25,"column":31},"end":{"line":25,"column":39}},"type":"default-arg","locations":[{"start":{"line":25,"column":38},"end":{"line":25,"column":39}}],"line":25},"2":{"loc":{"start":{"line":25,"column":50},"end":{"line":25,"column":60}},"type":"default-arg","locations":[{"start":{"line":25,"column":58},"end":{"line":25,"column":60}}],"line":25},"3":{"loc":{"start":{"line":35,"column":8},"end":{"line":37,"column":9}},"type":"if","locations":[{"start":{"line":35,"column":8},"end":{"line":37,"column":9}},{"start":{"line":35,"column":8},"end":{"line":37,"column":9}}],"line":35}},"s":{"0":0,"1":0,"2":0,"3":0,"4":0,"5":0,"6":0,"7":0,"8":0,"9":0,"10":0,"11":0,"12":0,"13":0},"f":{"0":0,"1":0,"2":0,"3":0,"4":0,"5":0,"6":0,"7":0,"8":0},"b":{"0":[0],"1":[0],"2":[0],"3":[0,0]},"_coverageSchema":"1a1c01bbd47fc00a2c39e90264f33305004495a9","hash":"c630d4ba9937cf5784b7e7f7116ffebb5ad919a9"}
,"/Users/alice/dev/openaq.org/app/assets/scripts/actions/measurements.js": {"path":"/Users/alice/dev/openaq.org/app/assets/scripts/actions/measurements.js","statementMap":{"0":{"start":{"line":10,"column":2},"end":{"line":12,"column":4}},"1":{"start":{"line":16,"column":2},"end":{"line":21,"column":4}},"2":{"start":{"line":25,"column":2},"end":{"line":100,"column":4}},"3":{"start":{"line":26,"column":4},"end":{"line":26,"column":36}},"4":{"start":{"line":28,"column":15},"end":{"line":28,"column":19}},"5":{"start":{"line":29,"column":16},"end":{"line":29,"column":20}},"6":{"start":{"line":35,"column":28},"end":{"line":35,"column":29}},"7":{"start":{"line":37,"column":4},"end":{"line":59,"column":8}},"8":{"start":{"line":43,"column":8},"end":{"line":45,"column":9}},"9":{"start":{"line":44,"column":10},"end":{"line":44,"column":42}},"10":{"start":{"line":46,"column":8},"end":{"line":46,"column":31}},"11":{"start":{"line":50,"column":10},"end":{"line":50,"column":46}},"12":{"start":{"line":51,"column":10},"end":{"line":52,"column":73}},"13":{"start":{"line":53,"column":10},"end":{"line":53,"column":21}},"14":{"start":{"line":56,"column":10},"end":{"line":56,"column":30}},"15":{"start":{"line":57,"column":10},"end":{"line":57,"column":75}},"16":{"start":{"line":61,"column":20},"end":{"line":99,"column":5}},"17":{"start":{"line":62,"column":15},"end":{"line":68,"column":8}},"18":{"start":{"line":72,"column":6},"end":{"line":98,"column":10}},"19":{"start":{"line":74,"column":10},"end":{"line":76,"column":11}},"20":{"start":{"line":75,"column":12},"end":{"line":75,"column":44}},"21":{"start":{"line":77,"column":10},"end":{"line":77,"column":33}},"22":{"start":{"line":81,"column":12},"end":{"line":85,"column":13}},"23":{"start":{"line":82,"column":14},"end":{"line":82,"column":26}},"24":{"start":{"line":84,"column":14},"end":{"line":84,"column":63}},"25":{"start":{"line":86,"column":12},"end":{"line":92,"column":13}},"26":{"start":{"line":87,"column":14},"end":{"line":87,"column":37}},"27":{"start":{"line":89,"column":14},"end":{"line":89,"column":62}},"28":{"start":{"line":90,"column":14},"end":{"line":90,"column":45}},"29":{"start":{"line":91,"column":14},"end":{"line":91,"column":57}},"30":{"start":{"line":95,"column":12},"end":{"line":95,"column":32}},"31":{"start":{"line":96,"column":12},"end":{"line":96,"column":77}}},"fnMap":{"0":{"name":"requestMeasurements","decl":{"start":{"line":9,"column":9},"end":{"line":9,"column":28}},"loc":{"start":{"line":9,"column":31},"end":{"line":13,"column":1}},"line":9},"1":{"name":"receiveMeasurements","decl":{"start":{"line":15,"column":9},"end":{"line":15,"column":28}},"loc":{"start":{"line":15,"column":49},"end":{"line":22,"column":1}},"line":15},"2":{"name":"fetchMeasurements","decl":{"start":{"line":24,"column":16},"end":{"line":24,"column":33}},"loc":{"start":{"line":24,"column":64},"end":{"line":101,"column":1}},"line":24},"3":{"name":"(anonymous_3)","decl":{"start":{"line":25,"column":9},"end":{"line":25,"column":10}},"loc":{"start":{"line":25,"column":29},"end":{"line":100,"column":3}},"line":25},"4":{"name":"(anonymous_4)","decl":{"start":{"line":42,"column":12},"end":{"line":42,"column":13}},"loc":{"start":{"line":42,"column":24},"end":{"line":47,"column":7}},"line":42},"5":{"name":"(anonymous_5)","decl":{"start":{"line":49,"column":8},"end":{"line":49,"column":9}},"loc":{"start":{"line":49,"column":16},"end":{"line":54,"column":9}},"line":49},"6":{"name":"(anonymous_6)","decl":{"start":{"line":55,"column":8},"end":{"line":55,"column":9}},"loc":{"start":{"line":55,"column":13},"end":{"line":58,"column":9}},"line":55},"7":{"name":"(anonymous_7)","decl":{"start":{"line":61,"column":20},"end":{"line":61,"column":21}},"loc":{"start":{"line":61,"column":36},"end":{"line":99,"column":5}},"line":61},"8":{"name":"(anonymous_8)","decl":{"start":{"line":73,"column":14},"end":{"line":73,"column":15}},"loc":{"start":{"line":73,"column":26},"end":{"line":78,"column":9}},"line":73},"9":{"name":"(anonymous_9)","decl":{"start":{"line":80,"column":10},"end":{"line":80,"column":11}},"loc":{"start":{"line":80,"column":18},"end":{"line":93,"column":11}},"line":80},"10":{"name":"(anonymous_10)","decl":{"start":{"line":94,"column":10},"end":{"line":94,"column":11}},"loc":{"start":{"line":94,"column":15},"end":{"line":97,"column":11}},"line":94}},"branchMap":{"0":{"loc":{"start":{"line":15,"column":35},"end":{"line":15,"column":47}},"type":"default-arg","locations":[{"start":{"line":15,"column":43},"end":{"line":15,"column":47}}],"line":15},"1":{"loc":{"start":{"line":43,"column":8},"end":{"line":45,"column":9}},"type":"if","locations":[{"start":{"line":43,"column":8},"end":{"line":45,"column":9}},{"start":{"line":43,"column":8},"end":{"line":45,"column":9}}],"line":43},"2":{"loc":{"start":{"line":52,"column":12},"end":{"line":52,"column":72}},"type":"cond-expr","locations":[{"start":{"line":52,"column":38},"end":{"line":52,"column":65}},{"start":{"line":52,"column":68},"end":{"line":52,"column":72}}],"line":52},"3":{"loc":{"start":{"line":74,"column":10},"end":{"line":76,"column":11}},"type":"if","locations":[{"start":{"line":74,"column":10},"end":{"line":76,"column":11}},{"start":{"line":74,"column":10},"end":{"line":76,"column":11}}],"line":74},"4":{"loc":{"start":{"line":81,"column":12},"end":{"line":85,"column":13}},"type":"if","locations":[{"start":{"line":81,"column":12},"end":{"line":85,"column":13}},{"start":{"line":81,"column":12},"end":{"line":85,"column":13}}],"line":81},"5":{"loc":{"start":{"line":86,"column":12},"end":{"line":92,"column":13}},"type":"if","locations":[{"start":{"line":86,"column":12},"end":{"line":92,"column":13}},{"start":{"line":86,"column":12},"end":{"line":92,"column":13}}],"line":86}},"s":{"0":0,"1":0,"2":0,"3":0,"4":0,"5":0,"6":0,"7":0,"8":0,"9":0,"10":0,"11":0,"12":0,"13":0,"14":0,"15":0,"16":0,"17":0,"18":0,"19":0,"20":0,"21":0,"22":0,"23":0,"24":0,"25":0,"26":0,"27":0,"28":0,"29":0,"30":0,"31":0},"f":{"0":0,"1":0,"2":0,"3":0,"4":0,"5":0,"6":0,"7":0,"8":0,"9":0,"10":0},"b":{"0":[0],"1":[0,0],"2":[0,0],"3":[0,0],"4":[0,0],"5":[0,0]},"_coverageSchema":"1a1c01bbd47fc00a2c39e90264f33305004495a9","hash":"80142964db3f5affbd8c81e572eca9b93f095e46"}
,"/Users/alice/dev/openaq.org/app/assets/scripts/actions/projects.js": {"path":"/Users/alice/dev/openaq.org/app/assets/scripts/actions/projects.js","statementMap":{"0":{"start":{"line":11,"column":2},"end":{"line":13,"column":4}},"1":{"start":{"line":17,"column":2},"end":{"line":22,"column":4}},"2":{"start":{"line":26,"column":2},"end":{"line":52,"column":4}},"3":{"start":{"line":27,"column":4},"end":{"line":27,"column":32}},"4":{"start":{"line":29,"column":12},"end":{"line":29,"column":58}},"5":{"start":{"line":31,"column":4},"end":{"line":51,"column":8}},"6":{"start":{"line":35,"column":8},"end":{"line":37,"column":9}},"7":{"start":{"line":36,"column":10},"end":{"line":36,"column":42}},"8":{"start":{"line":38,"column":8},"end":{"line":38,"column":31}},"9":{"start":{"line":45,"column":10},"end":{"line":45,"column":42}},"10":{"start":{"line":48,"column":10},"end":{"line":48,"column":30}},"11":{"start":{"line":49,"column":10},"end":{"line":49,"column":71}},"12":{"start":{"line":56,"column":2},"end":{"line":58,"column":4}},"13":{"start":{"line":62,"column":2},"end":{"line":64,"column":4}}},"fnMap":{"0":{"name":"requestProjects","decl":{"start":{"line":10,"column":9},"end":{"line":10,"column":24}},"loc":{"start":{"line":10,"column":27},"end":{"line":14,"column":1}},"line":10},"1":{"name":"receiveProjects","decl":{"start":{"line":16,"column":9},"end":{"line":16,"column":24}},"loc":{"start":{"line":16,"column":45},"end":{"line":23,"column":1}},"line":16},"2":{"name":"fetchProjects","decl":{"start":{"line":25,"column":16},"end":{"line":25,"column":29}},"loc":{"start":{"line":25,"column":61},"end":{"line":53,"column":1}},"line":25},"3":{"name":"(anonymous_3)","decl":{"start":{"line":26,"column":9},"end":{"line":26,"column":10}},"loc":{"start":{"line":26,"column":29},"end":{"line":52,"column":3}},"line":26},"4":{"name":"(anonymous_4)","decl":{"start":{"line":34,"column":12},"end":{"line":34,"column":13}},"loc":{"start":{"line":34,"column":24},"end":{"line":39,"column":7}},"line":34},"5":{"name":"(anonymous_5)","decl":{"start":{"line":41,"column":8},"end":{"line":41,"column":9}},"loc":{"start":{"line":41,"column":16},"end":{"line":46,"column":9}},"line":41},"6":{"name":"(anonymous_6)","decl":{"start":{"line":47,"column":8},"end":{"line":47,"column":9}},"loc":{"start":{"line":47,"column":13},"end":{"line":50,"column":9}},"line":47},"7":{"name":"invalidateProjects","decl":{"start":{"line":55,"column":16},"end":{"line":55,"column":34}},"loc":{"start":{"line":55,"column":37},"end":{"line":59,"column":1}},"line":55},"8":{"name":"invalidateAllProjectData","decl":{"start":{"line":61,"column":16},"end":{"line":61,"column":40}},"loc":{"start":{"line":61,"column":43},"end":{"line":65,"column":1}},"line":61}},"branchMap":{"0":{"loc":{"start":{"line":16,"column":31},"end":{"line":16,"column":43}},"type":"default-arg","locations":[{"start":{"line":16,"column":39},"end":{"line":16,"column":43}}],"line":16},"1":{"loc":{"start":{"line":25,"column":30},"end":{"line":25,"column":38}},"type":"default-arg","locations":[{"start":{"line":25,"column":37},"end":{"line":25,"column":38}}],"line":25},"2":{"loc":{"start":{"line":25,"column":49},"end":{"line":25,"column":59}},"type":"default-arg","locations":[{"start":{"line":25,"column":57},"end":{"line":25,"column":59}}],"line":25},"3":{"loc":{"start":{"line":35,"column":8},"end":{"line":37,"column":9}},"type":"if","locations":[{"start":{"line":35,"column":8},"end":{"line":37,"column":9}},{"start":{"line":35,"column":8},"end":{"line":37,"column":9}}],"line":35}},"s":{"0":0,"1":0,"2":0,"3":0,"4":0,"5":0,"6":0,"7":0,"8":0,"9":0,"10":0,"11":0,"12":0,"13":0},"f":{"0":0,"1":0,"2":0,"3":0,"4":0,"5":0,"6":0,"7":0,"8":0},"b":{"0":[0],"1":[0],"2":[0],"3":[0,0]},"_coverageSchema":"1a1c01bbd47fc00a2c39e90264f33305004495a9","hash":"7c2548f68910243dd829e2b1d2f6455c0acc2e46"}
,"/Users/alice/dev/openaq.org/app/assets/scripts/actions/vote-modal.js": {"path":"/Users/alice/dev/openaq.org/app/assets/scripts/actions/vote-modal.js","statementMap":{"0":{"start":{"line":8,"column":2},"end":{"line":10,"column":4}}},"fnMap":{"0":{"name":"closeVoteModal","decl":{"start":{"line":7,"column":16},"end":{"line":7,"column":30}},"loc":{"start":{"line":7,"column":33},"end":{"line":11,"column":1}},"line":7}},"branchMap":{},"s":{"0":0},"f":{"0":0},"b":{},"_coverageSchema":"1a1c01bbd47fc00a2c39e90264f33305004495a9","hash":"f2ec76b3ed5d2aa8c5d3e9cd969e72ddcfc81c16"}
,"/Users/alice/dev/openaq.org/app/assets/scripts/components/bar-chart.js": {"path":"/Users/alice/dev/openaq.org/app/assets/scripts/components/bar-chart.js","statementMap":{"0":{"start":{"line":8,"column":17},"end":{"line":17,"column":3}},"1":{"start":{"line":13,"column":28},"end":{"line":13,"column":36}},"2":{"start":{"line":19,"column":18},"end":{"line":56,"column":3}},"3":{"start":{"line":58,"column":2},"end":{"line":58,"column":49}},"4":{"start":{"line":61,"column":0},"end":{"line":65,"column":2}}},"fnMap":{"0":{"name":"BarChart","decl":{"start":{"line":7,"column":24},"end":{"line":7,"column":32}},"loc":{"start":{"line":7,"column":68},"end":{"line":59,"column":1}},"line":7},"1":{"name":"(anonymous_1)","decl":{"start":{"line":13,"column":23},"end":{"line":13,"column":24}},"loc":{"start":{"line":13,"column":28},"end":{"line":13,"column":36}},"line":13}},"branchMap":{},"s":{"0":0,"1":0,"2":0,"3":0,"4":20},"f":{"0":0,"1":0},"b":{},"_coverageSchema":"1a1c01bbd47fc00a2c39e90264f33305004495a9","hash":"eb41c4d10985303f8227b3828af8e1d18b06b669"}
,"/Users/alice/dev/openaq.org/app/assets/scripts/components/breakpoint.js": {"path":"/Users/alice/dev/openaq.org/app/assets/scripts/components/breakpoint.js","statementMap":{"0":{"start":{"line":6,"column":28},"end":{"line":12,"column":1}},"1":{"start":{"line":16,"column":4},"end":{"line":16,"column":17}},"2":{"start":{"line":17,"column":4},"end":{"line":17,"column":39}},"3":{"start":{"line":19,"column":4},"end":{"line":19,"column":57}},"4":{"start":{"line":23,"column":18},"end":{"line":23,"column":43}},"5":{"start":{"line":24,"column":17},"end":{"line":24,"column":19}},"6":{"start":{"line":25,"column":4},"end":{"line":30,"column":5}},"7":{"start":{"line":26,"column":25},"end":{"line":26,"column":43}},"8":{"start":{"line":27,"column":6},"end":{"line":27,"column":43}},"9":{"start":{"line":28,"column":6},"end":{"line":28,"column":59}},"10":{"start":{"line":29,"column":6},"end":{"line":29,"column":41}},"11":{"start":{"line":31,"column":4},"end":{"line":31,"column":18}},"12":{"start":{"line":35,"column":4},"end":{"line":35,"column":41}},"13":{"start":{"line":39,"column":4},"end":{"line":39,"column":59}},"14":{"start":{"line":43,"column":4},"end":{"line":43,"column":62}},"15":{"start":{"line":47,"column":4},"end":{"line":47,"column":43}},"16":{"start":{"line":51,"column":0},"end":{"line":55,"column":1}},"17":{"start":{"line":52,"column":2},"end":{"line":54,"column":4}}},"fnMap":{"0":{"name":"(anonymous_0)","decl":{"start":{"line":15,"column":2},"end":{"line":15,"column":3}},"loc":{"start":{"line":15,"column":21},"end":{"line":20,"column":3}},"line":15},"1":{"name":"(anonymous_1)","decl":{"start":{"line":22,"column":2},"end":{"line":22,"column":3}},"loc":{"start":{"line":22,"column":19},"end":{"line":32,"column":3}},"line":22},"2":{"name":"(anonymous_2)","decl":{"start":{"line":34,"column":2},"end":{"line":34,"column":3}},"loc":{"start":{"line":34,"column":19},"end":{"line":36,"column":3}},"line":34},"3":{"name":"(anonymous_3)","decl":{"start":{"line":38,"column":2},"end":{"line":38,"column":3}},"loc":{"start":{"line":38,"column":22},"end":{"line":40,"column":3}},"line":38},"4":{"name":"(anonymous_4)","decl":{"start":{"line":42,"column":2},"end":{"line":42,"column":3}},"loc":{"start":{"line":42,"column":25},"end":{"line":44,"column":3}},"line":42},"5":{"name":"(anonymous_5)","decl":{"start":{"line":46,"column":2},"end":{"line":46,"column":3}},"loc":{"start":{"line":46,"column":11},"end":{"line":48,"column":3}},"line":46}},"branchMap":{"0":{"loc":{"start":{"line":28,"column":30},"end":{"line":28,"column":58}},"type":"binary-expr","locations":[{"start":{"line":28,"column":30},"end":{"line":28,"column":42}},{"start":{"line":28,"column":46},"end":{"line":28,"column":58}}],"line":28},"1":{"loc":{"start":{"line":51,"column":0},"end":{"line":55,"column":1}},"type":"if","locations":[{"start":{"line":51,"column":0},"end":{"line":55,"column":1}},{"start":{"line":51,"column":0},"end":{"line":55,"column":1}}],"line":51}},"s":{"0":20,"1":40,"2":40,"3":40,"4":40,"5":40,"6":40,"7":200,"8":200,"9":200,"10":200,"11":40,"12":0,"13":40,"14":0,"15":40,"16":20,"17":20},"f":{"0":40,"1":40,"2":0,"3":40,"4":0,"5":40},"b":{"0":[200,160],"1":[20,0]},"_coverageSchema":"1a1c01bbd47fc00a2c39e90264f33305004495a9","hash":"9b6827802940917f8ce3196b67eb7e59c1f0cd17"}
,"/Users/alice/dev/openaq.org/app/assets/scripts/components/chart-brush.js": {"path":"/Users/alice/dev/openaq.org/app/assets/scripts/components/chart-brush.js","statementMap":{"0":{"start":{"line":6,"column":20},"end":{"line":6,"column":25}},"1":{"start":{"line":14,"column":19},"end":{"line":64,"column":1}},"2":{"start":{"line":15,"column":54},"end":{"line":15,"column":59}},"3":{"start":{"line":17,"column":23},"end":{"line":17,"column":35}},"4":{"start":{"line":18,"column":19},"end":{"line":18,"column":31}},"5":{"start":{"line":20,"column":2},"end":{"line":35,"column":9}},"6":{"start":{"line":22,"column":27},"end":{"line":24,"column":11}},"7":{"start":{"line":23,"column":6},"end":{"line":23,"column":35}},"8":{"start":{"line":26,"column":4},"end":{"line":26,"column":54}},"9":{"start":{"line":27,"column":4},"end":{"line":27,"column":31}},"10":{"start":{"line":29,"column":4},"end":{"line":29,"column":59}},"11":{"start":{"line":31,"column":4},"end":{"line":34,"column":6}},"12":{"start":{"line":32,"column":6},"end":{"line":32,"column":59}},"13":{"start":{"line":33,"column":6},"end":{"line":33,"column":33}},"14":{"start":{"line":38,"column":2},"end":{"line":40,"column":5}},"15":{"start":{"line":39,"column":4},"end":{"line":39,"column":35}},"16":{"start":{"line":43,"column":2},"end":{"line":45,"column":13}},"17":{"start":{"line":44,"column":4},"end":{"line":44,"column":32}},"18":{"start":{"line":47,"column":2},"end":{"line":49,"column":15}},"19":{"start":{"line":48,"column":4},"end":{"line":48,"column":36}},"20":{"start":{"line":51,"column":2},"end":{"line":53,"column":15}},"21":{"start":{"line":52,"column":4},"end":{"line":52,"column":36}},"22":{"start":{"line":55,"column":2},"end":{"line":57,"column":15}},"23":{"start":{"line":56,"column":4},"end":{"line":56,"column":36}},"24":{"start":{"line":59,"column":2},"end":{"line":61,"column":5}},"25":{"start":{"line":60,"column":4},"end":{"line":60,"column":38}},"26":{"start":{"line":63,"column":2},"end":{"line":63,"column":62}},"27":{"start":{"line":66,"column":0},"end":{"line":73,"column":2}},"28":{"start":{"line":75,"column":0},"end":{"line":75,"column":28}},"29":{"start":{"line":77,"column":14},"end":{"line":547,"column":1}},"30":{"start":{"line":79,"column":14},"end":{"line":79,"column":18}},"31":{"start":{"line":83,"column":21},"end":{"line":83,"column":26}},"32":{"start":{"line":88,"column":17},"end":{"line":88,"column":61}},"33":{"start":{"line":90,"column":26},"end":{"line":90,"column":45}},"34":{"start":{"line":90,"column":32},"end":{"line":90,"column":45}},"35":{"start":{"line":91,"column":26},"end":{"line":91,"column":54}},"36":{"start":{"line":91,"column":32},"end":{"line":91,"column":54}},"37":{"start":{"line":92,"column":28},"end":{"line":92,"column":61}},"38":{"start":{"line":92,"column":34},"end":{"line":92,"column":61}},"39":{"start":{"line":95,"column":22},"end":{"line":95,"column":40}},"40":{"start":{"line":105,"column":10},"end":{"line":105,"column":24}},"41":{"start":{"line":107,"column":10},"end":{"line":107,"column":26}},"42":{"start":{"line":110,"column":15},"end":{"line":110,"column":29}},"43":{"start":{"line":112,"column":15},"end":{"line":112,"column":31}},"44":{"start":{"line":115,"column":14},"end":{"line":115,"column":57}},"45":{"start":{"line":118,"column":14},"end":{"line":118,"column":64}},"46":{"start":{"line":121,"column":19},"end":{"line":121,"column":67}},"47":{"start":{"line":123,"column":14},"end":{"line":123,"column":39}},"48":{"start":{"line":126,"column":4},"end":{"line":126,"column":75}},"49":{"start":{"line":127,"column":4},"end":{"line":127,"column":77}},"50":{"start":{"line":131,"column":4},"end":{"line":131,"column":20}},"51":{"start":{"line":133,"column":17},"end":{"line":350,"column":5}},"52":{"start":{"line":137,"column":21},"end":{"line":137,"column":63}},"53":{"start":{"line":139,"column":20},"end":{"line":143,"column":42}},"54":{"start":{"line":145,"column":8},"end":{"line":159,"column":9}},"55":{"start":{"line":147,"column":10},"end":{"line":153,"column":34}},"56":{"start":{"line":155,"column":10},"end":{"line":158,"column":47}},"57":{"start":{"line":165,"column":23},"end":{"line":165,"column":67}},"58":{"start":{"line":167,"column":20},"end":{"line":167,"column":73}},"59":{"start":{"line":169,"column":8},"end":{"line":183,"column":9}},"60":{"start":{"line":171,"column":10},"end":{"line":177,"column":34}},"61":{"start":{"line":179,"column":10},"end":{"line":182,"column":49}},"62":{"start":{"line":185,"column":8},"end":{"line":185,"column":75}},"63":{"start":{"line":189,"column":23},"end":{"line":189,"column":54}},"64":{"start":{"line":191,"column":28},"end":{"line":191,"column":66}},"65":{"start":{"line":192,"column":8},"end":{"line":192,"column":64}},"66":{"start":{"line":194,"column":8},"end":{"line":194,"column":27}},"67":{"start":{"line":194,"column":20},"end":{"line":194,"column":27}},"68":{"start":{"line":196,"column":32},"end":{"line":198,"column":22}},"69":{"start":{"line":200,"column":8},"end":{"line":200,"column":42}},"70":{"start":{"line":202,"column":22},"end":{"line":211,"column":23}},"71":{"start":{"line":208,"column":22},"end":{"line":208,"column":70}},"72":{"start":{"line":211,"column":21},"end":{"line":211,"column":22}},"73":{"start":{"line":213,"column":8},"end":{"line":213,"column":32}},"74":{"start":{"line":215,"column":8},"end":{"line":223,"column":44}},"75":{"start":{"line":222,"column":27},"end":{"line":222,"column":51}},"76":{"start":{"line":223,"column":27},"end":{"line":223,"column":42}},"77":{"start":{"line":227,"column":21},"end":{"line":227,"column":50}},"78":{"start":{"line":229,"column":8},"end":{"line":229,"column":27}},"79":{"start":{"line":229,"column":20},"end":{"line":229,"column":27}},"80":{"start":{"line":231,"column":30},"end":{"line":231,"column":77}},"81":{"start":{"line":233,"column":8},"end":{"line":233,"column":40}},"82":{"start":{"line":235,"column":22},"end":{"line":244,"column":23}},"83":{"start":{"line":241,"column":22},"end":{"line":241,"column":70}},"84":{"start":{"line":244,"column":21},"end":{"line":244,"column":22}},"85":{"start":{"line":246,"column":8},"end":{"line":246,"column":32}},"86":{"start":{"line":248,"column":8},"end":{"line":256,"column":39}},"87":{"start":{"line":255,"column":27},"end":{"line":255,"column":46}},"88":{"start":{"line":256,"column":27},"end":{"line":256,"column":37}},"89":{"start":{"line":262,"column":18},"end":{"line":262,"column":53}},"90":{"start":{"line":264,"column":8},"end":{"line":270,"column":40}},"91":{"start":{"line":272,"column":8},"end":{"line":277,"column":23}},"92":{"start":{"line":283,"column":18},"end":{"line":283,"column":59}},"93":{"start":{"line":285,"column":8},"end":{"line":291,"column":40}},"94":{"start":{"line":293,"column":8},"end":{"line":298,"column":28}},"95":{"start":{"line":304,"column":18},"end":{"line":304,"column":53}},"96":{"start":{"line":306,"column":8},"end":{"line":306,"column":56}},"97":{"start":{"line":308,"column":8},"end":{"line":310,"column":23}},"98":{"start":{"line":314,"column":20},"end":{"line":314,"column":42}},"99":{"start":{"line":315,"column":8},"end":{"line":330,"column":9}},"100":{"start":{"line":316,"column":25},"end":{"line":316,"column":67}},"101":{"start":{"line":317,"column":28},"end":{"line":317,"column":51}},"102":{"start":{"line":321,"column":10},"end":{"line":321,"column":48}},"103":{"start":{"line":323,"column":10},"end":{"line":329,"column":33}},"104":{"start":{"line":334,"column":23},"end":{"line":334,"column":54}},"105":{"start":{"line":336,"column":8},"end":{"line":342,"column":9}},"106":{"start":{"line":337,"column":10},"end":{"line":341,"column":41}},"107":{"start":{"line":344,"column":8},"end":{"line":348,"column":49}},"108":{"start":{"line":352,"column":4},"end":{"line":413,"column":6}},"109":{"start":{"line":353,"column":6},"end":{"line":355,"column":62}},"110":{"start":{"line":357,"column":6},"end":{"line":357,"column":64}},"111":{"start":{"line":359,"column":6},"end":{"line":366,"column":48}},"112":{"start":{"line":368,"column":6},"end":{"line":376,"column":7}},"113":{"start":{"line":370,"column":8},"end":{"line":375,"column":50}},"114":{"start":{"line":379,"column":6},"end":{"line":388,"column":7}},"115":{"start":{"line":380,"column":8},"end":{"line":380,"column":23}},"116":{"start":{"line":381,"column":8},"end":{"line":381,"column":28}},"117":{"start":{"line":382,"column":13},"end":{"line":388,"column":7}},"118":{"start":{"line":383,"column":8},"end":{"line":383,"column":23}},"119":{"start":{"line":384,"column":8},"end":{"line":384,"column":28}},"120":{"start":{"line":386,"column":8},"end":{"line":386,"column":24}},"121":{"start":{"line":387,"column":8},"end":{"line":387,"column":29}},"122":{"start":{"line":391,"column":6},"end":{"line":391,"column":27}},"123":{"start":{"line":392,"column":6},"end":{"line":392,"column":32}},"124":{"start":{"line":393,"column":6},"end":{"line":393,"column":38}},"125":{"start":{"line":394,"column":6},"end":{"line":394,"column":45}},"126":{"start":{"line":398,"column":6},"end":{"line":401,"column":9}},"127":{"start":{"line":402,"column":6},"end":{"line":402,"column":64}},"128":{"start":{"line":405,"column":6},"end":{"line":405,"column":29}},"129":{"start":{"line":406,"column":6},"end":{"line":406,"column":27}},"130":{"start":{"line":407,"column":6},"end":{"line":407,"column":27}},"131":{"start":{"line":408,"column":6},"end":{"line":408,"column":25}},"132":{"start":{"line":409,"column":6},"end":{"line":409,"column":21}},"133":{"start":{"line":410,"column":6},"end":{"line":410,"column":26}},"134":{"start":{"line":411,"column":6},"end":{"line":411,"column":21}},"135":{"start":{"line":412,"column":6},"end":{"line":412,"column":21}},"136":{"start":{"line":415,"column":4},"end":{"line":437,"column":6}},"137":{"start":{"line":416,"column":6},"end":{"line":418,"column":7}},"138":{"start":{"line":417,"column":8},"end":{"line":417,"column":15}},"139":{"start":{"line":421,"column":6},"end":{"line":421,"column":24}},"140":{"start":{"line":422,"column":6},"end":{"line":422,"column":29}},"141":{"start":{"line":423,"column":6},"end":{"line":423,"column":24}},"142":{"start":{"line":424,"column":6},"end":{"line":424,"column":29}},"143":{"start":{"line":426,"column":6},"end":{"line":426,"column":64}},"144":{"start":{"line":429,"column":6},"end":{"line":429,"column":29}},"145":{"start":{"line":430,"column":6},"end":{"line":430,"column":27}},"146":{"start":{"line":431,"column":6},"end":{"line":431,"column":27}},"147":{"start":{"line":432,"column":6},"end":{"line":432,"column":25}},"148":{"start":{"line":433,"column":6},"end":{"line":433,"column":21}},"149":{"start":{"line":434,"column":6},"end":{"line":434,"column":26}},"150":{"start":{"line":435,"column":6},"end":{"line":435,"column":21}},"151":{"start":{"line":436,"column":6},"end":{"line":436,"column":21}},"152":{"start":{"line":441,"column":4},"end":{"line":441,"column":78}},"153":{"start":{"line":444,"column":22},"end":{"line":447,"column":77}},"154":{"start":{"line":449,"column":4},"end":{"line":449,"column":77}},"155":{"start":{"line":451,"column":4},"end":{"line":458,"column":5}},"156":{"start":{"line":453,"column":6},"end":{"line":457,"column":32}},"157":{"start":{"line":460,"column":4},"end":{"line":489,"column":7}},"158":{"start":{"line":461,"column":6},"end":{"line":461,"column":79}},"159":{"start":{"line":461,"column":72},"end":{"line":461,"column":79}},"160":{"start":{"line":463,"column":14},"end":{"line":463,"column":50}},"161":{"start":{"line":464,"column":23},"end":{"line":464,"column":43}},"162":{"start":{"line":466,"column":17},"end":{"line":478,"column":14}},"163":{"start":{"line":468,"column":20},"end":{"line":474,"column":27}},"164":{"start":{"line":471,"column":16},"end":{"line":472,"column":49}},"165":{"start":{"line":476,"column":10},"end":{"line":476,"column":37}},"166":{"start":{"line":480,"column":6},"end":{"line":480,"column":27}},"167":{"start":{"line":481,"column":6},"end":{"line":481,"column":26}},"168":{"start":{"line":484,"column":6},"end":{"line":484,"column":27}},"169":{"start":{"line":485,"column":6},"end":{"line":485,"column":25}},"170":{"start":{"line":486,"column":6},"end":{"line":486,"column":21}},"171":{"start":{"line":487,"column":6},"end":{"line":487,"column":21}},"172":{"start":{"line":488,"column":6},"end":{"line":488,"column":21}},"173":{"start":{"line":491,"column":4},"end":{"line":491,"column":16}},"174":{"start":{"line":492,"column":4},"end":{"line":492,"column":16}},"175":{"start":{"line":493,"column":4},"end":{"line":493,"column":17}},"176":{"start":{"line":496,"column":2},"end":{"line":500,"column":4}},"177":{"start":{"line":497,"column":4},"end":{"line":497,"column":16}},"178":{"start":{"line":498,"column":4},"end":{"line":498,"column":16}},"179":{"start":{"line":499,"column":4},"end":{"line":499,"column":19}},"180":{"start":{"line":502,"column":2},"end":{"line":504,"column":4}},"181":{"start":{"line":506,"column":2},"end":{"line":509,"column":4}},"182":{"start":{"line":507,"column":4},"end":{"line":507,"column":24}},"183":{"start":{"line":508,"column":4},"end":{"line":508,"column":19}},"184":{"start":{"line":511,"column":2},"end":{"line":515,"column":4}},"185":{"start":{"line":512,"column":4},"end":{"line":512,"column":25}},"186":{"start":{"line":513,"column":4},"end":{"line":513,"column":55}},"187":{"start":{"line":513,"column":42},"end":{"line":513,"column":55}},"188":{"start":{"line":514,"column":4},"end":{"line":514,"column":19}},"189":{"start":{"line":518,"column":2},"end":{"line":523,"column":4}},"190":{"start":{"line":519,"column":4},"end":{"line":519,"column":40}},"191":{"start":{"line":519,"column":27},"end":{"line":519,"column":40}},"192":{"start":{"line":520,"column":4},"end":{"line":520,"column":27}},"193":{"start":{"line":521,"column":4},"end":{"line":521,"column":55}},"194":{"start":{"line":521,"column":42},"end":{"line":521,"column":55}},"195":{"start":{"line":522,"column":4},"end":{"line":522,"column":19}},"196":{"start":{"line":525,"column":2},"end":{"line":530,"column":4}},"197":{"start":{"line":526,"column":4},"end":{"line":526,"column":42}},"198":{"start":{"line":526,"column":27},"end":{"line":526,"column":42}},"199":{"start":{"line":527,"column":4},"end":{"line":527,"column":16}},"200":{"start":{"line":528,"column":4},"end":{"line":528,"column":55}},"201":{"start":{"line":528,"column":42},"end":{"line":528,"column":55}},"202":{"start":{"line":529,"column":4},"end":{"line":529,"column":19}},"203":{"start":{"line":532,"column":2},"end":{"line":537,"column":4}},"204":{"start":{"line":533,"column":4},"end":{"line":533,"column":42}},"205":{"start":{"line":533,"column":27},"end":{"line":533,"column":42}},"206":{"start":{"line":534,"column":4},"end":{"line":534,"column":16}},"207":{"start":{"line":535,"column":4},"end":{"line":535,"column":55}},"208":{"start":{"line":535,"column":42},"end":{"line":535,"column":55}},"209":{"start":{"line":536,"column":4},"end":{"line":536,"column":19}},"210":{"start":{"line":539,"column":2},"end":{"line":544,"column":4}},"211":{"start":{"line":540,"column":4},"end":{"line":540,"column":42}},"212":{"start":{"line":540,"column":27},"end":{"line":540,"column":42}},"213":{"start":{"line":541,"column":4},"end":{"line":541,"column":16}},"214":{"start":{"line":542,"column":4},"end":{"line":542,"column":55}},"215":{"start":{"line":542,"column":42},"end":{"line":542,"column":55}},"216":{"start":{"line":543,"column":4},"end":{"line":543,"column":19}},"217":{"start":{"line":546,"column":2},"end":{"line":546,"column":17}}},"fnMap":{"0":{"name":"(anonymous_0)","decl":{"start":{"line":14,"column":19},"end":{"line":14,"column":20}},"loc":{"start":{"line":14,"column":28},"end":{"line":64,"column":1}},"line":14},"1":{"name":"(anonymous_1)","decl":{"start":{"line":20,"column":12},"end":{"line":20,"column":13}},"loc":{"start":{"line":20,"column":18},"end":{"line":35,"column":3}},"line":20},"2":{"name":"(anonymous_2)","decl":{"start":{"line":22,"column":38},"end":{"line":22,"column":39}},"loc":{"start":{"line":22,"column":44},"end":{"line":24,"column":5}},"line":22},"3":{"name":"(anonymous_3)","decl":{"start":{"line":31,"column":11},"end":{"line":31,"column":12}},"loc":{"start":{"line":31,"column":17},"end":{"line":34,"column":5}},"line":31},"4":{"name":"(anonymous_4)","decl":{"start":{"line":38,"column":12},"end":{"line":38,"column":13}},"loc":{"start":{"line":38,"column":18},"end":{"line":40,"column":3}},"line":38},"5":{"name":"(anonymous_5)","decl":{"start":{"line":43,"column":12},"end":{"line":43,"column":13}},"loc":{"start":{"line":43,"column":18},"end":{"line":45,"column":3}},"line":43},"6":{"name":"(anonymous_6)","decl":{"start":{"line":47,"column":12},"end":{"line":47,"column":13}},"loc":{"start":{"line":47,"column":18},"end":{"line":49,"column":3}},"line":47},"7":{"name":"(anonymous_7)","decl":{"start":{"line":51,"column":12},"end":{"line":51,"column":13}},"loc":{"start":{"line":51,"column":18},"end":{"line":53,"column":3}},"line":51},"8":{"name":"(anonymous_8)","decl":{"start":{"line":55,"column":12},"end":{"line":55,"column":13}},"loc":{"start":{"line":55,"column":18},"end":{"line":57,"column":3}},"line":55},"9":{"name":"(anonymous_9)","decl":{"start":{"line":59,"column":12},"end":{"line":59,"column":13}},"loc":{"start":{"line":59,"column":18},"end":{"line":61,"column":3}},"line":59},"10":{"name":"(anonymous_10)","decl":{"start":{"line":77,"column":14},"end":{"line":77,"column":15}},"loc":{"start":{"line":77,"column":26},"end":{"line":547,"column":1}},"line":77},"11":{"name":"(anonymous_11)","decl":{"start":{"line":90,"column":26},"end":{"line":90,"column":27}},"loc":{"start":{"line":90,"column":32},"end":{"line":90,"column":45}},"line":90},"12":{"name":"(anonymous_12)","decl":{"start":{"line":91,"column":26},"end":{"line":91,"column":27}},"loc":{"start":{"line":91,"column":32},"end":{"line":91,"column":54}},"line":91},"13":{"name":"(anonymous_13)","decl":{"start":{"line":92,"column":28},"end":{"line":92,"column":29}},"loc":{"start":{"line":92,"column":3
[...]
,"type":"cond-expr","locations":[{"start":{"line":261,"column":10},"end":{"line":287,"column":13}},{"start":{"line":289,"column":10},"end":{"line":317,"column":13}}],"line":260},"18":{"loc":{"start":{"line":260,"column":9},"end":{"line":260,"column":61}},"type":"binary-expr","locations":[{"start":{"line":260,"column":9},"end":{"line":260,"column":30}},{"start":{"line":260,"column":34},"end":{"line":260,"column":61}}],"line":260},"19":{"loc":{"start":{"line":268,"column":18},"end":{"line":268,"column":56}},"type":"cond-expr","locations":[{"start":{"line":268,"column":48},"end":{"line":268,"column":51}},{"start":{"line":268,"column":54},"end":{"line":268,"column":56}}],"line":268},"20":{"loc":{"start":{"line":285,"column":23},"end":{"line":285,"column":72}},"type":"binary-expr","locations":[{"start":{"line":285,"column":23},"end":{"line":285,"column":44}},{"start":{"line":285,"column":48},"end":{"line":285,"column":72}}],"line":285},"21":{"loc":{"start":{"line":296,"column":18},"end":{"line":296,"column":65}},"type":"cond-expr","locations":[{"start":{"line":296,"column":57},"end":{"line":296,"column":60}},{"start":{"line":296,"column":63},"end":{"line":296,"column":65}}],"line":296}},"s":{"0":20,"1":20,"2":20,"3":0,"4":0,"5":0,"6":0,"7":0,"8":0,"9":0,"10":0,"11":0,"12":0,"13":0,"14":0,"15":0,"16":0,"17":0,"18":0,"19":0,"20":0,"21":0,"22":0,"23":0,"24":0,"25":0,"26":0,"27":0,"28":0,"29":0,"30":0,"31":0,"32":0,"33":0,"34":0,"35":0,"36":0,"37":0,"38":0,"39":0,"40":0,"41":0,"42":0,"43":0,"44":0,"45":0,"46":0,"47":0,"48":0,"49":0,"50":0,"51":0,"52":0,"53":0,"54":0,"55":0,"56":0,"57":0,"58":0,"59":20,"60":0,"61":0,"62":0},"f":{"0":0,"1":0,"2":0,"3":0,"4":0,"5":0,"6":0,"7":0,"8":0,"9":0,"10":0,"11":0,"12":0,"13":0,"14":0,"15":0,"16":0,"17":0,"18":0,"19":0,"20":0,"21":0,"22":0,"23":0},"b":{"0":[0,0],"1":[0,0],"2":[0,0],"3":[0,0],"4":[0,0,0,0,0],"5":[0,0],"6":[0,0],"7":[0,0],"8":[0,0],"9":[0,0],"10":[0,0],"11":[0,0],"12":[0,0],"13":[0,0],"14":[0,0,0],"15":[0,0],"16":[0,0],"17":[0,0],"18":[0,0],"19":[0,0],"20":[0,0],"21":[0,0]},"_coverageSchema":"1a1c01bbd47fc00a2c39e90264f33305004495a9","hash":"9ddbe0ff39a758ab80003979adca6db85fffc276"}
,"/Users/alice/dev/openaq.org/app/assets/scripts/views/projects-hub/index.js": {"path":"/Users/alice/dev/openaq.org/app/assets/scripts/views/projects-hub/index.js","statementMap":{},"fnMap":{},"branchMap":{},"s":{},"f":{},"b":{},"_coverageSchema":"1a1c01bbd47fc00a2c39e90264f33305004495a9","hash":"319a27e896881ede1671a20543c59df132da5411"}
,"/Users/alice/dev/openaq.org/app/assets/scripts/views/projects-hub/project-card.js": {"path":"/Users/alice/dev/openaq.org/app/assets/scripts/views/projects-hub/project-card.js","statementMap":{"0":{"start":{"line":24,"column":16},"end":{"line":24,"column":45}},"1":{"start":{"line":25,"column":16},"end":{"line":25,"column":57}},"2":{"start":{"line":26,"column":14},"end":{"line":26,"column":54}},"3":{"start":{"line":28,"column":2},"end":{"line":87,"column":4}},"4":{"start":{"line":48,"column":8},"end":{"line":77,"column":10}},"5":{"start":{"line":59,"column":45},"end":{"line":59,"column":58}},"6":{"start":{"line":63,"column":44},"end":{"line":74,"column":15}},"7":{"start":{"line":80,"column":8},"end":{"line":84,"column":10}},"8":{"start":{"line":90,"column":0},"end":{"line":105,"column":2}}},"fnMap":{"0":{"name":"ProjectCard","decl":{"start":{"line":8,"column":24},"end":{"line":8,"column":35}},"loc":{"start":{"line":23,"column":3},"end":{"line":88,"column":1}},"line":23},"1":{"name":"(anonymous_1)","decl":{"start":{"line":47,"column":18},"end":{"line":47,"column":19}},"loc":{"start":{"line":48,"column":8},"end":{"line":77,"column":10}},"line":48},"2":{"name":"(anonymous_2)","decl":{"start":{"line":59,"column":40},"end":{"line":59,"column":41}},"loc":{"start":{"line":59,"column":45},"end":{"line":59,"column":58}},"line":59},"3":{"name":"(anonymous_3)","decl":{"start":{"line":63,"column":34},"end":{"line":63,"column":35}},"loc":{"start":{"line":63,"column":44},"end":{"line":74,"column":15}},"line":63},"4":{"name":"(anonymous_4)","decl":{"start":{"line":79,"column":20},"end":{"line":79,"column":21}},"loc":{"start":{"line":80,"column":8},"end":{"line":84,"column":10}},"line":80}},"branchMap":{"0":{"loc":{"start":{"line":44,"column":8},"end":{"line":44,"column":42}},"type":"cond-expr","locations":[{"start":{"line":44,"column":19},"end":{"line":44,"column":27}},{"start":{"line":44,"column":30},"end":{"line":44,"column":42}}],"line":44},"1":{"loc":{"start":{"line":45,"column":8},"end":{"line":45,"column":32}},"type":"binary-expr","locations":[{"start":{"line":45,"column":8},"end":{"line":45,"column":18}},{"start":{"line":45,"column":22},"end":{"line":45,"column":32}}],"line":45},"2":{"loc":{"start":{"line":62,"column":21},"end":{"line":62,"column":62}},"type":"cond-expr","locations":[{"start":{"line":62,"column":42},"end":{"line":62,"column":51}},{"start":{"line":62,"column":54},"end":{"line":62,"column":62}}],"line":62},"3":{"loc":{"start":{"line":68,"column":29},"end":{"line":68,"column":54}},"type":"binary-expr","locations":[{"start":{"line":68,"column":29},"end":{"line":68,"column":40}},{"start":{"line":68,"column":44},"end":{"line":68,"column":54}}],"line":68},"4":{"loc":{"start":{"line":72,"column":19},"end":{"line":72,"column":53}},"type":"binary-expr","locations":[{"start":{"line":72,"column":19},"end":{"line":72,"column":38}},{"start":{"line":72,"column":42},"end":{"line":72,"column":53}}],"line":72}},"s":{"0":0,"1":0,"2":0,"3":0,"4":0,"5":0,"6":0,"7":0,"8":20},"f":{"0":0,"1":0,"2":0,"3":0,"4":0},"b":{"0":[0,0],"1":[0,0],"2":[0,0],"3":[0,0],"4":[0,0]},"_coverageSchema":"1a1c01bbd47fc00a2c39e90264f33305004495a9","hash":"c4aff2fc22389f5889d792e7b88fb8ac37df5120"}
,"/Users/alice/dev/openaq.org/app/assets/scripts/views/projects-hub/projects-hub.js": {"path":"/Users/alice/dev/openaq.org/app/assets/scripts/views/projects-hub/projects-hub.js","statementMap":{"0":{"start":{"line":18,"column":17},"end":{"line":18,"column":19}},"1":{"start":{"line":21,"column":2},"end":{"line":25,"column":3}},"2":{"start":{"line":22,"column":15},"end":{"line":22,"column":25}},"3":{"start":{"line":23,"column":4},"end":{"line":23,"column":47}},"4":{"start":{"line":24,"column":4},"end":{"line":24,"column":16}},"5":{"start":{"line":26,"column":2},"end":{"line":26,"column":11}},"6":{"start":{"line":43,"column":32},"end":{"line":43,"column":44}},"7":{"start":{"line":44,"column":26},"end":{"line":44,"column":37}},"8":{"start":{"line":46,"column":2},"end":{"line":78,"column":17}},"9":{"start":{"line":48,"column":16},"end":{"line":50,"column":6}},"10":{"start":{"line":52,"column":4},"end":{"line":60,"column":7}},"11":{"start":{"line":53,"column":18},"end":{"line":53,"column":32}},"12":{"start":{"line":54,"column":6},"end":{"line":58,"column":7}},"13":{"start":{"line":57,"column":8},"end":{"line":57,"column":17}},"14":{"start":{"line":59,"column":6},"end":{"line":59,"column":17}},"15":{"start":{"line":62,"column":4},"end":{"line":77,"column":7}},"16":{"start":{"line":80,"column":2},"end":{"line":93,"column":22}},"17":{"start":{"line":81,"column":4},"end":{"line":81,"column":43}},"18":{"start":{"line":82,"column":16},"end":{"line":82,"column":70}},"19":{"start":{"line":84,"column":4},"end":{"line":88,"column":5}},"20":{"start":{"line":86,"column":6},"end":{"line":86,"column":24}},"21":{"start":{"line":87,"column":6},"end":{"line":87,"column":50}},"22":{"start":{"line":90,"column":4},"end":{"line":92,"column":6}},"23":{"start":{"line":91,"column":6},"end":{"line":91,"column":27}},"24":{"start":{"line":96,"column":16},"end":{"line":96,"column":70}},"25":{"start":{"line":97,"column":4},"end":{"line":97,"column":32}},"26":{"start":{"line":99,"column":4},"end":{"line":99,"column":48}},"27":{"start":{"line":102,"column":2},"end":{"line":104,"column":9}},"28":{"start":{"line":103,"column":4},"end":{"line":103,"column":20}},"29":{"start":{"line":106,"column":23},"end":{"line":106,"column":60}},"30":{"start":{"line":108,"column":21},"end":{"line":108,"column":53}},"31":{"start":{"line":110,"column":2},"end":{"line":153,"column":4}},"32":{"start":{"line":156,"column":0},"end":{"line":171,"column":2}},"33":{"start":{"line":177,"column":2},"end":{"line":184,"column":4}},"34":{"start":{"line":188,"column":2},"end":{"line":194,"column":4}},"35":{"start":{"line":189,"column":32},"end":{"line":189,"column":70}},"36":{"start":{"line":191,"column":6},"end":{"line":191,"column":49}},"37":{"start":{"line":192,"column":36},"end":{"line":192,"column":78}},"38":{"start":{"line":193,"column":32},"end":{"line":193,"column":70}},"39":{"start":{"line":197,"column":0},"end":{"line":197,"column":60}}},"fnMap":{"0":{"name":"getPage","decl":{"start":{"line":20,"column":9},"end":{"line":20,"column":16}},"loc":{"start":{"line":20,"column":24},"end":{"line":27,"column":1}},"line":20},"1":{"name":"ProjectsHub","decl":{"start":{"line":29,"column":24},"end":{"line":29,"column":35}},"loc":{"start":{"line":42,"column":3},"end":{"line":154,"column":1}},"line":42},"2":{"name":"(anonymous_2)","decl":{"start":{"line":46,"column":12},"end":{"line":46,"column":13}},"loc":{"start":{"line":46,"column":18},"end":{"line":78,"column":3}},"line":46},"3":{"name":"(anonymous_3)","decl":{"start":{"line":52,"column":12},"end":{"line":52,"column":13}},"loc":{"start":{"line":52,"column":20},"end":{"line":60,"column":5}},"line":52},"4":{"name":"(anonymous_4)","decl":{"start":{"line":80,"column":12},"end":{"line":80,"column":13}},"loc":{"start":{"line":80,"column":18},"end":{"line":93,"column":3}},"line":80},"5":{"name":"(anonymous_5)","decl":{"start":{"line":90,"column":11},"end":{"line":90,"column":12}},"loc":{"start":{"line":90,"column":17},"end":{"line":92,"column":5}},"line":90},"6":{"name":"handlePageClick","decl":{"start":{"line":95,"column":11},"end":{"line":95,"column":26}},"loc":{"start":{"line":95,"column":30},"end":{"line":100,"column":3}},"line":95},"7":{"name":"(anonymous_7)","decl":{"start":{"line":102,"column":12},"end":{"line":102,"column":13}},"loc":{"start":{"line":102,"column":18},"end":{"line":104,"column":3}},"line":102},"8":{"name":"selector","decl":{"start":{"line":176,"column":9},"end":{"line":176,"column":17}},"loc":{"start":{"line":176,"column":25},"end":{"line":185,"column":1}},"line":176},"9":{"name":"dispatcher","decl":{"start":{"line":187,"column":9},"end":{"line":187,"column":19}},"loc":{"start":{"line":187,"column":30},"end":{"line":195,"column":1}},"line":187},"10":{"name":"(anonymous_10)","decl":{"start":{"line":189,"column":19},"end":{"line":189,"column":20}},"loc":{"start":{"line":189,"column":32},"end":{"line":189,"column":70}},"line":189},"11":{"name":"(anonymous_11)","decl":{"start":{"line":190,"column":24},"end":{"line":190,"column":25}},"loc":{"start":{"line":191,"column":6},"end":{"line":191,"column":49}},"line":191},"12":{"name":"(anonymous_12)","decl":{"start":{"line":192,"column":23},"end":{"line":192,"column":24}},"loc":{"start":{"line":192,"column":36},"end":{"line":192,"column":78}},"line":192},"13":{"name":"(anonymous_13)","decl":{"start":{"line":193,"column":19},"end":{"line":193,"column":20}},"loc":{"start":{"line":193,"column":32},"end":{"line":193,"column":70}},"line":193}},"branchMap":{"0":{"loc":{"start":{"line":21,"column":2},"end":{"line":25,"column":3}},"type":"if","locations":[{"start":{"line":21,"column":2},"end":{"line":25,"column":3}},{"start":{"line":21,"column":2},"end":{"line":25,"column":3}}],"line":21},"1":{"loc":{"start":{"line":21,"column":6},"end":{"line":21,"column":25}},"type":"binary-expr","locations":[{"start":{"line":21,"column":6},"end":{"line":21,"column":11}},{"start":{"line":21,"column":15},"end":{"line":21,"column":25}}],"line":21},"2":{"loc":{"start":{"line":23,"column":11},"end":{"line":23,"column":46}},"type":"cond-expr","locations":[{"start":{"line":23,"column":37},"end":{"line":23,"column":38}},{"start":{"line":23,"column":41},"end":{"line":23,"column":46}}],"line":23},"3":{"loc":{"start":{"line":23,"column":11},"end":{"line":23,"column":34}},"type":"binary-expr","locations":[{"start":{"line":23,"column":11},"end":{"line":23,"column":22}},{"start":{"line":23,"column":26},"end":{"line":23,"column":34}}],"line":23},"4":{"loc":{"start":{"line":54,"column":6},"end":{"line":58,"column":7}},"type":"if","locations":[{"start":{"line":54,"column":6},"end":{"line":58,"column":7}},{"start":{"line":54,"column":6},"end":{"line":58,"column":7}}],"line":54},"5":{"loc":{"start":{"line":65,"column":16},"end":{"line":65,"column":67}},"type":"cond-expr","locations":[{"start":{"line":65,"column":44},"end":{"line":65,"column":50}},{"start":{"line":65,"column":53},"end":{"line":65,"column":67}}],"line":65},"6":{"loc":{"start":{"line":67,"column":17},"end":{"line":67,"column":64}},"type":"binary-expr","locations":[{"start":{"line":67,"column":17},"end":{"line":67,"column":33}},{"start":{"line":67,"column":37},"end":{"line":67,"column":64}}],"line":67},"7":{"loc":{"start":{"line":68,"column":15},"end":{"line":68,"column":60}},"type":"binary-expr","locations":[{"start":{"line":68,"column":15},"end":{"line":68,"column":30}},{"start":{"line":68,"column":34},"end":{"line":68,"column":60}}],"line":68},"8":{"loc":{"start":{"line":69,"column":18},"end":{"line":69,"column":59}},"type":"binary-expr","locations":[{"start":{"line":69,"column":18},"end":{"line":69,"column":31}},{"start":{"line":69,"column":35},"end":{"line":69,"column":59}}],"line":69},"9":{"loc":{"start":{"line":71,"column":16},"end":{"line":71,"column":61}},"type":"binary-expr","locations":[{"start":{"line":71,"column":16},"end":{"line":71,"column":30}},{"start":{"line":71,"column":34},"end":{"line":71,"column":61}}],"line":71},"10":{"loc":{"start":{"line":72,"column":18},"end":{"line":72,"column":68}},"type":"binary-expr","locations":[{"start":{"line":72,"column":18},"end":{"line":72,"column":33}},{"start":{"line":72,"column":37},"end":{"line":72,"column":68}}],"line":72},"11":{"loc":{"start":{"line":73,"column":14},"end":{"line":73,"column":56}},"type":"binary-expr","locations":[{"start":{"line":73,"column":14},"end":{"line":73,"column":26}},{"start":{"line":73,"column":30},"end":{"line":73,"column":56}}],"line":73},"12":{"loc":{"start":{"line":74,"column":18},"end":{"line":74,"column":77}},"type":"binary-expr","locations":[{"start":{"line":74,"column":18},"end":{"line":74,"column":29}},{"start":{"line":74,"column":33},"end":{"line":74,"column":77}}],"line":74},"13":{"loc":{"start":{"line":76,"column":8},"end":{"line":76,"column":67}},"type":"binary-expr","locations":[{"start":{"line":76,"column":8},"end":{"line":76,"column":26}},{"start":{"line":76,"column":30},"end":{"line":76,"column":67}}],"line":76},"14":{"loc":{"start":{"line":84,"column":4},"end":{"line":88,"column":5}},"type":"if","locations":[{"start":{"line":84,"column":4},"end":{"line":88,"column":5}},{"start":{"line":84,"column":4},"end":{"line":88,"column":5}}],"line":84},"15":{"loc":{"start":{"line":106,"column":23},"end":{"line":106,"column":60}},"type":"cond-expr","locations":[{"start":{"line":106,"column":35},"end":{"line":106,"column":51}},{"start":{"line":106,"column":54},"end":{"line":106,"column":60}}],"line":106},"16":{"loc":{"start":{"line":131,"column":17},"end":{"line":135,"column":24}},"type":"cond-expr","locations":[{"start":{"line":132,"column":18},"end":{"line":134,"column":22}},{"start":{"line":135,"column":20},"end":{"line":135,"column":24}}],"line":131}},"s":{"0":20,"1":0,"2":0,"3":0,"4":0,"5":0,"6":0,"7":0,"8":0,"9":0,"10":0,"11":0,"12":0,"13":0,"14":0,"15":0,"16":0,"17":0,"18":0,"19":0,"20":0,"21":0,"22":0,"23":0,"24":0,"25":0,"26":0,"27":0,"28":0,"29":0,"30":0,"31":0,"32":20,"33":0,"34":0,"35":0,"36":0,"37":0,"38":0,"39":20},"f":{"0":0,"1":0,"2":0,"3":0,"4":0,"5":0,"6":0,"7":0,"8":0,"9":0,"10":0,"11":0,"12":0,"13":0},"b":{"0":[0,0],"1":[0,0],"2":[0,0],"3":[0,0],"4":[0,0],"5":[0,0],"6":[0,0],"7":[0,0],"8":[0,0],"9":[0,0],"10":[0,0],"11":[0,0],"12":[0,0],"13":[0,0],"14":[0,0],"15":[0,0],"16":[0,0]},"_coverageSchema":"1a1c01bbd47fc00a2c39e90264f33305004495a9","hash":"ebe864a18b1be264fa22ff02a949e6e7d86ba070"}
,"/Users/alice/dev/openaq.org/app/assets/scripts/views/projects-hub/results.js": {"path":"/Users/alice/dev/openaq.org/app/assets/scripts/views/projects-hub/results.js","statementMap":{"0":{"start":{"line":20,"column":2},"end":{"line":22,"column":3}},"1":{"start":{"line":21,"column":4},"end":{"line":21,"column":16}},"2":{"start":{"line":24,"column":2},"end":{"line":26,"column":3}},"3":{"start":{"line":25,"column":4},"end":{"line":25,"column":30}},"4":{"start":{"line":28,"column":2},"end":{"line":40,"column":3}},"5":{"start":{"line":29,"column":4},"end":{"line":39,"column":6}},"6":{"start":{"line":42,"column":2},"end":{"line":59,"column":3}},"7":{"start":{"line":43,"column":4},"end":{"line":58,"column":6}},"8":{"start":{"line":61,"column":2},"end":{"line":110,"column":4}},"9":{"start":{"line":65,"column":26},"end":{"line":70,"column":14}},"10":{"start":{"line":66,"column":12},"end":{"line":70,"column":14}},"11":{"start":{"line":71,"column":10},"end":{"line":89,"column":12}},"12":{"start":{"line":113,"column":0},"end":{"line":123,"column":2}}},"fnMap":{"0":{"name":"Results","decl":{"start":{"line":10,"column":24},"end":{"line":10,"column":31}},"loc":{"start":{"line":19,"column":3},"end":{"line":111,"column":1}},"line":19},"1":{"name":"(anonymous_1)","decl":{"start":{"line":64,"column":22},"end":{"line":64,"column":23}},"loc":{"start":{"line":64,"column":33},"end":{"line":90,"column":9}},"line":64},"2":{"name":"(anonymous_2)","decl":{"start":{"line":65,"column":26},"end":{"line":65,"column":27}},"loc":{"start":{"line":66,"column":12},"end":{"line":70,"column":14}},"line":66}},"branchMap":{"0":{"loc":{"start":{"line":20,"column":2},"end":{"line":22,"column":3}},"type":"if","locations":[{"start":{"line":20,"column":2},"end":{"line":22,"column":3}},{"start":{"line":20,"column":2},"end":{"line":22,"column":3}}],"line":20},"1":{"loc":{"start":{"line":20,"column":6},"end":{"line":20,"column":27}},"type":"binary-expr","locations":[{"start":{"line":20,"column":6},"end":{"line":20,"column":14}},{"start":{"line":20,"column":18},"end":{"line":20,"column":27}}],"line":20},"2":{"loc":{"start":{"line":24,"column":2},"end":{"line":26,"column":3}},"type":"if","locations":[{"start":{"line":24,"column":2},"end":{"line":26,"column":3}},{"start":{"line":24,"column":2},"end":{"line":26,"column":3}}],"line":24},"3":{"loc":{"start":{"line":28,"column":2},"end":{"line":40,"column":3}},"type":"if","locations":[{"start":{"line":28,"column":2},"end":{"line":40,"column":3}},{"start":{"line":28,"column":2},"end":{"line":40,"column":3}}],"line":28},"4":{"loc":{"start":{"line":42,"column":2},"end":{"line":59,"column":3}},"type":"if","locations":[{"start":{"line":42,"column":2},"end":{"line":59,"column":3}},{"start":{"line":42,"column":2},"end":{"line":59,"column":3}}],"line":42},"5":{"loc":{"start":{"line":68,"column":23},"end":{"line":68,"column":64}},"type":"binary-expr","locations":[{"start":{"line":68,"column":23},"end":{"line":68,"column":40}},{"start":{"line":68,"column":44},"end":{"line":68,"column":64}}],"line":68},"6":{"loc":{"start":{"line":92,"column":7},"end":{"line":108,"column":7}},"type":"binary-expr","locations":[{"start":{"line":92,"column":7},"end":{"line":92,"column":47}},{"start":{"line":93,"column":8},"end":{"line":107,"column":10}}],"line":92},"7":{"loc":{"start":{"line":92,"column":9},"end":{"line":92,"column":46}},"type":"binary-expr","locations":[{"start":{"line":92,"column":9},"end":{"line":92,"column":17}},{"start":{"line":92,"column":21},"end":{"line":92,"column":26}},{"start":{"line":92,"column":30},"end":{"line":92,"column":46}}],"line":92}},"s":{"0":0,"1":0,"2":0,"3":0,"4":0,"5":0,"6":0,"7":0,"8":0,"9":0,"10":0,"11":0,"12":20},"f":{"0":0,"1":0,"2":0},"b":{"0":[0,0],"1":[0,0],"2":[0,0],"3":[0,0],"4":[0,0],"5":[0,0],"6":[0,0],"7":[0,0,0]},"_coverageSchema":"1a1c01bbd47fc00a2c39e90264f33305004495a9","hash":"c3a108c3c7a21bb2c1b0110674c19fbb9882deb2"}
}
