TN:
SF:app/assets/scripts/config.js
FNF:0
FNH:0
DA:5,20
DA:7,20
LF:2
LH:2
BRF:0
BRH:0
end_of_record
TN:
SF:app/assets/scripts/logo.js
FN:26,(anonymous_0)
FN:27,(anonymous_1)
FN:47,(anonymous_2)
FNF:3
FNH:3
FNDA:400,(anonymous_0)
FNDA:3000,(anonymous_1)
FNDA:3000,(anonymous_2)
DA:1,20
DA:24,20
DA:25,20
DA:27,400
DA:28,3000
DA:29,360
DA:30,360
DA:31,2640
DA:32,1300
DA:33,1300
DA:34,1340
DA:35,1340
DA:36,1340
DA:46,20
DA:48,3000
DA:52,20
LF:16
LH:16
BRDA:28,0,0,360
BRDA:28,0,1,2640
BRDA:31,1,0,1300
BRDA:31,1,1,1340
BRDA:34,2,0,1340
BRDA:34,2,1,0
BRDA:34,3,0,1340
BRDA:34,3,1,400
BRDA:36,4,0,1340
BRDA:36,4,1,400
BRF:10
BRH:9
end_of_record
TN:
SF:app/assets/scripts/main.js
FN:30,(anonymous_0)
FNF:1
FNH:1
FNDA:12,(anonymous_0)
DA:27,20
DA:31,12
DA:36,20
DA:40,20
DA:42,20
DA:44,20
LF:6
LH:6
BRDA:36,0,0,20
BRDA:36,0,1,0
BRDA:37,1,0,20
BRDA:37,1,1,20
BRF:4
BRH:3
end_of_record
TN:
SF:app/assets/scripts/actions/action-creators.js
FNF:0
FNH:0
DA:13,20
LF:1
LH:1
BRF:0
BRH:0
end_of_record
TN:
SF:app/assets/scripts/actions/action-types.js
FNF:0
FNH:0
DA:1,20
DA:2,20
DA:4,20
DA:5,20
DA:6,20
DA:7,20
DA:9,20
DA:10,20
DA:11,20
DA:12,20
DA:14,20
DA:15,20
DA:17,20
DA:18,20
DA:19,20
DA:21,20
DA:22,20
DA:24,20
DA:25,20
DA:27,20
DA:28,20
DA:29,20
DA:30,20
DA:32,20
DA:34,20
DA:35,20
DA:37,20
DA:38,20
DA:39,20
DA:42,20
DA:44,20
DA:46,20
DA:47,20
DA:49,20
DA:51,20
DA:52,20
DA:54,20
LF:37
LH:37
BRF:0
BRH:0
end_of_record
TN:
SF:app/assets/scripts/actions/base-data.js
FN:11,requestBaseData
FN:17,receiveBaseData
FN:26,fetchBaseData
FN:27,(anonymous_3)
FN:52,(anonymous_4)
FN:54,(anonymous_5)
FN:60,(anonymous_6)
FN:66,(anonymous_7)
FN:68,(anonymous_8)
FN:71,(anonymous_9)
FN:78,(anonymous_10)
FN:81,(anonymous_11)
FNF:12
FNH:9
FNDA:3,requestBaseData
FNDA:0,receiveBaseData
FNDA:3,fetchBaseData
FNDA:3,(anonymous_3)
FNDA:15,(anonymous_4)
FNDA:8,(anonymous_5)
FNDA:8,(anonymous_6)
FNDA:2,(anonymous_7)
FNDA:260,(anonymous_8)
FNDA:260,(anonymous_9)
FNDA:0,(anonymous_10)
FNDA:0,(anonymous_11)
DA:12,3
DA:18,0
DA:27,3
DA:28,3
DA:30,3
DA:32,0
DA:35,3
DA:37,3
DA:39,0
DA:42,3
DA:52,3
DA:53,15
DA:55,8
DA:56,0
DA:58,8
DA:61,8
DA:62,8
DA:65,3
DA:67,2
DA:68,260
DA:71,260
DA:79,0
DA:82,0
DA:83,0
LF:24
LH:17
BRDA:17,0,0,0
BRDA:30,1,0,0
BRDA:30,1,1,3
BRDA:37,2,0,0
BRDA:37,2,1,3
BRDA:37,3,0,3
BRDA:37,3,1,0
BRDA:55,4,0,0
BRDA:55,4,1,8
BRF:9
BRH:4
end_of_record
TN:
SF:app/assets/scripts/actions/base-stats.js
FN:11,requestBaseStats
FN:17,receiveBaseStats
FN:26,fetchBaseStats
FN:27,(anonymous_3)
FN:38,(anonymous_4)
FN:40,(anonymous_5)
FN:47,(anonymous_6)
FN:51,(anonymous_7)
FNF:8
FNH:0
FNDA:0,requestBaseStats
FNDA:0,receiveBaseStats
FNDA:0,fetchBaseStats
FNDA:0,(anonymous_3)
FNDA:0,(anonymous_4)
FNDA:0,(anonymous_5)
FNDA:0,(anonymous_6)
FNDA:0,(anonymous_7)
DA:12,0
DA:18,0
DA:27,0
DA:28,0
DA:30,0
DA:31,0
DA:38,0
DA:39,0
DA:41,0
DA:42,0
DA:44,0
DA:48,0
DA:49,0
DA:53,0
DA:54,0
DA:56,0
DA:57,0
DA:58,0
DA:63,0
LF:19
LH:0
BRDA:17,0,0,0
BRDA:41,1,0,0
BRDA:41,1,1,0
BRDA:53,2,0,0
BRDA:53,2,1,0
BRF:5
BRH:0
end_of_record
TN:
SF:app/assets/scripts/actions/compare.js
FN:13,invalidateCompare
FN:19,requestCompareLocation
FN:26,receiveCompareLocation
FN:36,receiveMultipleCompareLocation
FN:46,fetchCompareLocationIfNeeded
FN:47,(anonymous_5)
FN:63,(anonymous_6)
FN:70,(anonymous_7)
FN:78,(anonymous_8)
FN:89,fetchRandomCompareLocs
FN:90,(anonymous_10)
FN:104,(anonymous_11)
FN:111,(anonymous_12)
FN:114,(anonymous_13)
FN:124,removeCompareLocation
FN:131,selectCompareOptions
FN:137,cancelCompareOptions
FN:143,selectCompareCountry
FN:150,selectCompareArea
FN:157,selectCompareLocation
FN:164,requestCompareLocationMeasurements
FN:171,receiveCompareLocationMeasurements
FN:181,fetchCompareLocationMeasurements
FN:188,(anonymous_23)
FN:193,(anonymous_24)
FN:207,(anonymous_25)
FN:214,(anonymous_26)
FN:226,(anonymous_27)
FNF:28
FNH:4
FNDA:0,invalidateCompare
FNDA:1,requestCompareLocation
FNDA:0,receiveCompareLocation
FNDA:0,receiveMultipleCompareLocation
FNDA:1,fetchCompareLocationIfNeeded
FNDA:1,(anonymous_5)
FNDA:0,(anonymous_6)
FNDA:0,(anonymous_7)
FNDA:0,(anonymous_8)
FNDA:0,fetchRandomCompareLocs
FNDA:0,(anonymous_10)
FNDA:0,(anonymous_11)
FNDA:0,(anonymous_12)
FNDA:0,(anonymous_13)
FNDA:8,removeCompareLocation
FNDA:0,selectCompareOptions
FNDA:0,cancelCompareOptions
FNDA:0,selectCompareCountry
FNDA:0,selectCompareArea
FNDA:0,selectCompareLocation
FNDA:0,requestCompareLocationMeasurements
FNDA:0,receiveCompareLocationMeasurements
FNDA:0,fetchCompareLocationMeasurements
FNDA:0,(anonymous_23)
FNDA:0,(anonymous_24)
FNDA:0,(anonymous_25)
FNDA:0,(anonymous_26)
FNDA:0,(anonymous_27)
DA:14,0
DA:20,1
DA:27,0
DA:37,0
DA:47,1
DA:48,1
DA:49,1
DA:51,1
DA:52,1
DA:53,1
DA:54,0
DA:57,1
DA:60,1
DA:62,1
DA:64,0
DA:65,0
DA:67,0
DA:71,0
DA:72,0
DA:76,0
DA:79,0
DA:80,0
DA:90,0
DA:92,0
DA:93,0
DA:96,0
DA:103,0
DA:105,0
DA:106,0
DA:108,0
DA:112,0
DA:115,0
DA:116,0
DA:125,8
DA:132,0
DA:138,0
DA:144,0
DA:151,0
DA:158,0
DA:165,0
DA:172,0
DA:188,0
DA:189,0
DA:191,0
DA:192,0
DA:193,0
DA:194,0
DA:206,0
DA:208,0
DA:209,0
DA:211,0
DA:215,0
DA:216,0
DA:218,0
DA:220,0
DA:221,0
DA:223,0
DA:227,0
DA:228,0
DA:239,0
LF:60
LH:11
BRDA:26,0,0,0
BRDA:36,1,0,0
BRDA:46,2,0,1
BRDA:49,3,0,1
BRDA:49,3,1,0
BRDA:53,4,0,0
BRDA:53,4,1,1
BRDA:64,5,0,0
BRDA:64,5,1,0
BRDA:71,6,0,0
BRDA:71,6,1,0
BRDA:89,7,0,0
BRDA:105,8,0,0
BRDA:105,8,1,0
BRDA:171,9,0,0
BRDA:208,10,0,0
BRDA:208,10,1,0
BRDA:215,11,0,0
BRDA:215,11,1,0
BRDA:220,12,0,0
BRDA:220,12,1,0
BRF:21
BRH:3
end_of_record
TN:
SF:app/assets/scripts/actions/download-modal.js
FN:7,closeDownloadModal
FN:13,openDownloadModal
FNF:2
FNH:0
FNDA:0,closeDownloadModal
FNDA:0,openDownloadModal
DA:8,0
DA:14,0
LF:2
LH:0
BRF:0
BRH:0
end_of_record
TN:
SF:app/assets/scripts/actions/geolocation.js
FN:7,geolocationRequest
FN:13,geolocationAcquire
FN:21,geolocationError
FN:29,geolocateUser
FN:30,(anonymous_4)
FN:35,(anonymous_5)
FN:40,(anonymous_6)
FN:44,(anonymous_7)
FNF:8
FNH:0
FNDA:0,geolocationRequest
FNDA:0,geolocationAcquire
FNDA:0,geolocationError
FNDA:0,geolocateUser
FNDA:0,(anonymous_4)
FNDA:0,(anonymous_5)
FNDA:0,(anonymous_6)
FNDA:0,(anonymous_7)
DA:8,0
DA:14,0
DA:22,0
DA:30,0
DA:31,0
DA:33,0
DA:34,0
DA:35,0
DA:39,0
DA:41,0
DA:42,0
DA:45,0
DA:46,0
DA:50,0
LF:14
LH:0
BRDA:33,0,0,0
BRDA:33,0,1,0
BRF:2
BRH:0
end_of_record
TN:
SF:app/assets/scripts/actions/location.js
FN:10,requestLocation
FN:16,receiveLocation
FN:25,fetchLocationIfNeeded
FN:26,(anonymous_3)
FN:40,(anonymous_4)
FN:47,(anonymous_5)
FN:53,(anonymous_6)
FN:61,invalidateLocations
FN:67,invalidateAllLocationData
FNF:9
FNH:0
FNDA:0,requestLocation
FNDA:0,receiveLocation
FNDA:0,fetchLocationIfNeeded
FNDA:0,(anonymous_3)
FNDA:0,(anonymous_4)
FNDA:0,(anonymous_5)
FNDA:0,(anonymous_6)
FNDA:0,invalidateLocations
FNDA:0,invalidateAllLocationData
DA:11,0
DA:17,0
DA:26,0
DA:27,0
DA:30,0
DA:31,0
DA:32,0
DA:33,0
DA:35,0
DA:41,0
DA:42,0
DA:44,0
DA:51,0
DA:54,0
DA:55,0
DA:62,0
DA:68,0
LF:17
LH:0
BRDA:16,0,0,0
BRDA:32,1,0,0
BRDA:32,1,1,0
BRDA:41,2,0,0
BRDA:41,2,1,0
BRF:5
BRH:0
end_of_record
TN:
SF:app/assets/scripts/actions/locations-by-country.js
FN:10,requestLocationsByCountry
FN:16,receiveLocationsByCountry
FN:25,fetchLocationsByCountry
FN:26,(anonymous_3)
FN:34,(anonymous_4)
FN:41,(anonymous_5)
FN:47,(anonymous_6)
FN:57,invalidateLocationsByCountry
FNF:8
FNH:0
FNDA:0,requestLocationsByCountry
FNDA:0,receiveLocationsByCountry
FNDA:0,fetchLocationsByCountry
FNDA:0,(anonymous_3)
FNDA:0,(anonymous_4)
FNDA:0,(anonymous_5)
FNDA:0,(anonymous_6)
FNDA:0,invalidateLocationsByCountry
DA:11,0
DA:17,0
DA:26,0
DA:27,0
DA:29,0
DA:30,0
DA:31,0
DA:33,0
DA:35,0
DA:36,0
DA:38,0
DA:45,0
DA:48,0
DA:49,0
DA:58,0
LF:15
LH:0
BRDA:16,0,0,0
BRDA:25,1,0,0
BRDA:35,2,0,0
BRDA:35,2,1,0
BRF:4
BRH:0
end_of_record
TN:
SF:app/assets/scripts/actions/locations.js
FN:10,requestLocations
FN:16,receiveLocations
FN:25,fetchLocations
FN:26,(anonymous_3)
FN:34,(anonymous_4)
FN:41,(anonymous_5)
FN:47,(anonymous_6)
FN:55,invalidateLocations
FN:61,invalidateAllLocationData
FNF:9
FNH:0
FNDA:0,requestLocations
FNDA:0,receiveLocations
FNDA:0,fetchLocations
FNDA:0,(anonymous_3)
FNDA:0,(anonymous_4)
FNDA:0,(anonymous_5)
FNDA:0,(anonymous_6)
FNDA:0,invalidateLocations
FNDA:0,invalidateAllLocationData
DA:11,0
DA:17,0
DA:26,0
DA:27,0
DA:29,0
DA:31,0
DA:35,0
DA:36,0
DA:38,0
DA:45,0
DA:48,0
DA:49,0
DA:56,0
DA:62,0
LF:14
LH:0
BRDA:16,0,0,0
BRDA:25,1,0,0
BRDA:25,2,0,0
BRDA:35,3,0,0
BRDA:35,3,1,0
BRF:5
BRH:0
end_of_record
TN:
SF:app/assets/scripts/actions/measurements.js
FN:9,requestMeasurements
FN:15,receiveMeasurements
FN:24,fetchMeasurements
FN:25,(anonymous_3)
FN:42,(anonymous_4)
FN:49,(anonymous_5)
FN:55,(anonymous_6)
FN:61,(anonymous_7)
FN:73,(anonymous_8)
FN:80,(anonymous_9)
FN:94,(anonymous_10)
FNF:11
FNH:0
FNDA:0,requestMeasurements
FNDA:0,receiveMeasurements
FNDA:0,fetchMeasurements
FNDA:0,(anonymous_3)
FNDA:0,(anonymous_4)
FNDA:0,(anonymous_5)
FNDA:0,(anonymous_6)
FNDA:0,(anonymous_7)
FNDA:0,(anonymous_8)
FNDA:0,(anonymous_9)
FNDA:0,(anonymous_10)
DA:10,0
DA:16,0
DA:25,0
DA:26,0
DA:28,0
DA:29,0
DA:35,0
DA:37,0
DA:43,0
DA:44,0
DA:46,0
DA:50,0
DA:51,0
DA:53,0
DA:56,0
DA:57,0
DA:61,0
DA:62,0
DA:72,0
DA:74,0
DA:75,0
DA:77,0
DA:81,0
DA:82,0
DA:84,0
DA:86,0
DA:87,0
DA:89,0
DA:90,0
DA:91,0
DA:95,0
DA:96,0
LF:32
LH:0
BRDA:15,0,0,0
BRDA:43,1,0,0
BRDA:43,1,1,0
BRDA:52,2,0,0
BRDA:52,2,1,0
BRDA:74,3,0,0
BRDA:74,3,1,0
BRDA:81,4,0,0
BRDA:81,4,1,0
BRDA:86,5,0,0
BRDA:86,5,1,0
BRF:11
BRH:0
end_of_record
TN:
SF:app/assets/scripts/actions/projects.js
FN:10,requestProjects
FN:16,receiveProjects
FN:25,fetchProjects
FN:26,(anonymous_3)
FN:34,(anonymous_4)
FN:41,(anonymous_5)
FN:47,(anonymous_6)
FN:55,invalidateProjects
FN:61,invalidateAllProjectData
FNF:9
FNH:0
FNDA:0,requestProjects
FNDA:0,receiveProjects
FNDA:0,fetchProjects
FNDA:0,(anonymous_3)
FNDA:0,(anonymous_4)
FNDA:0,(anonymous_5)
FNDA:0,(anonymous_6)
FNDA:0,invalidateProjects
FNDA:0,invalidateAllProjectData
DA:11,0
DA:17,0
DA:26,0
DA:27,0
DA:29,0
DA:31,0
DA:35,0
DA:36,0
DA:38,0
DA:45,0
DA:48,0
DA:49,0
DA:56,0
DA:62,0
LF:14
LH:0
BRDA:16,0,0,0
BRDA:25,1,0,0
BRDA:25,2,0,0
BRDA:35,3,0,0
BRDA:35,3,1,0
BRF:5
BRH:0
end_of_record
TN:
SF:app/assets/scripts/actions/vote-modal.js
FN:7,closeVoteModal
FNF:1
FNH:0
FNDA:0,closeVoteModal
DA:8,0
LF:1
LH:0
BRF:0
BRH:0
end_of_record
TN:
SF:app/assets/scripts/components/bar-chart.js
FN:7,BarChart
FN:13,(anonymous_1)
FNF:2
FNH:0
FNDA:0,BarChart
FNDA:0,(anonymous_1)
DA:8,0
DA:13,0
DA:19,0
DA:58,0
DA:61,20
LF:5
LH:1
BRF:0
BRH:0
end_of_record
TN:
SF:app/assets/scripts/components/breakpoint.js
FN:15,(anonymous_0)
FN:22,(anonymous_1)
FN:34,(anonymous_2)
FN:38,(anonymous_3)
FN:42,(anonymous_4)
FN:46,(anonymous_5)
FNF:6
FNH:4
FNDA:40,(anonymous_0)
FNDA:40,(anonymous_1)
FNDA:0,(anonymous_2)
FNDA:40,(anonymous_3)
FNDA:0,(anonymous_4)
FNDA:40,(anonymous_5)
DA:6,20
DA:16,40
DA:17,40
DA:19,40
DA:23,40
DA:24,40
DA:25,40
DA:26,200
DA:27,200
DA:28,200
DA:29,200
DA:31,40
DA:35,0
DA:39,40
DA:43,0
DA:47,40
DA:51,20
DA:52,20
LF:18
LH:16
BRDA:28,0,0,200
BRDA:28,0,1,160
BRDA:51,1,0,20
BRDA:51,1,1,0
BRF:4
BRH:3
end_of_record
TN:
SF:app/assets/scripts/components/chart-brush.js
FN:14,(anonymous_0)
FN:20,(anonymous_1)
FN:22,(anonymous_2)
FN:31,(anonymous_3)
FN:38,(anonymous_4)
FN:43,(anonymous_5)
FN:47,(anonymous_6)
FN:51,(anonymous_7)
FN:55,(anonymous_8)
FN:59,(anonymous_9)
FN:77,(anonymous_10)
FN:90,(anonymous_11)
FN:91,(anonymous_12)
FN:92,(anonymous_13)
FN:125,_calcSize
FN:130,chartFn
FN:135,(anonymous_16)
FN:163,(anonymous_17)
FN:188,(anonymous_18)
FN:208,(anonymous_19)
FN:211,(anonymous_20)
FN:222,(anonymous_21)
FN:223,(anonymous_22)
FN:226,(anonymous_23)
FN:241,(anonymous_24)
FN:244,(anonymous_25)
FN:255,(anonymous_26)
FN:256,(anonymous_27)
FN:259,(anonymous_28)
FN:280,(anonymous_29)
FN:301,(anonymous_30)
FN:333,(anonymous_31)
FN:352,(anonymous_32)
FN:415,(anonymous_33)
FN:460,(anonymous_34)
FN:467,(anonymous_35)
FN:470,(anonymous_36)
FN:496,(anonymous_37)
FN:502,(anonymous_38)
FN:506,(anonymous_39)
FN:511,(anonymous_40)
FN:518,(anonymous_41)
FN:525,(anonymous_42)
FN:532,(anonymous_43)
FN:539,(anonymous_44)
FNF:45
FNH:0
FNDA:0,(anonymous_0)
FNDA:0,(anonymous_1)
FNDA:0,(anonymous_2)
FNDA:0,(anonymous_3)
FNDA:0,(anonymous_4)
FNDA:0,(anonymous_5)
FNDA:0,(anonymous_6)
FNDA:0,(anonymous_7)
FNDA:0,(anonymous_8)
FNDA:0,(anonymous_9)
FNDA:0,(anonymous_10)
FNDA:0,(anonymous_11)
FNDA:0,(anonymous_12)
FNDA:0,(anonymous_13)
FNDA:0,_calcSize
FNDA:0,chartFn
FNDA:0,(anonymous_16)
FNDA:0,(anonymous_17)
FNDA:0,(anonymous_18)
FNDA:0,(anonymous_19)
FNDA:0,(anonymous_20)
FNDA:0,(anonymous_21)
FNDA:0,(anonymous_22)
FNDA:0,(anonymous_23)
FNDA:0,(anonymous_24)
FNDA:0,(anonymous_25)
FNDA:0,(anonymous_26)
FNDA:0,(anonymous_27)
FNDA:0,(anonymous_28)
FNDA:0,(anonymous_29)
FNDA:0,(anonymous_30)
FNDA:0,(anonymous_31)
FNDA:0,(anonymous_32)
FNDA:0,(anonymous_33)
FNDA:0,(anonymous_34)
FNDA:0,(anonymous_35)
FNDA:0,(anonymous_36)
FNDA:0,(anonymous_37)
FNDA:0,(anonymous_38)
FNDA:0,(anonymous_39)
FNDA:0,(anonymous_40)
FNDA:0,(anonymous_41)
FNDA:0,(anonymous_42)
FNDA:0,(anonymous_43)
FNDA:0,(anonymous_44)
DA:6,20
DA:14,20
DA:15,0
DA:17,0
DA:18,0
DA:20,0
DA:22,0
DA:23,0
DA:26,0
DA:27,0
DA:29,0
DA:31,0
DA:32,0
DA:33,0
DA:38,0
DA:39,0
DA:43,0
DA:44,0
DA:47,0
DA:48,0
DA:51,0
DA:52,0
DA:55,0
DA:56,0
DA:59,0
DA:60,0
DA:63,0
DA:66,20
DA:75,20
DA:77,20
DA:79,0
DA:83,0
DA:88,0
DA:90,0
DA:91,0
DA:92,0
DA:95,0
DA:105,0
DA:107,0
DA:110,0
DA:112,0
DA:115,0
DA:118,0
DA:121,0
DA:123,0
DA:126,0
DA:127,0
DA:131,0
DA:133,0
DA:137,0
DA:139,0
DA:145,0
DA:147,0
DA:155,0
DA:165,0
DA:167,0
DA:169,0
DA:171,0
DA:179,0
DA:185,0
DA:189,0
DA:191,0
DA:192,0
DA:194,0
DA:196,0
DA:200,0
DA:202,0
DA:208,0
DA:211,0
DA:213,0
DA:215,0
DA:222,0
DA:223,0
DA:227,0
DA:229,0
DA:231,0
DA:233,0
DA:235,0
DA:241,0
DA:244,0
DA:246,0
DA:248,0
DA:255,0
DA:256,0
DA:262,0
DA:264,0
DA:272,0
DA:283,0
DA:285,0
DA:293,0
DA:304,0
DA:306,0
DA:308,0
DA:314,0
DA:315,0
DA:316,0
DA:317,0
DA:321,0
DA:323,0
DA:334,0
DA:336,0
DA:337,0
DA:344,0
DA:352,0
DA:353,0
DA:357,0
DA:359,0
DA:368,0
DA:370,0
DA:379,0
DA:380,0
DA:381,0
DA:382,0
DA:383,0
DA:384,0
DA:386,0
DA:387,0
DA:391,0
DA:392,0
DA:393,0
DA:394,0
DA:398,0
DA:402,0
DA:405,0
DA:406,0
DA:407,0
DA:408,0
DA:409,0
DA:410,0
DA:411,0
DA:412,0
DA:415,0
DA:416,0
DA:417,0
DA:421,0
DA:422,0
DA:423,0
DA:424,0
DA:426,0
DA:429,0
DA:430,0
DA:431,0
DA:432,0
DA:433,0
DA:434,0
DA:435,0
DA:436,0
DA:441,0
DA:444,0
DA:449,0
DA:451,0
DA:453,0
DA:460,0
DA:461,0
DA:463,0
DA:464,0
DA:466,0
DA:468,0
DA:471,0
DA:476,0
DA:480,0
DA:481,0
DA:484,0
DA:485,0
DA:486,0
DA:487,0
DA:488,0
DA:491,0
DA:492,0
DA:493,0
DA:496,0
DA:497,0
DA:498,0
DA:499,0
DA:502,0
DA:506,0
DA:507,0
DA:508,0
DA:511,0
DA:512,0
DA:513,0
DA:514,0
DA:518,0
DA:519,0
DA:520,0
DA:521,0
DA:522,0
DA:525,0
DA:526,0
DA:527,0
DA:528,0
DA:529,0
DA:532,0
DA:533,0
DA:534,0
DA:535,0
DA:536,0
DA:539,0
DA:540,0
DA:541,0
DA:542,0
DA:543,0
DA:546,0
LF:203
LH:5
BRDA:145,0,0,0
BRDA:145,0,1,0
BRDA:169,1,0,0
BRDA:169,1,1,0
BRDA:194,2,0,0
BRDA:194,2,1,0
BRDA:229,3,0,0
BRDA:229,3,1,0
BRDA:315,4,0,0
BRDA:315,4,1,0
BRDA:336,5,0,0
BRDA:336,5,1,0
BRDA:368,6,0,0
BRDA:368,6,1,0
BRDA:379,7,0,0
BRDA:379,7,1,0
BRDA:382,8,0,0
BRDA:382,8,1,0
BRDA:416,9,0,0
BRDA:416,9,1,0
BRDA:416,10,0,0
BRDA:416,10,1,0
BRDA:451,11,0,0
BRDA:451,11,1,0
BRDA:461,12,0,0
BRDA:461,12,1,0
BRDA:461,13,0,0
BRDA:461,13,1,0
BRDA:463,14,0,0
BRDA:463,14,1,0
BRDA:471,15,0,0
BRDA:471,15,1,0
BRDA:476,16,0,0
BRDA:476,16,1,0
BRDA:513,17,0,0
BRDA:513,17,1,0
BRDA:519,18,0,0
BRDA:519,18,1,0
BRDA:521,19,0,0
BRDA:521,19,1,0
BRDA:526,20,0,0
BRDA:526,20,1,0
BRDA:528,21,0,0
BRDA:528,21,1,0
BRDA:533,22,0,0
BRDA:533,22,1,0
BRDA:535,23,0,0
BRDA:535,23,1,0
BRDA:540,24,0,0
BRDA:540,24,1,0
BRDA:542,25,0,0
BRDA:542,25,1,0
BRF:52
BRH:0
end_of_record
TN:
SF:app/assets/scripts/components/chart-measurement.js
FN:29,(anonymous_0)
FN:33,(anonymous_1)
FN:53,(anonymous_2)
FN:59,(anonymous_3)
FN:80,(anonymous_4)
FN:84,(anonymous_5)
FN:92,(anonymous_6)
FN:132,_calcSize
FN:137,chartFn
FN:142,(anonymous_9)
FN:165,(anonymous_10)
FN:180,(anonymous_11)
FN:183,(anonymous_12)
FN:194,(anonymous_13)
FN:195,(anonymous_14)
FN:198,(anonymous_15)
FN:204,brk
FN:205,(anonymous_17)
FN:212,(anonymous_18)
FN:243,(anonymous_19)
FN:276,(anonymous_20)
FN:306,(anonymous_21)
FN:345,(anonymous_22)
FN:351,(anonymous_23)
FN:355,(anonymous_24)
FN:360,(anonymous_25)
FN:367,(anonymous_26)
FN:374,(anonymous_27)
FN:381,(anonymous_28)
FN:388,(anonymous_29)
FN:395,(anonymous_30)
FNF:31
FNH:0
FNDA:0,(anonymous_0)
FNDA:0,(anonymous_1)
FNDA:0,(anonymous_2)
FNDA:0,(anonymous_3)
FNDA:0,(anonymous_4)
FNDA:0,(anonymous_5)
FNDA:0,(anonymous_6)
FNDA:0,_calcSize
FNDA:0,chartFn
FNDA:0,(anonymous_9)
FNDA:0,(anonymous_10)
FNDA:0,(anonymous_11)
FNDA:0,(anonymous_12)
FNDA:0,(anonymous_13)
FNDA:0,(anonymous_14)
FNDA:0,(anonymous_15)
FNDA:0,brk
FNDA:0,(anonymous_17)
FNDA:0,(anonymous_18)
FNDA:0,(anonymous_19)
FNDA:0,(anonymous_20)
FNDA:0,(anonymous_21)
FNDA:0,(anonymous_22)
FNDA:0,(anonymous_23)
FNDA:0,(anonymous_24)
FNDA:0,(anonymous_25)
FNDA:0,(anonymous_26)
FNDA:0,(anonymous_27)
FNDA:0,(anonymous_28)
FNDA:0,(anonymous_29)
FNDA:0,(anonymous_30)
DA:7,20
DA:14,20
DA:30,0
DA:36,0
DA:38,0
DA:39,0
DA:40,0
DA:46,0
DA:47,0
DA:50,0
DA:55,0
DA:56,0
DA:61,0
DA:62,0
DA:63,0
DA:65,0
DA:66,0
DA:68,0
DA:69,0
DA:71,0
DA:72,0
DA:74,0
DA:75,0
DA:77,0
DA:81,0
DA:84,0
DA:90,20
DA:92,20
DA:94,0
DA:98,0
DA:103,0
DA:106,0
DA:116,0
DA:119,0
DA:121,0
DA:124,0
DA:130,0
DA:133,0
DA:134,0
DA:138,0
DA:140,0
DA:144,0
DA:146,0
DA:148,0
DA:150,0
DA:158,0
DA:166,0
DA:168,0
DA:170,0
DA:172,0
DA:174,0
DA:180,0
DA:183,0
DA:185,0
DA:187,0
DA:194,0
DA:195,0
DA:201,0
DA:205,0
DA:206,0
DA:207,0
DA:208,0
DA:209,0
DA:210,0
DA:211,0
DA:212,0
DA:213,0
DA:223,0
DA:231,0
DA:238,0
DA:239,0
DA:246,0
DA:248,0
DA:250,0
DA:256,0
DA:257,0
DA:258,0
DA:259,0
DA:263,0
DA:265,0
DA:276,0
DA:277,0
DA:281,0
DA:284,0
DA:285,0
DA:286,0
DA:287,0
DA:289,0
DA:293,0
DA:294,0
DA:297,0
DA:298,0
DA:299,0
DA:301,0
DA:302,0
DA:306,0
DA:307,0
DA:308,0
DA:312,0
DA:313,0
DA:316,0
DA:317,0
DA:318,0
DA:320,0
DA:321,0
DA:327,0
DA:335,0
DA:340,0
DA:341,0
DA:342,0
DA:345,0
DA:346,0
DA:347,0
DA:348,0
DA:351,0
DA:355,0
DA:356,0
DA:357,0
DA:360,0
DA:361,0
DA:362,0
DA:363,0
DA:367,0
DA:368,0
DA:369,0
DA:370,0
DA:371,0
DA:374,0
DA:375,0
DA:376,0
DA:377,0
DA:378,0
DA:381,0
DA:382,0
DA:383,0
DA:384,0
DA:385,0
DA:388,0
DA:389,0
DA:390,0
DA:391,0
DA:392,0
DA:395,0
DA:396,0
DA:397,0
DA:398,0
DA:399,0
DA:404,0
DA:405,0
DA:408,0
LF:150
LH:4
BRDA:46,0,0,0
BRDA:46,0,1,0
BRDA:62,1,0,0
BRDA:62,1,1,0
BRDA:65,2,0,0
BRDA:65,2,1,0
BRDA:68,3,0,0
BRDA:68,3,1,0
BRDA:71,4,0,0
BRDA:71,4,1,0
BRDA:74,5,0,0
BRDA:74,5,1,0
BRDA:148,6,0,0
BRDA:148,6,1,0
BRDA:168,7,0,0
BRDA:168,7,1,0
BRDA:190,8,0,0
BRDA:190,8,1,0
BRDA:238,9,0,0
BRDA:238,9,1,0
BRDA:257,10,0,0
BRDA:257,10,1,0
BRDA:284,11,0,0
BRDA:284,11,1,0
BRDA:286,12,0,0
BRDA:286,12,1,0
BRDA:301,13,0,0
BRDA:301,13,1,0
BRDA:307,14,0,0
BRDA:307,14,1,0
BRDA:307,15,0,0
BRDA:307,15,1,0
BRDA:320,16,0,0
BRDA:320,16,1,0
BRDA:362,17,0,0
BRDA:362,17,1,0
BRDA:368,18,0,0
BRDA:368,18,1,0
BRDA:370,19,0,0
BRDA:370,19,1,0
BRDA:375,20,0,0
BRDA:375,20,1,0
BRDA:377,21,0,0
BRDA:377,21,1,0
BRDA:382,22,0,0
BRDA:382,22,1,0
BRDA:384,23,0,0
BRDA:384,23,1,0
BRDA:389,24,0,0
BRDA:389,24,1,0
BRDA:391,25,0,0
BRDA:391,25,1,0
BRDA:396,26,0,0
BRDA:396,26,1,0
BRDA:398,27,0,0
BRDA:398,27,1,0
BRDA:404,28,0,0
BRDA:404,28,1,0
BRF:58
BRH:0
end_of_record
TN:
SF:app/assets/scripts/components/community-card.js
FN:4,CommunityCard
FNF:1
FNH:1
FNDA:52,CommunityCard
DA:15,52
DA:36,20
DA:48,20
LF:3
LH:3
BRDA:21,0,0,52
BRDA:21,0,1,2
BRDA:27,1,0,52
BRDA:27,1,1,2
BRDA:28,2,0,52
BRDA:28,2,1,24
BRF:6
BRH:6
end_of_record
TN:
SF:app/assets/scripts/components/connect-fold.js
FN:12,(anonymous_0)
FNF:1
FNH:1
FNDA:4,(anonymous_0)
DA:9,20
DA:13,4
DA:169,20
LF:3
LH:3
BRF:0
BRH:0
end_of_record
TN:
SF:app/assets/scripts/components/date-selector.js
FN:12,DateSelector
FN:19,(anonymous_1)
FN:28,(anonymous_2)
FN:57,(anonymous_3)
FN:68,(anonymous_4)
FN:88,(anonymous_5)
FN:95,(anonymous_6)
FN:114,(anonymous_7)
FN:121,(anonymous_8)
FN:143,(anonymous_9)
FN:162,(anonymous_10)
FNF:11
FNH:0
FNDA:0,DateSelector
FNDA:0,(anonymous_1)
FNDA:0,(anonymous_2)
FNDA:0,(anonymous_3)
FNDA:0,(anonymous_4)
FNDA:0,(anonymous_5)
FNDA:0,(anonymous_6)
FNDA:0,(anonymous_7)
FNDA:0,(anonymous_8)
FNDA:0,(anonymous_9)
FNDA:0,(anonymous_10)
DA:13,0
DA:15,0
DA:16,0
DA:17,0
DA:19,0
DA:20,0
DA:22,0
DA:24,0
DA:25,0
DA:26,0
DA:28,0
DA:29,0
DA:30,0
DA:31,0
DA:32,0
DA:34,0
DA:36,0
DA:40,0
DA:57,0
DA:68,0
DA:89,0
DA:95,0
DA:115,0
DA:121,0
DA:143,0
DA:162,0
DA:175,20
LF:27
LH:1
BRDA:17,0,0,0
BRDA:17,0,1,0
BRDA:20,1,0,0
BRDA:20,1,1,0
BRDA:22,2,0,0
BRDA:22,2,1,0
BRDA:24,3,0,0
BRDA:24,3,1,0
BRDA:25,4,0,0
BRDA:25,4,1,0
BRDA:26,5,0,0
BRDA:26,5,1,0
BRDA:29,6,0,0
BRDA:29,6,1,0
BRDA:31,7,0,0
BRDA:31,7,1,0
BRDA:46,8,0,0
BRDA:46,8,1,0
BRDA:76,9,0,0
BRDA:76,9,1,0
BRDA:133,10,0,0
BRDA:133,10,1,0
BRDA:155,11,0,0
BRDA:155,11,1,0
BRF:24
BRH:0
end_of_record
TN:
SF:app/assets/scripts/components/error-message.js
FN:5,ErrorMessage
FNF:1
FNH:1
FNDA:4,ErrorMessage
DA:6,4
DA:22,20
DA:26,20
LF:3
LH:3
BRDA:8,0,0,4
BRDA:8,0,1,4
BRDA:10,1,0,4
BRDA:10,1,1,0
BRF:4
BRH:3
end_of_record
TN:
SF:app/assets/scripts/components/filter.js
FN:26,(anonymous_0)
FN:49,Filter
FN:66,(anonymous_2)
FN:70,(anonymous_3)
FN:77,(anonymous_4)
FN:77,(anonymous_5)
FN:81,onFilterSelect
FN:90,(anonymous_7)
FN:96,(anonymous_8)
FN:110,(anonymous_9)
FN:122,(anonymous_10)
FN:137,(anonymous_11)
FN:150,(anonymous_12)
FN:161,(anonymous_13)
FN:197,(anonymous_14)
FN:208,(anonymous_15)
FN:248,(anonymous_16)
FN:259,(anonymous_17)
FN:283,(anonymous_18)
FN:292,(anonymous_19)
FN:314,(anonymous_20)
FN:344,(anonymous_21)
FN:355,(anonymous_22)
FN:369,(anonymous_23)
FN:374,(anonymous_24)
FN:375,(anonymous_25)
FN:382,(anonymous_26)
FN:389,(anonymous_27)
FN:390,(anonymous_28)
FN:397,(anonymous_29)
FN:409,(anonymous_30)
FN:417,(anonymous_31)
FN:418,(anonymous_32)
FN:425,(anonymous_33)
FN:431,(anonymous_34)
FN:439,(anonymous_35)
FN:455,(anonymous_36)
FN:461,(anonymous_37)
FN:472,(anonymous_38)
FN:511,selector
FN:520,dispatcher
FN:522,(anonymous_41)
FNF:42
FNH:0
FNDA:0,(anonymous_0)
FNDA:0,Filter
FNDA:0,(anonymous_2)
FNDA:0,(anonymous_3)
FNDA:0,(anonymous_4)
FNDA:0,(anonymous_5)
FNDA:0,onFilterSelect
FNDA:0,(anonymous_7)
FNDA:0,(anonymous_8)
FNDA:0,(anonymous_9)
FNDA:0,(anonymous_10)
FNDA:0,(anonymous_11)
FNDA:0,(anonymous_12)
FNDA:0,(anonymous_13)
FNDA:0,(anonymous_14)
FNDA:0,(anonymous_15)
FNDA:0,(anonymous_16)
FNDA:0,(anonymous_17)
FNDA:0,(anonymous_18)
FNDA:0,(anonymous_19)
FNDA:0,(anonymous_20)
FNDA:0,(anonymous_21)
FNDA:0,(anonymous_22)
FNDA:0,(anonymous_23)
FNDA:0,(anonymous_24)
FNDA:0,(anonymous_25)
FNDA:0,(anonymous_26)
FNDA:0,(anonymous_27)
FNDA:0,(anonymous_28)
FNDA:0,(anonymous_29)
FNDA:0,(anonymous_30)
FNDA:0,(anonymous_31)
FNDA:0,(anonymous_32)
FNDA:0,(anonymous_33)
FNDA:0,(anonymous_34)
FNDA:0,(anonymous_35)
FNDA:0,(anonymous_36)
FNDA:0,(anonymous_37)
FNDA:0,(anonymous_38)
FNDA:0,selector
FNDA:0,dispatcher
FNDA:0,(anonymous_41)
DA:16,20
DA:24,20
DA:26,20
DA:37,0
DA:59,0
DA:60,0
DA:62,0
DA:66,0
DA:67,0
DA:70,0
DA:71,0
DA:77,0
DA:78,0
DA:79,0
DA:82,0
DA:86,0
DA:88,0
DA:89,0
DA:90,0
DA:95,0
DA:96,0
DA:101,0
DA:105,0
DA:106,0
DA:107,0
DA:108,0
DA:109,0
DA:110,0
DA:117,0
DA:121,0
DA:122,0
DA:126,0
DA:132,0
DA:135,0
DA:137,0
DA:141,0
DA:146,0
DA:148,0
DA:150,0
DA:154,0
DA:157,0
DA:159,0
DA:161,0
DA:165,0
DA:169,0
DA:170,0
DA:171,0
DA:175,0
DA:178,0
DA:198,0
DA:209,0
DA:249,0
DA:260,0
DA:284,0
DA:293,0
DA:315,0
DA:345,0
DA:355,0
DA:370,0
DA:375,0
DA:376,0
DA:382,0
DA:390,0
DA:391,0
DA:397,0
DA:409,0
DA:418,0
DA:419,0
DA:425,0
DA:432,0
DA:433,0
DA:440,0
DA:456,0
DA:461,0
DA:473,0
DA:474,0
DA:485,20
DA:512,0
DA:521,0
DA:522,0
DA:526,20
LF:81
LH:5
BRDA:38,0,0,0
BRDA:38,0,1,0
BRDA:39,1,0,0
BRDA:39,1,1,0
BRDA:40,2,0,0
BRDA:40,2,1,0
BRDA:41,3,0,0
BRDA:41,3,1,0
BRDA:78,4,0,0
BRDA:78,4,1,0
BRDA:79,5,0,0
BRDA:79,5,1,0
BRDA:86,6,0,0
BRDA:86,6,1,0
BRDA:86,6,2,0
BRDA:86,6,3,0
BRDA:86,6,4,0
BRDA:86,6,5,0
BRDA:86,6,6,0
BRDA:88,7,0,0
BRDA:88,7,1,0
BRDA:88,8,0,0
BRDA:88,8,1,0
BRDA:132,9,0,0
BRDA:132,9,1,0
BRDA:132,10,0,0
BRDA:132,10,1,0
BRDA:146,11,0,0
BRDA:146,11,1,0
BRDA:146,12,0,0
BRDA:146,12,1,0
BRDA:157,13,0,0
BRDA:157,13,1,0
BRDA:157,14,0,0
BRDA:157,14,1,0
BRDA:185,15,0,0
BRDA:185,15,1,0
BRDA:185,15,2,0
BRDA:185,15,3,0
BRDA:221,16,0,0
BRDA:221,16,1,0
BRDA:221,16,2,0
BRDA:221,16,3,0
BRDA:236,17,0,0
BRDA:236,17,1,0
BRDA:236,17,2,0
BRDA:236,17,3,0
BRDA:271,18,0,0
BRDA:271,18,1,0
BRDA:305,19,0,0
BRDA:305,19,1,0
BRDA:369,20,0,0
BRDA:369,20,1,0
BRDA:370,21,0,0
BRDA:370,21,1,0
BRDA:373,22,0,0
BRDA:373,22,1,0
BRDA:388,23,0,0
BRDA:388,23,1,0
BRDA:403,24,0,0
BRDA:403,24,1,0
BRDA:415,25,0,0
BRDA:415,25,1,0
BRDA:415,25,2,0
BRDA:434,26,0,0
BRDA:434,26,1,0
BRF:66
BRH:0
end_of_record
TN:
SF:app/assets/scripts/components/info-button.js
FN:7,(anonymous_0)
FN:16,InfoButton
FNF:2
FNH:0
FNDA:0,(anonymous_0)
FNDA:0,InfoButton
DA:6,20
DA:7,0
DA:13,20
DA:17,0
DA:18,0
DA:37,20
LF:6
LH:3
BRDA:7,0,0,0
BRDA:7,0,1,0
BRDA:28,1,0,0
BRDA:28,1,1,0
BRF:4
BRH:0
end_of_record
TN:
SF:app/assets/scripts/components/info-message.js
FN:4,InfoMessage
FNF:1
FNH:1
FNDA:4,InfoMessage
DA:5,4
DA:26,20
LF:2
LH:2
BRDA:8,0,0,4
BRDA:8,0,1,0
BRF:2
BRH:1
end_of_record
TN:
SF:app/assets/scripts/components/join-fold.js
FN:15,(anonymous_0)
FNF:1
FNH:1
FNDA:6,(anonymous_0)
DA:12,20
DA:16,6
DA:101,20
LF:3
LH:3
BRF:0
BRH:0
end_of_record
TN:
SF:app/assets/scripts/components/line-chart.js
FN:7,LineChart
FN:30,(anonymous_1)
FN:39,(anonymous_2)
FN:52,(anonymous_3)
FN:88,(anonymous_4)
FNF:5
FNH:0
FNDA:0,LineChart
FNDA:0,(anonymous_1)
FNDA:0,(anonymous_2)
FNDA:0,(anonymous_3)
FNDA:0,(anonymous_4)
DA:8,0
DA:21,0
DA:31,0
DA:33,0
DA:34,0
DA:36,0
DA:37,0
DA:40,0
DA:42,0
DA:53,0
DA:89,0
DA:103,0
DA:106,20
LF:13
LH:1
BRDA:31,0,0,0
BRDA:31,0,1,0
BRDA:33,1,0,0
BRDA:33,1,1,0
BRDA:53,2,0,0
BRDA:53,2,1,0
BRDA:53,3,0,0
BRDA:53,3,1,0
BRDA:74,4,0,0
BRDA:74,4,1,0
BRDA:75,5,0,0
BRDA:75,5,1,0
BRF:12
BRH:0
end_of_record
TN:
SF:app/assets/scripts/components/loading-message.js
FN:5,LoadingMessage
FNF:1
FNH:1
FNDA:5,LoadingMessage
DA:6,5
DA:8,5
DA:13,5
DA:40,20
LF:4
LH:4
BRDA:35,0,0,5
BRDA:35,0,1,4
BRDA:35,0,2,4
BRF:3
BRH:3
end_of_record
TN:
SF:app/assets/scripts/components/news-banner.js
FN:5,NewsBanner
FN:35,(anonymous_1)
FNF:2
FNH:1
FNDA:20,NewsBanner
FNDA:0,(anonymous_1)
DA:6,20
DA:8,20
DA:35,0
LF:3
LH:2
BRDA:8,0,0,20
BRDA:8,0,1,0
BRF:2
BRH:1
end_of_record
TN:
SF:app/assets/scripts/components/page-footer.js
FN:19,(anonymous_0)
FN:215,(anonymous_1)
FN:237,(anonymous_2)
FNF:3
FNH:2
FNDA:20,(anonymous_0)
FNDA:20,(anonymous_1)
FNDA:0,(anonymous_2)
DA:13,20
DA:21,20
DA:25,20
DA:215,20
DA:237,0
DA:272,20
LF:6
LH:5
BRDA:21,0,0,0
BRDA:21,0,1,20
BRF:2
BRH:1
end_of_record
TN:
SF:app/assets/scripts/components/page-header.js
FN:95,isDescendant
FN:107,(anonymous_1)
FN:120,(anonymous_2)
FN:124,(anonymous_3)
FN:128,(anonymous_4)
FN:141,(anonymous_5)
FN:148,(anonymous_6)
FN:156,(anonymous_7)
FN:164,(anonymous_8)
FN:165,(anonymous_9)
FN:238,(anonymous_10)
FN:269,(anonymous_11)
FN:290,(anonymous_12)
FN:308,(anonymous_13)
FN:327,(anonymous_14)
FNF:15
FNH:9
FNDA:0,isDescendant
FNDA:20,(anonymous_1)
FNDA:20,(anonymous_2)
FNDA:0,(anonymous_3)
FNDA:0,(anonymous_4)
FNDA:0,(anonymous_5)
FNDA:0,(anonymous_6)
FNDA:0,(anonymous_7)
FNDA:40,(anonymous_8)
FNDA:120,(anonymous_9)
FNDA:20,(anonymous_10)
FNDA:20,(anonymous_11)
FNDA:20,(anonymous_12)
FNDA:60,(anonymous_13)
FNDA:200,(anonymous_14)
DA:11,20
DA:96,0
DA:97,0
DA:98,0
DA:99,0
DA:101,0
DA:103,0
DA:108,20
DA:110,20
DA:115,20
DA:116,20
DA:117,20
DA:121,20
DA:125,0
DA:129,0
DA:133,0
DA:134,0
DA:142,0
DA:143,0
DA:150,0
DA:157,0
DA:158,0
DA:165,40
DA:166,120
DA:170,40
DA:239,20
DA:270,20
DA:291,20
DA:309,60
DA:328,200
DA:351,20
LF:31
LH:16
BRDA:98,0,0,0
BRDA:98,0,1,0
BRDA:133,1,0,0
BRDA:133,1,1,0
BRDA:144,2,0,0
BRDA:144,2,1,0
BRDA:270,3,0,20
BRDA:270,3,1,0
BRDA:291,4,0,20
BRDA:291,4,1,20
BRDA:295,5,0,20
BRDA:295,5,1,0
BRDA:336,6,0,200
BRDA:336,6,1,200
BRF:14
BRH:6
end_of_record
TN:
SF:app/assets/scripts/components/parameters-selection.js
FN:9,(anonymous_0)
FN:15,(anonymous_1)
FN:19,(anonymous_2)
FN:21,(anonymous_3)
FN:31,ParamSelect
FN:55,(anonymous_5)
FN:63,(anonymous_6)
FN:86,(anonymous_7)
FN:100,(anonymous_8)
FNF:9
FNH:0
FNDA:0,(anonymous_0)
FNDA:0,(anonymous_1)
FNDA:0,(anonymous_2)
FNDA:0,(anonymous_3)
FNDA:0,ParamSelect
FNDA:0,(anonymous_5)
FNDA:0,(anonymous_6)
FNDA:0,(anonymous_7)
FNDA:0,(anonymous_8)
DA:8,20
DA:9,0
DA:15,20
DA:16,0
DA:17,0
DA:19,0
DA:20,0
DA:21,0
DA:24,0
DA:32,0
DA:33,0
DA:47,0
DA:56,0
DA:57,0
DA:59,0
DA:61,0
DA:64,0
DA:87,0
DA:101,0
DA:120,20
LF:20
LH:3
BRDA:9,0,0,0
BRDA:9,0,1,0
BRDA:56,1,0,0
BRDA:56,1,1,0
BRDA:74,2,0,0
BRDA:74,2,1,0
BRF:6
BRH:0
end_of_record
TN:
SF:app/assets/scripts/components/pill.js
FN:4,Pill
FNF:1
FNH:0
FNDA:0,Pill
DA:5,0
DA:12,20
LF:2
LH:1
BRF:0
BRH:0
end_of_record
TN:
SF:app/assets/scripts/components/scroll-to-top.js
FN:4,ScrollToTop
FN:7,(anonymous_1)
FNF:2
FNH:2
FNDA:20,ScrollToTop
FNDA:20,(anonymous_1)
DA:5,20
DA:7,20
DA:8,20
DA:11,20
LF:4
LH:4
BRF:0
BRH:0
end_of_record
TN:
SF:app/assets/scripts/components/sensor-type-filter.js
FN:40,Section
FN:46,(anonymous_1)
FN:54,(anonymous_2)
FN:75,SensorTypeFilter
FN:91,(anonymous_4)
FN:109,(anonymous_5)
FN:115,(anonymous_6)
FN:161,(anonymous_7)
FNF:8
FNH:0
FNDA:0,Section
FNDA:0,(anonymous_1)
FNDA:0,(anonymous_2)
FNDA:0,SensorTypeFilter
FNDA:0,(anonymous_4)
FNDA:0,(anonymous_5)
FNDA:0,(anonymous_6)
FNDA:0,(anonymous_7)
DA:6,20
DA:12,20
DA:18,20
DA:21,20
DA:35,20
DA:36,20
DA:37,20
DA:38,20
DA:41,0
DA:42,0
DA:47,0
DA:55,0
DA:67,20
DA:83,0
DA:85,0
DA:86,0
DA:89,0
DA:90,0
DA:91,0
DA:92,0
DA:93,0
DA:96,0
DA:109,0
DA:116,0
DA:162,0
DA:176,20
LF:26
LH:10
BRDA:55,0,0,0
BRDA:55,0,1,0
BRDA:92,1,0,0
BRDA:92,1,1,0
BRDA:105,2,0,0
BRDA:105,2,1,0
BRDA:143,3,0,0
BRDA:143,3,1,0
BRDA:143,3,2,0
BRDA:143,3,3,0
BRDA:151,4,0,0
BRDA:151,4,1,0
BRDA:151,4,2,0
BRDA:156,5,0,0
BRDA:156,5,1,0
BRDA:156,5,2,0
BRDA:156,5,3,0
BRF:17
BRH:0
end_of_record
TN:
SF:app/assets/scripts/components/smart-link.js
FN:10,SmartLink
FNF:1
FNH:1
FNDA:240,SmartLink
DA:11,240
DA:12,240
DA:14,240
DA:21,20
LF:4
LH:4
BRDA:14,0,0,60
BRDA:14,0,1,180
BRDA:14,1,0,240
BRDA:14,1,1,180
BRF:4
BRH:4
end_of_record
TN:
SF:app/assets/scripts/components/sources-list.js
FN:16,SourcesList
FN:19,(anonymous_1)
FNF:2
FNH:0
FNDA:0,SourcesList
FNDA:0,(anonymous_1)
DA:7,20
DA:17,0
DA:20,0
DA:60,20
LF:4
LH:2
BRDA:21,0,0,0
BRDA:21,0,1,0
BRDA:35,1,0,0
BRDA:35,1,1,0
BRDA:35,1,2,0
BRDA:39,2,0,0
BRDA:39,2,1,0
BRDA:41,3,0,0
BRDA:41,3,1,0
BRF:9
BRH:0
end_of_record
TN:
SF:app/assets/scripts/components/sponsor-list.js
FN:9,getImage
FN:15,(anonymous_1)
FN:18,(anonymous_2)
FNF:3
FNH:3
FNDA:132,getImage
FNDA:6,(anonymous_1)
FNDA:132,(anonymous_2)
DA:10,132
DA:11,132
DA:16,6
DA:19,132
DA:37,20
DA:38,20
LF:6
LH:6
BRDA:11,0,0,132
BRDA:11,0,1,66
BRDA:11,0,2,6
BRDA:37,1,0,20
BRDA:37,1,1,0
BRF:5
BRH:4
end_of_record
TN:
SF:app/assets/scripts/components/tabbed-selector.js
FN:18,TabbedSelector
FN:23,(anonymous_1)
FN:30,(anonymous_2)
FNF:3
FNH:0
FNDA:0,TabbedSelector
FNDA:0,(anonymous_1)
FNDA:0,(anonymous_2)
DA:6,20
DA:19,0
DA:21,0
DA:24,0
DA:31,0
DA:32,0
DA:42,20
LF:7
LH:2
BRF:0
BRH:0
end_of_record
TN:
SF:app/assets/scripts/components/table.js
FN:33,TableComponent
FN:40,(anonymous_1)
FN:49,(anonymous_2)
FN:57,(anonymous_3)
FN:60,(anonymous_4)
FN:91,(anonymous_5)
FN:94,(anonymous_6)
FNF:7
FNH:0
FNDA:0,TableComponent
FNDA:0,(anonymous_1)
FNDA:0,(anonymous_2)
FNDA:0,(anonymous_3)
FNDA:0,(anonymous_4)
FNDA:0,(anonymous_5)
FNDA:0,(anonymous_6)
DA:34,0
DA:35,0
DA:36,0
DA:38,0
DA:41,0
DA:45,0
DA:50,0
DA:52,0
DA:56,0
DA:57,0
DA:58,0
DA:59,0
DA:60,0
DA:62,0
DA:63,0
DA:66,0
DA:72,0
DA:85,0
DA:92,0
DA:95,0
DA:98,0
DA:102,0
DA:112,20
LF:23
LH:1
BRDA:41,0,0,0
BRDA:41,0,1,0
BRDA:52,1,0,0
BRDA:52,1,1,0
BRDA:56,2,0,0
BRDA:56,2,1,0
BRDA:59,3,0,0
BRDA:59,3,1,0
BRDA:68,4,0,0
BRDA:68,4,1,0
BRDA:69,5,0,0
BRDA:69,5,1,0
BRDA:98,6,0,0
BRDA:98,6,1,0
BRF:14
BRH:0
end_of_record
TN:
SF:app/assets/scripts/components/team-list.js
FN:10,getImage
FN:23,(anonymous_1)
FN:57,(anonymous_2)
FN:60,(anonymous_3)
FNF:4
FNH:4
FNDA:126,getImage
FNDA:126,(anonymous_1)
FNDA:18,(anonymous_2)
FNDA:126,(anonymous_3)
DA:12,126
DA:14,126
DA:24,126
DA:26,126
DA:28,126
DA:58,18
DA:60,126
DA:66,20
DA:67,20
LF:9
LH:9
BRDA:12,0,0,126
BRDA:12,0,1,120
BRDA:12,0,2,6
BRDA:15,1,0,126
BRDA:15,1,1,120
BRDA:15,1,2,0
BRDA:15,1,3,0
BRDA:32,2,0,54
BRDA:32,2,1,72
BRDA:66,3,0,20
BRDA:66,3,1,0
BRF:11
BRH:8
end_of_record
TN:
SF:app/assets/scripts/components/testimonials.js
FN:10,getImage
FN:20,(anonymous_1)
FN:26,(anonymous_2)
FN:64,(anonymous_3)
FNF:4
FNH:4
FNDA:2,getImage
FNDA:2,(anonymous_1)
FNDA:2,(anonymous_2)
FNDA:2,(anonymous_3)
DA:11,2
DA:12,2
DA:21,2
DA:23,2
DA:35,2
DA:37,2
DA:39,2
DA:65,2
DA:78,20
DA:79,20
LF:10
LH:10
BRDA:13,0,0,2
BRDA:13,0,1,2
BRDA:13,0,2,0
BRDA:13,0,3,0
BRDA:52,1,0,2
BRDA:52,1,1,0
BRDA:78,2,0,20
BRDA:78,2,1,0
BRF:8
BRH:4
end_of_record
TN:
SF:app/assets/scripts/components/workshop-fold.js
FN:13,(anonymous_0)
FNF:1
FNH:1
FNDA:2,(anonymous_0)
DA:10,20
DA:14,2
DA:46,20
LF:3
LH:3
BRF:0
BRH:0
end_of_record
TN:
SF:app/assets/scripts/components/card/card-details.js
FN:4,CardDetails
FN:8,(anonymous_1)
FN:9,(anonymous_2)
FNF:3
FNH:3
FNDA:520,CardDetails
FNDA:1040,(anonymous_1)
FNDA:1040,(anonymous_2)
DA:5,520
DA:8,1040
DA:10,1040
DA:19,20
LF:4
LH:4
BRF:0
BRH:0
end_of_record
TN:
SF:app/assets/scripts/components/card/card-tag.js
FN:4,CardTag
FNF:1
FNH:0
FNDA:0,CardTag
DA:5,0
DA:14,20
LF:2
LH:1
BRDA:6,0,0,0
BRDA:6,0,1,0
BRF:2
BRH:0
end_of_record
TN:
SF:app/assets/scripts/components/card/card.js
FN:31,(anonymous_0)
FN:55,Card
FN:99,(anonymous_2)
FN:100,(anonymous_3)
FNF:4
FNH:1
FNDA:0,(anonymous_0)
FNDA:520,Card
FNDA:0,(anonymous_2)
FNDA:0,(anonymous_3)
DA:9,20
DA:11,20
DA:13,20
DA:18,20
DA:20,20
DA:25,20
DA:29,20
DA:30,20
DA:32,0
DA:34,0
DA:36,0
DA:38,0
DA:40,0
DA:45,20
DA:69,520
DA:99,0
DA:100,0
DA:117,20
LF:18
LH:11
BRDA:32,0,0,0
BRDA:32,0,1,0
BRDA:32,0,2,0
BRDA:32,0,3,0
BRDA:71,1,0,520
BRDA:71,1,1,0
BRDA:76,2,0,520
BRDA:76,2,1,0
BRDA:78,3,0,0
BRDA:78,3,1,520
BRDA:82,4,0,520
BRDA:82,4,1,0
BRDA:86,5,0,520
BRDA:86,5,1,520
BRDA:91,6,0,520
BRDA:91,6,1,0
BRDA:93,7,0,520
BRDA:93,7,1,0
BRDA:95,8,0,0
BRDA:95,8,1,0
BRDA:106,9,0,0
BRDA:106,9,1,520
BRDA:107,10,0,520
BRDA:107,10,1,520
BRDA:109,11,0,520
BRDA:109,11,1,520
BRF:26
BRH:13
end_of_record
TN:
SF:app/assets/scripts/components/card/footer-actions.js
FN:5,FooterActions
FN:13,(anonymous_1)
FNF:2
FNH:1
FNDA:520,FooterActions
FNDA:0,(anonymous_1)
DA:6,520
DA:14,0
DA:15,0
DA:30,20
LF:4
LH:2
BRF:0
BRH:0
end_of_record
TN:
SF:app/assets/scripts/components/card/index.js
FNF:0
FNH:0
LF:0
LH:0
BRF:0
BRH:0
end_of_record
TN:
SF:app/assets/scripts/components/dashboard/details-card.js
FN:10,DetailsCard
FN:21,(anonymous_1)
FN:31,(anonymous_2)
FNF:3
FNH:0
FNDA:0,DetailsCard
FNDA:0,(anonymous_1)
FNDA:0,(anonymous_2)
DA:11,0
DA:12,0
DA:14,0
DA:22,0
DA:32,0
DA:79,20
LF:6
LH:1
BRDA:11,0,0,0
BRDA:11,0,1,0
BRDA:12,1,0,0
BRDA:12,1,1,0
BRDA:33,2,0,0
BRDA:33,2,1,0
BRDA:33,2,2,0
BRDA:33,2,3,0
BRDA:35,3,0,0
BRDA:35,3,1,0
BRDA:35,3,2,0
BRDA:41,4,0,0
BRDA:41,4,1,0
BRDA:41,4,2,0
BRDA:41,4,3,0
BRDA:49,5,0,0
BRDA:49,5,1,0
BRF:17
BRH:0
end_of_record
TN:
SF:app/assets/scripts/components/dashboard/lastest-measurements-card.js
FN:18,LatestMeasurementsCard
FN:25,(anonymous_1)
FN:28,(anonymous_2)
FN:44,(anonymous_3)
FNF:4
FNH:0
FNDA:0,LatestMeasurementsCard
FNDA:0,(anonymous_1)
FNDA:0,(anonymous_2)
FNDA:0,(anonymous_3)
DA:10,20
DA:19,0
DA:26,0
DA:29,0
DA:44,0
DA:49,20
LF:6
LH:2
BRDA:34,0,0,0
BRDA:34,0,1,0
BRF:2
BRH:0
end_of_record
TN:
SF:app/assets/scripts/components/dashboard/mobile-data-locations-card.js
FN:18,MobileDataLocationsCard
FN:25,(anonymous_1)
FN:30,(anonymous_2)
FNF:3
FNH:0
FNDA:0,MobileDataLocationsCard
FNDA:0,(anonymous_1)
FNDA:0,(anonymous_2)
DA:12,20
DA:23,0
DA:26,0
DA:31,0
DA:32,0
DA:41,0
DA:60,20
LF:7
LH:2
BRDA:31,0,0,0
BRDA:31,0,1,0
BRF:2
BRH:0
end_of_record
TN:
SF:app/assets/scripts/components/dashboard/parameters-card.js
FN:23,(anonymous_0)
FN:31,(anonymous_1)
FN:37,ParametersCard
FN:61,(anonymous_3)
FN:64,(anonymous_4)
FN:69,(anonymous_5)
FN:70,(anonymous_6)
FN:72,(anonymous_7)
FN:105,(anonymous_8)
FN:112,(anonymous_9)
FN:113,(anonymous_10)
FN:120,(anonymous_11)
FN:122,(anonymous_12)
FN:137,(anonymous_13)
FN:140,(anonymous_14)
FNF:15
FNH:0
FNDA:0,(anonymous_0)
FNDA:0,(anonymous_1)
FNDA:0,ParametersCard
FNDA:0,(anonymous_3)
FNDA:0,(anonymous_4)
FNDA:0,(anonymous_5)
FNDA:0,(anonymous_6)
FNDA:0,(anonymous_7)
FNDA:0,(anonymous_8)
FNDA:0,(anonymous_9)
FNDA:0,(anonymous_10)
FNDA:0,(anonymous_11)
FNDA:0,(anonymous_12)
FNDA:0,(anonymous_13)
FNDA:0,(anonymous_14)
DA:13,20
DA:24,0
DA:32,0
DA:44,0
DA:51,0
DA:54,0
DA:59,0
DA:61,0
DA:62,0
DA:64,0
DA:65,0
DA:69,0
DA:70,0
DA:72,0
DA:73,0
DA:79,0
DA:80,0
DA:83,0
DA:98,0
DA:99,0
DA:100,0
DA:101,0
DA:104,0
DA:106,0
DA:107,0
DA:109,0
DA:113,0
DA:121,0
DA:122,0
DA:132,0
DA:138,0
DA:139,0
DA:140,0
DA:146,0
DA:148,0
DA:155,20
LF:36
LH:2
BRDA:24,0,0,0
BRDA:24,0,1,0
BRDA:54,1,0,0
BRDA:54,1,1,0
BRDA:59,2,0,0
BRDA:59,2,1,0
BRDA:62,3,0,0
BRDA:62,3,1,0
BRDA:86,4,0,0
BRDA:86,4,1,0
BRDA:88,5,0,0
BRDA:88,5,1,0
BRDA:91,6,0,0
BRDA:91,6,1,0
BRDA:98,7,0,0
BRDA:98,7,1,0
BRDA:100,8,0,0
BRDA:100,8,1,0
BRDA:106,9,0,0
BRDA:106,9,1,0
BRDA:138,10,0,0
BRDA:138,10,1,0
BRDA:139,11,0,0
BRDA:139,11,1,0
BRDA:139,12,0,0
BRDA:139,12,1,0
BRDA:143,13,0,0
BRDA:143,13,1,0
BRF:28
BRH:0
end_of_record
TN:
SF:app/assets/scripts/components/dashboard/sources-card.js
FN:16,SourceInfo
FN:23,(anonymous_1)
FN:41,(anonymous_2)
FNF:3
FNH:0
FNDA:0,SourceInfo
FNDA:0,(anonymous_1)
FNDA:0,(anonymous_2)
DA:10,20
DA:17,0
DA:24,0
DA:42,0
DA:59,20
LF:5
LH:2
BRDA:19,0,0,0
BRDA:19,0,1,0
BRDA:19,1,0,0
BRDA:19,1,1,0
BRDA:24,2,0,0
BRDA:24,2,1,0
BRDA:40,3,0,0
BRDA:40,3,1,0
BRDA:40,4,0,0
BRDA:40,4,1,0
BRF:10
BRH:0
end_of_record
TN:
SF:app/assets/scripts/components/dashboard/temporal-coverage-card.js
FN:86,(anonymous_0)
FN:98,TemporalCoverageCard
FN:113,(anonymous_2)
FN:114,(anonymous_3)
FN:115,(anonymous_4)
FN:124,(anonymous_5)
FN:170,(anonymous_6)
FN:177,(anonymous_7)
FN:178,(anonymous_8)
FN:188,(anonymous_9)
FN:190,(anonymous_10)
FN:206,(anonymous_11)
FN:207,(anonymous_12)
FN:215,(anonymous_13)
FN:218,(anonymous_14)
FN:239,(anonymous_15)
FN:262,(anonymous_16)
FN:265,(anonymous_17)
FN:270,(anonymous_18)
FN:280,(anonymous_19)
FN:340,Chart
FN:350,(anonymous_21)
FN:353,(anonymous_22)
FNF:23
FNH:0
FNDA:0,(anonymous_0)
FNDA:0,TemporalCoverageCard
FNDA:0,(anonymous_2)
FNDA:0,(anonymous_3)
FNDA:0,(anonymous_4)
FNDA:0,(anonymous_5)
FNDA:0,(anonymous_6)
FNDA:0,(anonymous_7)
FNDA:0,(anonymous_8)
FNDA:0,(anonymous_9)
FNDA:0,(anonymous_10)
FNDA:0,(anonymous_11)
FNDA:0,(anonymous_12)
FNDA:0,(anonymous_13)
FNDA:0,(anonymous_14)
FNDA:0,(anonymous_15)
FNDA:0,(anonymous_16)
FNDA:0,(anonymous_17)
FNDA:0,(anonymous_18)
FNDA:0,(anonymous_19)
FNDA:0,Chart
FNDA:0,(anonymous_21)
FNDA:0,(anonymous_22)
DA:19,20
DA:23,20
DA:34,20
DA:35,20
DA:36,20
DA:38,20
DA:40,20
DA:86,20
DA:87,0
DA:106,0
DA:111,0
DA:113,0
DA:114,0
DA:115,0
DA:120,0
DA:124,0
DA:125,0
DA:131,0
DA:132,0
DA:135,0
DA:153,0
DA:154,0
DA:159,0
DA:165,0
DA:171,0
DA:172,0
DA:174,0
DA:178,0
DA:189,0
DA:190,0
DA:203,0
DA:205,0
DA:207,0
DA:208,0
DA:216,0
DA:218,0
DA:219,0
DA:230,0
DA:238,0
DA:240,0
DA:241,0
DA:252,0
DA:253,0
DA:254,0
DA:255,0
DA:258,0
DA:263,0
DA:265,0
DA:271,0
DA:281,0
DA:325,20
DA:341,0
DA:350,0
DA:353,0
DA:365,20
LF:55
LH:10
BRDA:107,0,0,0
BRDA:107,0,1,0
BRDA:108,1,0,0
BRDA:108,1,1,0
BRDA:120,2,0,0
BRDA:120,2,1,0
BRDA:141,3,0,0
BRDA:141,3,1,0
BRDA:143,4,0,0
BRDA:143,4,1,0
BRDA:146,5,0,0
BRDA:146,5,1,0
BRDA:153,6,0,0
BRDA:153,6,1,0
BRDA:171,7,0,0
BRDA:171,7,1,0
BRDA:203,8,0,0
BRDA:203,8,1,0
BRDA:209,9,0,0
BRDA:209,9,1,0
BRDA:209,9,2,0
BRDA:230,10,0,0
BRDA:230,10,1,0
BRDA:230,10,2,0
BRDA:230,10,3,0
BRDA:230,10,4,0
BRDA:230,10,5,0
BRDA:230,10,6,0
BRDA:230,10,7,0
BRDA:230,10,8,0
BRDA:238,11,0,0
BRDA:238,11,1,0
BRDA:245,12,0,0
BRDA:245,12,1,0
BRDA:252,13,0,0
BRDA:252,13,1,0
BRDA:252,14,0,0
BRDA:252,14,1,0
BRDA:252,14,2,0
BRDA:254,15,0,0
BRDA:254,15,1,0
BRDA:254,16,0,0
BRDA:254,16,1,0
BRDA:254,16,2,0
BRDA:266,17,0,0
BRDA:266,17,1,0
BRDA:267,18,0,0
BRDA:267,18,1,0
BRDA:276,19,0,0
BRDA:276,19,1,0
BRDA:281,20,0,0
BRDA:281,20,1,0
BRDA:305,21,0,0
BRDA:305,21,1,0
BRDA:346,22,0,0
BRDA:346,22,1,0
BRDA:348,23,0,0
BRDA:348,23,1,0
BRDA:353,24,0,0
BRDA:353,24,1,0
BRDA:356,25,0,0
BRDA:356,25,1,0
BRF:62
BRH:0
end_of_record
TN:
SF:app/assets/scripts/components/dashboard/time-series-card.js
FN:38,TimeSeriesCard
FN:64,(anonymous_1)
FN:68,(anonymous_2)
FN:75,(anonymous_3)
FN:80,(anonymous_4)
FN:81,(anonymous_5)
FN:83,(anonymous_6)
FN:108,(anonymous_7)
FN:109,(anonymous_8)
FN:120,(anonymous_9)
FN:127,(anonymous_10)
FN:128,(anonymous_11)
FN:135,(anonymous_12)
FN:137,(anonymous_13)
FN:150,(anonymous_14)
FN:165,(anonymous_15)
FN:168,(anonymous_16)
FN:173,(anonymous_17)
FN:190,(anonymous_18)
FN:194,(anonymous_19)
FN:205,(anonymous_20)
FNF:21
FNH:0
FNDA:0,TimeSeriesCard
FNDA:0,(anonymous_1)
FNDA:0,(anonymous_2)
FNDA:0,(anonymous_3)
FNDA:0,(anonymous_4)
FNDA:0,(anonymous_5)
FNDA:0,(anonymous_6)
FNDA:0,(anonymous_7)
FNDA:0,(anonymous_8)
FNDA:0,(anonymous_9)
FNDA:0,(anonymous_10)
FNDA:0,(anonymous_11)
FNDA:0,(anonymous_12)
FNDA:0,(anonymous_13)
FNDA:0,(anonymous_14)
FNDA:0,(anonymous_15)
FNDA:0,(anonymous_16)
FNDA:0,(anonymous_17)
FNDA:0,(anonymous_18)
FNDA:0,(anonymous_19)
FNDA:0,(anonymous_20)
DA:19,20
DA:25,20
DA:31,20
DA:48,0
DA:50,0
DA:56,0
DA:61,0
DA:62,0
DA:64,0
DA:65,0
DA:66,0
DA:68,0
DA:75,0
DA:76,0
DA:80,0
DA:81,0
DA:83,0
DA:84,0
DA:90,0
DA:91,0
DA:94,0
DA:108,0
DA:109,0
DA:113,0
DA:114,0
DA:115,0
DA:116,0
DA:119,0
DA:121,0
DA:122,0
DA:124,0
DA:128,0
DA:136,0
DA:137,0
DA:147,0
DA:148,0
DA:150,0
DA:151,0
DA:152,0
DA:153,0
DA:154,0
DA:156,0
DA:157,0
DA:159,0
DA:161,0
DA:166,0
DA:168,0
DA:174,0
DA:191,0
DA:194,0
DA:205,0
DA:222,20
LF:52
LH:4
BRDA:51,0,0,0
BRDA:51,0,1,0
BRDA:52,1,0,0
BRDA:52,1,1,0
BRDA:56,2,0,0
BRDA:56,2,1,0
BRDA:61,3,0,0
BRDA:61,3,1,0
BRDA:62,4,0,0
BRDA:62,4,1,0
BRDA:65,5,0,0
BRDA:65,5,1,0
BRDA:98,6,0,0
BRDA:98,6,1,0
BRDA:100,7,0,0
BRDA:100,7,1,0
BRDA:103,8,0,0
BRDA:103,8,1,0
BRDA:113,9,0,0
BRDA:113,9,1,0
BRDA:115,10,0,0
BRDA:115,10,1,0
BRDA:121,11,0,0
BRDA:121,11,1,0
BRDA:147,12,0,0
BRDA:147,12,1,0
BRDA:147,13,0,0
BRDA:147,13,1,0
BRDA:156,14,0,0
BRDA:156,14,1,0
BRDA:157,15,0,0
BRDA:157,15,1,0
BRDA:169,16,0,0
BRDA:169,16,1,0
BRDA:170,17,0,0
BRDA:170,17,1,0
BRDA:179,18,0,0
BRDA:179,18,1,0
BRDA:181,19,0,0
BRDA:181,19,1,0
BRDA:181,19,2,0
BRDA:192,20,0,0
BRDA:192,20,1,0
BRDA:192,21,0,0
BRDA:192,21,1,0
BRDA:198,22,0,0
BRDA:198,22,1,0
BRDA:199,23,0,0
BRDA:199,23,1,0
BRDA:201,24,0,0
BRDA:201,24,1,0
BRDA:203,25,0,0
BRDA:203,25,1,0
BRDA:203,26,0,0
BRDA:203,26,1,0
BRDA:209,27,0,0
BRDA:209,27,1,0
BRDA:210,28,0,0
BRDA:210,28,1,0
BRF:59
BRH:0
end_of_record
TN:
SF:app/assets/scripts/components/header/error-header.js
FN:4,ErrorHeader
FNF:1
FNH:1
FNDA:1,ErrorHeader
DA:5,1
LF:1
LH:1
BRF:0
BRH:0
end_of_record
TN:
SF:app/assets/scripts/components/header/header-message.js
FN:17,(anonymous_0)
FNF:1
FNH:1
FNDA:2,(anonymous_0)
DA:10,20
DA:18,2
DA:26,20
LF:3
LH:3
BRF:0
BRH:0
end_of_record
TN:
SF:app/assets/scripts/components/header/header.js
FN:17,Header
FN:75,(anonymous_1)
FNF:2
FNH:1
FNDA:12,Header
FNDA:0,(anonymous_1)
DA:10,20
DA:31,12
DA:76,0
DA:158,20
LF:4
LH:3
BRDA:35,0,0,12
BRDA:35,0,1,12
BRDA:42,1,0,12
BRDA:42,1,1,0
BRDA:44,2,0,12
BRDA:44,2,1,12
BRDA:47,3,0,12
BRDA:47,3,1,0
BRDA:47,3,2,12
BRDA:49,4,0,12
BRDA:49,4,1,12
BRDA:58,5,0,12
BRDA:58,5,1,12
BRDA:73,6,0,12
BRDA:73,6,1,0
BRDA:87,7,0,12
BRDA:87,7,1,0
BRDA:92,8,0,12
BRDA:92,8,1,0
BRDA:97,9,0,12
BRDA:97,9,1,0
BRDA:99,10,0,0
BRDA:99,10,1,0
BRDA:104,11,0,12
BRDA:104,11,1,12
BRDA:106,12,0,12
BRDA:106,12,1,12
BRDA:120,13,0,12
BRDA:120,13,1,0
BRDA:133,14,0,12
BRDA:133,14,1,0
BRF:31
BRH:21
end_of_record
TN:
SF:app/assets/scripts/components/header/hub-header.js
FN:8,HubHeader
FNF:1
FNH:1
FNDA:16,HubHeader
DA:9,16
DA:65,20
LF:2
LH:2
BRDA:42,0,0,12
BRDA:42,0,1,0
BRF:2
BRH:1
end_of_record
TN:
SF:app/assets/scripts/components/header/index.js
FNF:0
FNH:0
LF:0
LH:0
BRF:0
BRH:0
end_of_record
TN:
SF:app/assets/scripts/components/header/loading-header.js
FN:5,LoadingHeader
FNF:1
FNH:1
FNDA:1,LoadingHeader
DA:6,1
LF:1
LH:1
BRF:0
BRH:0
end_of_record
TN:
SF:app/assets/scripts/components/map/index.js
FNF:0
FNH:0
LF:0
LH:0
BRF:0
BRH:0
end_of_record
TN:
SF:app/assets/scripts/components/map/legend.js
FN:60,(anonymous_0)
FN:61,onFilterSelect
FN:78,(anonymous_2)
FN:87,(anonymous_3)
FN:109,(anonymous_4)
FN:135,(anonymous_5)
FN:173,Legend
FN:184,(anonymous_7)
FNF:8
FNH:0
FNDA:0,(anonymous_0)
FNDA:0,onFilterSelect
FNDA:0,(anonymous_2)
FNDA:0,(anonymous_3)
FNDA:0,(anonymous_4)
FNDA:0,(anonymous_5)
FNDA:0,Legend
FNDA:0,(anonymous_7)
DA:10,20
DA:33,20
DA:38,20
DA:50,20
DA:56,20
DA:60,20
DA:62,0
DA:63,0
DA:66,0
DA:79,0
DA:87,0
DA:98,20
DA:109,20
DA:114,0
DA:116,0
DA:118,0
DA:136,0
DA:160,20
DA:180,0
DA:183,0
DA:184,0
DA:186,0
DA:189,0
DA:235,20
LF:24
LH:10
BRDA:79,0,0,0
BRDA:79,0,1,0
BRDA:87,1,0,0
BRDA:87,1,1,0
BRDA:122,2,0,0
BRDA:122,2,1,0
BRDA:132,3,0,0
BRDA:132,3,1,0
BRDA:183,4,0,0
BRDA:183,4,1,0
BRDA:183,5,0,0
BRDA:183,5,1,0
BRDA:186,6,0,0
BRDA:186,6,1,0
BRDA:186,6,2,0
BRDA:192,7,0,0
BRDA:192,7,1,0
BRDA:192,7,2,0
BRDA:216,8,0,0
BRDA:216,8,1,0
BRDA:216,8,2,0
BRDA:220,9,0,0
BRDA:220,9,1,0
BRF:23
BRH:0
end_of_record
TN:
SF:app/assets/scripts/components/map/location-layer.js
FN:14,LocationLayer
FN:22,(anonymous_1)
FN:85,(anonymous_2)
FNF:3
FNH:0
FNDA:0,LocationLayer
FNDA:0,(anonymous_1)
FNDA:0,(anonymous_2)
DA:20,0
DA:22,0
DA:23,0
DA:24,0
DA:27,0
DA:46,0
DA:64,0
DA:67,0
DA:85,0
DA:86,0
DA:87,0
DA:88,0
DA:89,0
DA:93,0
DA:96,20
LF:15
LH:1
BRDA:23,0,0,0
BRDA:23,0,1,0
BRDA:24,1,0,0
BRDA:24,1,1,0
BRDA:74,2,0,0
BRDA:74,2,1,0
BRDA:86,3,0,0
BRDA:86,3,1,0
BRDA:87,4,0,0
BRDA:87,4,1,0
BRDA:88,5,0,0
BRDA:88,5,1,0
BRF:12
BRH:0
end_of_record
TN:
SF:app/assets/scripts/components/map/locations-layer.js
FN:14,LocationsLayer
FN:19,(anonymous_1)
FN:60,(anonymous_2)
FN:67,(anonymous_3)
FN:72,(anonymous_4)
FNF:5
FNH:0
FNDA:0,LocationsLayer
FNDA:0,(anonymous_1)
FNDA:0,(anonymous_2)
FNDA:0,(anonymous_3)
FNDA:0,(anonymous_4)
DA:15,0
DA:17,0
DA:19,0
DA:20,0
DA:21,0
DA:23,0
DA:38,0
DA:53,0
DA:56,0
DA:57,0
DA:60,0
DA:61,0
DA:62,0
DA:63,0
DA:67,0
DA:68,0
DA:69,0
DA:70,0
DA:72,0
DA:73,0
DA:74,0
DA:75,0
DA:76,0
DA:80,0
DA:83,20
LF:25
LH:1
BRDA:20,0,0,0
BRDA:20,0,1,0
BRDA:21,1,0,0
BRDA:21,1,1,0
BRDA:56,2,0,0
BRDA:56,2,1,0
BRDA:61,3,0,0
BRDA:61,3,1,0
BRDA:62,4,0,0
BRDA:62,4,1,0
BRDA:68,5,0,0
BRDA:68,5,1,0
BRDA:68,6,0,0
BRDA:68,6,1,0
BRDA:73,7,0,0
BRDA:73,7,1,0
BRDA:75,8,0,0
BRDA:75,8,1,0
BRF:18
BRH:0
end_of_record
TN:
SF:app/assets/scripts/components/map/locations-source.js
FN:7,LocationsSource
FN:10,(anonymous_1)
FN:30,(anonymous_2)
FN:39,(anonymous_3)
FNF:4
FNH:0
FNDA:0,LocationsSource
FNDA:0,(anonymous_1)
FNDA:0,(anonymous_2)
FNDA:0,(anonymous_3)
DA:8,0
DA:10,0
DA:11,0
DA:12,0
DA:15,0
DA:28,0
DA:30,0
DA:31,0
DA:35,0
DA:40,0
DA:49,20
LF:11
LH:1
BRDA:11,0,0,0
BRDA:11,0,1,0
BRDA:37,1,0,0
BRDA:37,1,1,0
BRDA:37,1,2,0
BRDA:37,2,0,0
BRDA:37,2,1,0
BRDA:37,2,2,0
BRF:8
BRH:0
end_of_record
TN:
SF:app/assets/scripts/components/map/map-interaction.js
FN:7,addPopover
FN:9,(anonymous_1)
FN:14,(anonymous_2)
FN:18,(anonymous_3)
FN:49,debugProperties
FN:55,(anonymous_5)
FN:73,(anonymous_6)
FNF:7
FNH:0
FNDA:0,addPopover
FNDA:0,(anonymous_1)
FNDA:0,(anonymous_2)
FNDA:0,(anonymous_3)
FNDA:0,debugProperties
FNDA:0,(anonymous_5)
FNDA:0,(anonymous_6)
DA:9,0
DA:10,0
DA:14,0
DA:15,0
DA:18,0
DA:19,0
DA:21,0
DA:26,0
DA:27,0
DA:30,0
DA:32,0
DA:40,0
DA:46,0
DA:50,0
DA:55,0
DA:56,0
DA:58,0
DA:59,0
DA:64,0
DA:65,0
DA:68,0
DA:70,0
DA:73,0
DA:74,0
DA:75,0
LF:25
LH:0
BRDA:27,0,0,0
BRDA:27,0,1,0
BRDA:30,1,0,0
BRDA:30,1,1,0
BRDA:65,2,0,0
BRDA:65,2,1,0
BRDA:68,3,0,0
BRDA:68,3,1,0
BRF:8
BRH:0
end_of_record
TN:
SF:app/assets/scripts/components/map/map.js
FN:8,Map
FN:13,(anonymous_1)
FN:26,(anonymous_2)
FN:41,(anonymous_3)
FN:54,(anonymous_4)
FNF:5
FNH:0
FNDA:0,Map
FNDA:0,(anonymous_1)
FNDA:0,(anonymous_2)
FNDA:0,(anonymous_3)
FNDA:0,(anonymous_4)
DA:9,0
DA:11,0
DA:13,0
DA:14,0
DA:15,0
DA:22,0
DA:24,0
DA:26,0
DA:27,0
DA:29,0
DA:31,0
DA:34,0
DA:35,0
DA:36,0
DA:37,0
DA:41,0
DA:42,0
DA:43,0
DA:48,0
DA:55,0
DA:65,20
LF:21
LH:1
BRDA:24,0,0,0
BRDA:24,0,1,0
BRDA:29,1,0,0
BRDA:29,1,1,0
BRDA:34,2,0,0
BRDA:34,2,1,0
BRDA:36,3,0,0
BRDA:36,3,1,0
BRDA:42,4,0,0
BRDA:42,4,1,0
BRDA:52,5,0,0
BRDA:52,5,1,0
BRDA:52,5,2,0
BRF:13
BRH:0
end_of_record
TN:
SF:app/assets/scripts/components/map/measurements-layer.js
FN:19,MeasurementsLayer
FN:30,(anonymous_1)
FN:82,(anonymous_2)
FN:90,(anonymous_3)
FN:95,(anonymous_4)
FNF:5
FNH:0
FNDA:0,MeasurementsLayer
FNDA:0,(anonymous_1)
FNDA:0,(anonymous_2)
FNDA:0,(anonymous_3)
FNDA:0,(anonymous_4)
DA:25,0
DA:27,0
DA:29,0
DA:30,0
DA:31,0
DA:32,0
DA:34,0
DA:36,0
DA:53,0
DA:70,0
DA:78,0
DA:79,0
DA:82,0
DA:83,0
DA:84,0
DA:85,0
DA:86,0
DA:90,0
DA:91,0
DA:92,0
DA:93,0
DA:95,0
DA:96,0
DA:97,0
DA:98,0
DA:99,0
DA:103,0
DA:106,20
LF:28
LH:1
BRDA:31,0,0,0
BRDA:31,0,1,0
BRDA:32,1,0,0
BRDA:32,1,1,0
BRDA:42,2,0,0
BRDA:42,2,1,0
BRDA:59,3,0,0
BRDA:59,3,1,0
BRDA:78,4,0,0
BRDA:78,4,1,0
BRDA:83,5,0,0
BRDA:83,5,1,0
BRDA:85,6,0,0
BRDA:85,6,1,0
BRDA:91,7,0,0
BRDA:91,7,1,0
BRDA:91,8,0,0
BRDA:91,8,1,0
BRDA:96,9,0,0
BRDA:96,9,1,0
BRDA:98,10,0,0
BRDA:98,10,1,0
BRF:22
BRH:0
end_of_record
TN:
SF:app/assets/scripts/components/map/mobile-bounds-layer.js
FN:9,MobileBoundsLayer
FN:22,(anonymous_1)
FN:50,(anonymous_2)
FN:57,(anonymous_3)
FN:65,(anonymous_4)
FN:72,(anonymous_5)
FN:80,(anonymous_6)
FN:87,(anonymous_7)
FN:91,(anonymous_8)
FNF:9
FNH:0
FNDA:0,MobileBoundsLayer
FNDA:0,(anonymous_1)
FNDA:0,(anonymous_2)
FNDA:0,(anonymous_3)
FNDA:0,(anonymous_4)
FNDA:0,(anonymous_5)
FNDA:0,(anonymous_6)
FNDA:0,(anonymous_7)
FNDA:0,(anonymous_8)
DA:17,0
DA:18,0
DA:20,0
DA:22,0
DA:23,0
DA:24,0
DA:38,0
DA:46,0
DA:47,0
DA:50,0
DA:51,0
DA:52,0
DA:57,0
DA:58,0
DA:59,0
DA:65,0
DA:66,0
DA:67,0
DA:72,0
DA:73,0
DA:74,0
DA:80,0
DA:81,0
DA:82,0
DA:87,0
DA:88,0
DA:89,0
DA:91,0
DA:92,0
DA:93,0
DA:98,0
DA:101,20
LF:32
LH:1
BRDA:30,0,0,0
BRDA:30,0,1,0
BRDA:46,1,0,0
BRDA:46,1,1,0
BRDA:51,2,0,0
BRDA:51,2,1,0
BRDA:58,3,0,0
BRDA:58,3,1,0
BRDA:58,4,0,0
BRDA:58,4,1,0
BRDA:66,5,0,0
BRDA:66,5,1,0
BRDA:73,6,0,0
BRDA:73,6,1,0
BRDA:73,7,0,0
BRDA:73,7,1,0
BRDA:81,8,0,0
BRDA:81,8,1,0
BRDA:88,9,0,0
BRDA:88,9,1,0
BRDA:88,10,0,0
BRDA:88,10,1,0
BRDA:92,11,0,0
BRDA:92,11,1,0
BRF:24
BRH:0
end_of_record
TN:
SF:app/assets/scripts/components/map/mobile-points-layer.js
FN:4,MobilePointsLayer
FN:10,(anonymous_1)
FN:22,(anonymous_2)
FN:27,(anonymous_3)
FN:30,(anonymous_4)
FN:35,(anonymous_5)
FN:42,(anonymous_6)
FNF:7
FNH:0
FNDA:0,MobilePointsLayer
FNDA:0,(anonymous_1)
FNDA:0,(anonymous_2)
FNDA:0,(anonymous_3)
FNDA:0,(anonymous_4)
FNDA:0,(anonymous_5)
FNDA:0,(anonymous_6)
DA:10,0
DA:11,0
DA:22,0
DA:23,0
DA:27,0
DA:28,0
DA:29,0
DA:30,0
DA:31,0
DA:35,0
DA:36,0
DA:37,0
DA:42,0
DA:43,0
DA:47,0
DA:50,20
LF:16
LH:1
BRDA:23,0,0,0
BRDA:23,0,1,0
BRDA:28,1,0,0
BRDA:28,1,1,0
BRDA:28,2,0,0
BRDA:28,2,1,0
BRDA:31,3,0,0
BRDA:31,3,1,0
BRDA:36,4,0,0
BRDA:36,4,1,0
BRDA:36,5,0,0
BRDA:36,5,1,0
BRDA:43,6,0,0
BRDA:43,6,1,0
BRF:14
BRH:0
end_of_record
TN:
SF:app/assets/scripts/components/map/mobile-source.js
FN:7,MobileSource
FN:10,(anonymous_1)
FN:36,(anonymous_2)
FN:45,(anonymous_3)
FNF:4
FNH:0
FNDA:0,MobileSource
FNDA:0,(anonymous_1)
FNDA:0,(anonymous_2)
FNDA:0,(anonymous_3)
DA:8,0
DA:10,0
DA:11,0
DA:12,0
DA:16,0
DA:34,0
DA:36,0
DA:37,0
DA:41,0
DA:46,0
DA:55,20
LF:11
LH:1
BRDA:11,0,0,0
BRDA:11,0,1,0
BRDA:43,1,0,0
BRDA:43,1,1,0
BRDA:43,1,2,0
BRDA:43,2,0,0
BRDA:43,2,1,0
BRDA:43,2,2,0
BRF:8
BRH:0
end_of_record
TN:
SF:app/assets/scripts/components/map/node-layer.js
FN:22,NodeLayer
FN:42,(anonymous_1)
FN:95,(anonymous_2)
FN:100,(anonymous_3)
FN:104,(anonymous_4)
FN:112,(anonymous_5)
FN:125,(anonymous_6)
FN:126,(anonymous_7)
FN:162,(anonymous_8)
FN:171,(anonymous_9)
FNF:10
FNH:0
FNDA:0,NodeLayer
FNDA:0,(anonymous_1)
FNDA:0,(anonymous_2)
FNDA:0,(anonymous_3)
FNDA:0,(anonymous_4)
FNDA:0,(anonymous_5)
FNDA:0,(anonymous_6)
FNDA:0,(anonymous_7)
FNDA:0,(anonymous_8)
FNDA:0,(anonymous_9)
DA:31,0
DA:33,0
DA:40,0
DA:42,0
DA:43,0
DA:44,0
DA:46,0
DA:70,0
DA:95,0
DA:96,0
DA:100,0
DA:101,0
DA:104,0
DA:105,0
DA:106,0
DA:107,0
DA:108,0
DA:112,0
DA:113,0
DA:125,0
DA:126,0
DA:127,0
DA:132,0
DA:133,0
DA:136,0
DA:137,0
DA:148,0
DA:154,0
DA:162,0
DA:163,0
DA:168,0
DA:169,0
DA:171,0
DA:172,0
DA:173,0
DA:174,0
DA:175,0
DA:179,0
DA:182,20
LF:39
LH:1
BRDA:40,0,0,0
BRDA:40,0,1,0
BRDA:43,1,0,0
BRDA:43,1,1,0
BRDA:44,2,0,0
BRDA:44,2,1,0
BRDA:105,3,0,0
BRDA:105,3,1,0
BRDA:107,4,0,0
BRDA:107,4,1,0
BRDA:133,5,0,0
BRDA:133,5,1,0
BRDA:163,6,0,0
BRDA:163,6,1,0
BRDA:164,7,0,0
BRDA:164,7,1,0
BRDA:164,7,2,0
BRDA:172,8,0,0
BRDA:172,8,1,0
BRDA:174,9,0,0
BRDA:174,9,1,0
BRF:21
BRH:0
end_of_record
TN:
SF:app/assets/scripts/components/map/option-card.js
FN:4,OptionCard
FN:13,(anonymous_1)
FNF:2
FNH:0
FNDA:0,OptionCard
FNDA:0,(anonymous_1)
DA:8,0
DA:13,0
DA:46,20
LF:3
LH:1
BRF:0
BRH:0
end_of_record
TN:
SF:app/assets/scripts/components/map/popover.js
FN:19,Popover
FN:29,(anonymous_1)
FN:30,(anonymous_2)
FN:31,(anonymous_3)
FN:34,(anonymous_4)
FN:41,(anonymous_5)
FN:42,(anonymous_6)
FN:49,(anonymous_7)
FN:51,(anonymous_8)
FN:63,(anonymous_9)
FN:74,(anonymous_10)
FN:160,(anonymous_11)
FNF:12
FNH:0
FNDA:0,Popover
FNDA:0,(anonymous_1)
FNDA:0,(anonymous_2)
FNDA:0,(anonymous_3)
FNDA:0,(anonymous_4)
FNDA:0,(anonymous_5)
FNDA:0,(anonymous_6)
FNDA:0,(anonymous_7)
FNDA:0,(anonymous_8)
FNDA:0,(anonymous_9)
FNDA:0,(anonymous_10)
FNDA:0,(anonymous_11)
DA:12,20
DA:27,0
DA:29,0
DA:30,0
DA:31,0
DA:33,0
DA:35,0
DA:36,0
DA:38,0
DA:42,0
DA:50,0
DA:51,0
DA:61,0
DA:63,0
DA:64,0
DA:69,0
DA:72,0
DA:74,0
DA:78,0
DA:81,0
DA:161,0
DA:179,20
DA:188,20
LF:23
LH:3
BRDA:35,0,0,0
BRDA:35,0,1,0
BRDA:69,1,0,0
BRDA:69,1,1,0
BRDA:72,2,0,0
BRDA:72,2,1,0
BRDA:72,3,0,0
BRDA:72,3,1,0
BRDA:74,4,0,0
BRDA:74,4,1,0
BRDA:78,5,0,0
BRDA:78,5,1,0
BRDA:78,5,2,0
BRDA:84,6,0,0
BRDA:84,6,1,0
BRDA:94,7,0,0
BRDA:94,7,1,0
BRDA:98,8,0,0
BRDA:98,8,1,0
BRDA:100,9,0,0
BRDA:100,9,1,0
BRDA:100,10,0,0
BRDA:100,10,1,0
BRDA:102,11,0,0
BRDA:102,11,1,0
BRDA:106,12,0,0
BRDA:106,12,1,0
BRDA:116,13,0,0
BRDA:116,13,1,0
BRDA:121,14,0,0
BRDA:121,14,1,0
BRDA:136,15,0,0
BRDA:136,15,1,0
BRDA:153,16,0,0
BRDA:153,16,1,0
BRDA:157,17,0,0
BRDA:157,17,1,0
BRDA:166,18,0,0
BRDA:166,18,1,0
BRF:39
BRH:0
end_of_record
TN:
SF:app/assets/scripts/components/map/symbols.js
FN:5,(anonymous_0)
FN:26,(anonymous_1)
FNF:2
FNH:0
FNDA:0,(anonymous_0)
FNDA:0,(anonymous_1)
DA:1,20
DA:6,0
DA:7,0
DA:8,0
DA:9,0
DA:10,0
DA:11,0
DA:12,0
DA:13,0
DA:16,0
DA:20,20
DA:27,0
DA:28,0
DA:29,0
DA:30,0
DA:31,0
DA:32,0
DA:33,0
DA:35,0
DA:38,0
DA:39,0
DA:41,0
DA:45,0
LF:23
LH:2
BRDA:38,0,0,0
BRDA:38,0,1,0
BRF:2
BRH:0
end_of_record
TN:
SF:app/assets/scripts/components/modal-download/date-selector.js
FN:5,DateSelector
FN:38,(anonymous_1)
FN:41,(anonymous_2)
FN:56,(anonymous_3)
FN:59,(anonymous_4)
FN:74,(anonymous_5)
FN:77,(anonymous_6)
FNF:7
FNH:0
FNDA:0,DateSelector
FNDA:0,(anonymous_1)
FNDA:0,(anonymous_2)
FNDA:0,(anonymous_3)
FNDA:0,(anonymous_4)
FNDA:0,(anonymous_5)
FNDA:0,(anonymous_6)
DA:6,0
DA:8,0
DA:22,0
DA:23,0
DA:25,0
DA:38,0
DA:42,0
DA:56,0
DA:60,0
DA:74,0
DA:78,0
DA:88,20
LF:12
LH:1
BRDA:28,0,0,0
BRDA:28,0,1,0
BRF:2
BRH:0
end_of_record
TN:
SF:app/assets/scripts/components/modal-download/download-type-selector.js
FN:17,DownloadType
FN:24,(anonymous_1)
FN:36,(anonymous_2)
FNF:3
FNH:0
FNDA:0,DownloadType
FNDA:0,(anonymous_1)
FNDA:0,(anonymous_2)
DA:4,20
DA:15,20
DA:18,0
DA:20,0
DA:25,0
DA:36,0
DA:49,20
LF:7
LH:3
BRF:0
BRH:0
end_of_record
TN:
SF:app/assets/scripts/components/modal-download/index.js
FNF:0
FNH:0
LF:0
LH:0
BRF:0
BRH:0
end_of_record
TN:
SF:app/assets/scripts/components/modal-download/location-selector.js
FN:8,LocationSelector
FN:30,(anonymous_1)
FN:35,(anonymous_2)
FN:42,(anonymous_3)
FN:71,(anonymous_4)
FN:74,(anonymous_5)
FN:89,(anonymous_6)
FN:92,(anonymous_7)
FN:107,(anonymous_8)
FN:110,(anonymous_9)
FNF:10
FNH:0
FNDA:0,LocationSelector
FNDA:0,(anonymous_1)
FNDA:0,(anonymous_2)
FNDA:0,(anonymous_3)
FNDA:0,(anonymous_4)
FNDA:0,(anonymous_5)
FNDA:0,(anonymous_6)
FNDA:0,(anonymous_7)
FNDA:0,(anonymous_8)
FNDA:0,(anonymous_9)
DA:18,0
DA:24,0
DA:25,0
DA:27,0
DA:30,0
DA:31,0
DA:34,0
DA:35,0
DA:40,0
DA:41,0
DA:44,0
DA:52,0
DA:53,0
DA:56,0
DA:58,0
DA:60,0
DA:71,0
DA:75,0
DA:89,0
DA:93,0
DA:107,0
DA:111,0
DA:121,20
LF:23
LH:1
BRDA:27,0,0,0
BRDA:27,0,1,0
BRDA:31,1,0,0
BRDA:31,1,1,0
BRDA:40,2,0,0
BRDA:40,2,1,0
BRDA:52,3,0,0
BRDA:52,3,1,0
BRDA:53,4,0,0
BRDA:53,4,1,0
BRDA:56,5,0,0
BRDA:56,5,1,0
BRDA:58,6,0,0
BRDA:58,6,1,0
BRF:14
BRH:0
end_of_record
TN:
SF:app/assets/scripts/components/modal-download/modal-download.js
FN:33,(anonymous_0)
FN:35,(anonymous_1)
FN:103,(anonymous_2)
FN:105,(anonymous_3)
FN:112,(anonymous_4)
FN:113,(anonymous_5)
FN:130,ModalDownload
FN:172,(anonymous_7)
FN:173,(anonymous_8)
FN:179,(anonymous_9)
FN:180,(anonymous_10)
FN:187,(anonymous_11)
FN:188,(anonymous_12)
FN:198,(anonymous_13)
FN:205,(anonymous_14)
FN:219,(anonymous_15)
FN:226,(anonymous_16)
FN:235,(anonymous_17)
FN:239,(anonymous_18)
FN:257,(anonymous_19)
FN:258,(anonymous_20)
FN:261,(anonymous_21)
FN:262,(anonymous_22)
FN:269,(anonymous_23)
FN:269,(anonymous_24)
FN:455,selector
FN:465,dispatcher
FN:467,(anonymous_27)
FN:469,(anonymous_28)
FN:471,(anonymous_29)
FN:472,(anonymous_30)
FNF:31
FNH:0
FNDA:0,(anonymous_0)
FNDA:0,(anonymous_1)
FNDA:0,(anonymous_2)
FNDA:0,(anonymous_3)
FNDA:0,(anonymous_4)
FNDA:0,(anonymous_5)
FNDA:0,ModalDownload
FNDA:0,(anonymous_7)
FNDA:0,(anonymous_8)
FNDA:0,(anonymous_9)
FNDA:0,(anonymous_10)
FNDA:0,(anonymous_11)
FNDA:0,(anonymous_12)
FNDA:0,(anonymous_13)
FNDA:0,(anonymous_14)
FNDA:0,(anonymous_15)
FNDA:0,(anonymous_16)
FNDA:0,(anonymous_17)
FNDA:0,(anonymous_18)
FNDA:0,(anonymous_19)
FNDA:0,(anonymous_20)
FNDA:0,(anonymous_21)
FNDA:0,(anonymous_22)
FNDA:0,(anonymous_23)
FNDA:0,(anonymous_24)
FNDA:0,selector
FNDA:0,dispatcher
FNDA:0,(anonymous_27)
FNDA:0,(anonymous_28)
FNDA:0,(anonymous_29)
FNDA:0,(anonymous_30)
DA:10,20
DA:30,20
DA:31,20
DA:33,20
DA:34,0
DA:35,0
DA:36,0
DA:37,0
DA:41,0
DA:42,0
DA:46,0
DA:47,0
DA:51,0
DA:52,0
DA:56,0
DA:57,0
DA:62,0
DA:63,0
DA:65,0
DA:67,0
DA:68,0
DA:69,0
DA:70,0
DA:71,0
DA:72,0
DA:76,0
DA:77,0
DA:79,0
DA:80,0
DA:81,0
DA:82,0
DA:83,0
DA:87,0
DA:88,0
DA:91,0
DA:92,0
DA:95,0
DA:96,0
DA:98,0
DA:100,0
DA:103,20
DA:104,0
DA:106,0
DA:107,0
DA:109,0
DA:112,0
DA:114,0
DA:115,0
DA:119,20
DA:147,0
DA:149,0
DA:165,0
DA:166,0
DA:167,0
DA:172,0
DA:173,0
DA:174,0
DA:176,0
DA:179,0
DA:180,0
DA:181,0
DA:187,0
DA:188,0
DA:198,0
DA:199,0
DA:200,0
DA:205,0
DA:206,0
DA:207,0
DA:208,0
DA:209,0
DA:210,0
DA:211,0
DA:212,0
DA:219,0
DA:220,0
DA:221,0
DA:225,0
DA:226,0
DA:235,0
DA:239,0
DA:240,0
DA:245,0
DA:246,0
DA:247,0
DA:248,0
DA:249,0
DA:250,0
DA:251,0
DA:253,0
DA:257,0
DA:258,0
DA:261,0
DA:262,0
DA:268,0
DA:269,0
DA:273,0
DA:430,20
DA:456,0
DA:466,0
DA:468,0
DA:470,0
DA:471,0
DA:472,0
DA:476,20
LF:105
LH:8
BRDA:33,0,0,0
BRDA:36,1,0,0
BRDA:36,1,1,0
BRDA:36,2,0,0
BRDA:36,2,1,0
BRDA:41,3,0,0
BRDA:41,3,1,0
BRDA:41,4,0,0
BRDA:41,4,1,0
BRDA:41,4,2,0
BRDA:46,5,0,0
BRDA:46,5,1,0
BRDA:51,6,0,0
BRDA:51,6,1,0
BRDA:51,7,0,0
BRDA:51,7,1,0
BRDA:51,7,2,0
BRDA:56,8,0,0
BRDA:56,8,1,0
BRDA:63,9,0,0
BRDA:63,9,1,0
BRDA:65,10,0,0
BRDA:65,10,1,0
BRDA:67,11,0,0
BRDA:67,11,1,0
BRDA:69,12,0,0
BRDA:69,12,1,0
BRDA:70,13,0,0
BRDA:70,13,1,0
BRDA:71,14,0,0
BRDA:71,14,1,0
BRDA:76,15,0,0
BRDA:76,15,1,0
BRDA:76,16,0,0
BRDA:76,16,1,0
BRDA:79,17,0,0
BRDA:79,17,1,0
BRDA:80,18,0,0
BRDA:80,18,1,0
BRDA:82,19,0,0
BRDA:82,19,1,0
BRDA:87,20,0,0
BRDA:87,20,1,0
BRDA:91,21,0,0
BRDA:91,21,1,0
BRDA:95,22,0,0
BRDA:95,22,1,0
BRDA:106,23,0,0
BRDA:106,23,1,0
BRDA:168,24,0,0
BRDA:168,24,1,0
BRDA:181,25,0,0
BRDA:181,25,1,0
BRDA:190,26,0,0
BRDA:190,26,1,0
BRDA:191,27,0,0
BRDA:191,27,1,0
BRDA:192,28,0,0
BRDA:192,28,1,0
BRDA:193,29,0,0
BRDA:193,29,1,0
BRDA:194,30,0,0
BRDA:194,30,1,0
BRDA:199,31,0,0
BRDA:199,31,1,0
BRDA:207,32,0,0
BRDA:207,32,1,0
BRDA:208,33,0,0
BRDA:208,33,1,0
BRDA:209,34,0,0
BRDA:209,34,1,0
BRDA:211,35,0,0
BRDA:211,35,1,0
BRDA:220,36,0,0
BRDA:220,36,1,0
BRDA:220,37,0,0
BRDA:220,37,1,0
BRDA:245,38,0,0
BRDA:245,38,1,0
BRDA:248,39,0,0
BRDA:248,39,1,0
BRDA:250,40,0,0
BRDA:250,40,1,0
BRDA:286,41,0,0
BRDA:286,41,1,0
BRDA:327,42,0,0
BRDA:327,42,1,0
BRDA:339,43,0,0
BRDA:339,43,1,0
BRDA:360,44,0,0
BRDA:360,44,1,0
BRDA:385,45,0,0
BRDA:385,45,1,0
BRDA:392,46,0,0
BRDA:392,46,1,0
BRF:95
BRH:0
end_of_record
TN:
SF:app/assets/scripts/components/modal-download/options.js
FN:6,Options
FN:23,(anonymous_1)
FNF:2
FNH:0
FNDA:0,Options
FNDA:0,(anonymous_1)
DA:7,0
DA:9,0
DA:24,0
DA:25,0
DA:26,0
DA:53,20
LF:6
LH:1
BRDA:15,0,0,0
BRDA:15,0,1,0
BRF:2
BRH:0
end_of_record
TN:
SF:app/assets/scripts/components/modal-download/project-selector.js
FN:5,ProjectSelector
FN:32,(anonymous_1)
FN:35,(anonymous_2)
FN:50,(anonymous_3)
FN:53,(anonymous_4)
FNF:5
FNH:0
FNDA:0,ProjectSelector
FNDA:0,(anonymous_1)
FNDA:0,(anonymous_2)
FNDA:0,(anonymous_3)
FNDA:0,(anonymous_4)
DA:14,0
DA:16,0
DA:19,0
DA:21,0
DA:32,0
DA:36,0
DA:50,0
DA:54,0
DA:64,20
LF:9
LH:1
BRDA:16,0,0,0
BRDA:16,0,1,0
BRDA:19,1,0,0
BRDA:19,1,1,0
BRDA:19,1,2,0
BRF:5
BRH:0
end_of_record
TN:
SF:app/assets/scripts/context/parameter-context.js
FN:12,(anonymous_0)
FN:14,ParameterProvider
FN:20,(anonymous_2)
FN:21,(anonymous_3)
FN:22,(anonymous_4)
FN:25,(anonymous_5)
FN:32,(anonymous_6)
FN:33,(anonymous_7)
FN:40,(anonymous_8)
FN:42,(anonymous_9)
FN:54,(anonymous_10)
FN:59,(anonymous_11)
FN:60,(anonymous_12)
FNF:13
FNH:0
FNDA:0,(anonymous_0)
FNDA:0,ParameterProvider
FNDA:0,(anonymous_2)
FNDA:0,(anonymous_3)
FNDA:0,(anonymous_4)
FNDA:0,(anonymous_5)
FNDA:0,(anonymous_6)
FNDA:0,(anonymous_7)
FNDA:0,(anonymous_8)
FNDA:0,(anonymous_9)
FNDA:0,(anonymous_10)
FNDA:0,(anonymous_11)
FNDA:0,(anonymous_12)
DA:5,20
DA:12,20
DA:18,0
DA:20,0
DA:21,0
DA:22,0
DA:24,0
DA:26,0
DA:27,0
DA:29,0
DA:33,0
DA:41,0
DA:42,0
DA:52,0
DA:54,0
DA:55,0
DA:59,0
DA:60,0
DA:63,0
DA:77,20
LF:20
LH:3
BRDA:26,0,0,0
BRDA:26,0,1,0
BRF:2
BRH:0
end_of_record
TN:
SF:app/assets/scripts/reducers/base-data.js
FN:17,(anonymous_0)
FNF:1
FNH:1
FNDA:72,(anonymous_0)
DA:4,20
DA:18,72
DA:20,3
DA:21,3
DA:22,3
DA:23,3
DA:25,0
DA:26,0
DA:27,0
DA:29,0
DA:30,0
DA:31,0
DA:32,0
DA:33,0
DA:34,0
DA:36,0
DA:37,0
DA:38,0
DA:40,72
LF:19
LH:7
BRDA:17,0,0,60
BRDA:18,1,0,3
BRDA:18,1,1,0
BRDA:26,2,0,0
BRDA:26,2,1,0
BRF:5
BRH:2
end_of_record
TN:
SF:app/assets/scripts/reducers/base-stats.js
FN:15,(anonymous_0)
FNF:1
FNH:1
FNDA:72,(anonymous_0)
DA:4,20
DA:16,72
DA:18,0
DA:19,0
DA:21,0
DA:25,0
DA:26,0
DA:27,0
DA:28,0
DA:30,0
DA:31,0
DA:32,0
DA:33,0
DA:35,0
DA:36,0
DA:37,0
DA:39,0
DA:41,0
DA:42,0
DA:43,0
DA:45,72
LF:21
LH:3
BRDA:15,0,0,60
BRDA:16,1,0,0
BRDA:16,1,1,0
BRDA:16,1,2,0
BRDA:18,2,0,0
BRDA:18,2,1,0
BRDA:36,3,0,0
BRDA:36,3,1,0
BRF:8
BRH:1
end_of_record
TN:
SF:app/assets/scripts/reducers/compare.js
FN:48,(anonymous_0)
FNF:1
FNH:1
FNDA:72,(anonymous_0)
DA:5,20
DA:49,72
DA:51,1
DA:52,1
DA:53,1
DA:54,1
DA:56,0
DA:57,0
DA:58,0
DA:60,0
DA:62,0
DA:63,0
DA:64,0
DA:66,0
DA:68,0
DA:69,0
DA:70,0
DA:72,0
DA:74,0
DA:75,0
DA:77,0
DA:79,8
DA:80,8
DA:81,8
DA:84,8
DA:87,0
DA:88,0
DA:89,0
DA:91,0
DA:92,0
DA:93,0
DA:94,0
DA:95,0
DA:96,0
DA:99,0
DA:100,0
DA:101,0
DA:102,0
DA:103,0
DA:105,0
DA:106,0
DA:107,0
DA:108,0
DA:110,0
DA:111,0
DA:112,0
DA:115,0
DA:116,0
DA:117,0
DA:118,0
DA:120,0
DA:121,0
DA:122,0
DA:124,0
DA:126,0
DA:127,0
DA:128,0
DA:131,0
DA:132,0
DA:134,72
LF:60
LH:11
BRDA:48,0,0,60
BRDA:49,1,0,1
BRDA:49,1,1,0
BRDA:49,1,2,0
BRDA:49,1,3,8
BRDA:49,1,4,0
BRDA:49,1,5,0
BRDA:49,1,6,0
BRDA:49,1,7,0
BRDA:49,1,8,0
BRDA:49,1,9,0
BRDA:49,1,10,0
BRDA:49,1,11,0
BRDA:57,2,0,0
BRDA:57,2,1,0
BRDA:69,3,0,0
BRDA:69,3,1,0
BRDA:121,4,0,0
BRDA:121,4,1,0
BRF:19
BRH:3
end_of_record
TN:
SF:app/assets/scripts/reducers/download-modal.js
FN:13,(anonymous_0)
FNF:1
FNH:1
FNDA:72,(anonymous_0)
DA:4,20
DA:14,72
DA:16,0
DA:17,0
DA:18,0
DA:19,0
DA:21,0
DA:22,0
DA:24,0
DA:25,0
DA:27,0
DA:28,0
DA:30,0
DA:31,0
DA:33,0
DA:35,0
DA:36,0
DA:38,72
LF:18
LH:3
BRDA:13,0,0,60
BRDA:14,1,0,0
BRDA:14,1,1,0
BRDA:18,2,0,0
BRDA:18,2,1,0
BRDA:21,3,0,0
BRDA:21,3,1,0
BRDA:24,4,0,0
BRDA:24,4,1,0
BRDA:27,5,0,0
BRDA:27,5,1,0
BRDA:30,6,0,0
BRDA:30,6,1,0
BRF:13
BRH:1
end_of_record
TN:
SF:app/assets/scripts/reducers/geolocation.js
FN:14,(anonymous_0)
FNF:1
FNH:1
FNDA:72,(anonymous_0)
DA:4,20
DA:15,72
DA:17,0
DA:18,0
DA:19,0
DA:20,0
DA:22,0
DA:23,0
DA:24,0
DA:25,0
DA:26,0
DA:27,0
DA:29,0
DA:30,0
DA:31,0
DA:32,0
DA:33,0
DA:35,72
LF:18
LH:3
BRDA:14,0,0,60
BRDA:15,1,0,0
BRDA:15,1,1,0
BRDA:15,1,2,0
BRF:4
BRH:1
end_of_record
TN:
SF:app/assets/scripts/reducers/index.js
FNF:0
FNH:0
LF:0
LH:0
BRF:0
BRH:0
end_of_record
TN:
SF:app/assets/scripts/reducers/location.js
FN:10,(anonymous_0)
FNF:1
FNH:1
FNDA:72,(anonymous_0)
DA:4,20
DA:11,72
DA:13,0
DA:14,0
DA:16,0
DA:17,0
DA:18,0
DA:19,0
DA:21,0
DA:22,0
DA:23,0
DA:25,0
DA:27,0
DA:28,0
DA:29,0
DA:31,72
LF:16
LH:3
BRDA:10,0,0,60
BRDA:11,1,0,0
BRDA:11,1,1,0
BRDA:11,1,2,0
BRDA:22,2,0,0
BRDA:22,2,1,0
BRF:6
BRH:1
end_of_record
TN:
SF:app/assets/scripts/reducers/locations-by-country.js
FN:17,(anonymous_0)
FNF:1
FNH:1
FNDA:72,(anonymous_0)
DA:4,20
DA:18,72
DA:20,0
DA:21,0
DA:23,0
DA:24,0
DA:25,0
DA:26,0
DA:28,0
DA:29,0
DA:30,0
DA:32,0
DA:34,0
DA:35,0
DA:36,0
DA:38,72
LF:16
LH:3
BRDA:17,0,0,60
BRDA:18,1,0,0
BRDA:18,1,1,0
BRDA:18,1,2,0
BRDA:29,2,0,0
BRDA:29,2,1,0
BRF:6
BRH:1
end_of_record
TN:
SF:app/assets/scripts/reducers/locations.js
FN:17,(anonymous_0)
FNF:1
FNH:1
FNDA:72,(anonymous_0)
DA:4,20
DA:18,72
DA:20,0
DA:21,0
DA:22,0
DA:23,0
DA:24,0
DA:26,0
DA:27,0
DA:28,0
DA:29,0
DA:31,0
DA:32,0
DA:33,0
DA:35,0
DA:37,0
DA:38,0
DA:39,0
DA:41,72
LF:19
LH:3
BRDA:17,0,0,60
BRDA:18,1,0,0
BRDA:18,1,1,0
BRDA:18,1,2,0
BRDA:32,2,0,0
BRDA:32,2,1,0
BRF:6
BRH:1
end_of_record
TN:
SF:app/assets/scripts/reducers/measurements.js
FN:17,(anonymous_0)
FNF:1
FNH:1
FNDA:72,(anonymous_0)
DA:4,20
DA:18,72
DA:20,0
DA:21,0
DA:23,0
DA:24,0
DA:25,0
DA:26,0
DA:28,0
DA:29,0
DA:30,0
DA:32,0
DA:34,0
DA:35,0
DA:36,0
DA:38,72
LF:16
LH:3
BRDA:17,0,0,60
BRDA:18,1,0,0
BRDA:18,1,1,0
BRDA:18,1,2,0
BRDA:29,2,0,0
BRDA:29,2,1,0
BRF:6
BRH:1
end_of_record
TN:
SF:app/assets/scripts/reducers/projects.js
FN:17,(anonymous_0)
FNF:1
FNH:1
FNDA:72,(anonymous_0)
DA:4,20
DA:18,72
DA:20,0
DA:21,0
DA:22,0
DA:23,0
DA:24,0
DA:26,0
DA:27,0
DA:28,0
DA:29,0
DA:31,0
DA:32,0
DA:33,0
DA:35,0
DA:37,0
DA:38,0
DA:39,0
DA:41,72
LF:19
LH:3
BRDA:17,0,0,60
BRDA:18,1,0,0
BRDA:18,1,1,0
BRDA:18,1,2,0
BRDA:32,2,0,0
BRDA:32,2,1,0
BRF:6
BRH:1
end_of_record
TN:
SF:app/assets/scripts/reducers/vote-modal.js
FN:8,(anonymous_0)
FNF:1
FNH:1
FNDA:72,(anonymous_0)
DA:4,20
DA:9,72
DA:11,0
DA:12,0
DA:13,0
DA:15,72
LF:6
LH:3
BRDA:8,0,0,60
BRDA:9,1,0,0
BRF:2
BRH:1
end_of_record
TN:
SF:app/assets/scripts/utils/array.js
FN:1,toggleValue
FNF:1
FNH:0
FNDA:0,toggleValue
DA:2,0
DA:3,0
DA:4,0
DA:5,0
DA:7,0
DA:9,0
LF:6
LH:0
BRDA:4,0,0,0
BRDA:4,0,1,0
BRF:2
BRH:0
end_of_record
TN:
SF:app/assets/scripts/utils/colors.js
FN:29,darkenColors
FN:39,getMapColorsHex
FN:40,(anonymous_2)
FN:43,getDarkenedColorsHex
FN:44,(anonymous_4)
FN:47,getMapColorsLabels
FN:48,(anonymous_6)
FN:51,generateColorStops
FN:58,(anonymous_8)
FN:66,(anonymous_9)
FN:76,generateColorScale
FN:84,generateLegendStops
FN:96,(anonymous_12)
FN:110,getFillExpression
FNF:14
FNH:0
FNDA:0,darkenColors
FNDA:0,getMapColorsHex
FNDA:0,(anonymous_2)
FNDA:0,getDarkenedColorsHex
FNDA:0,(anonymous_4)
FNDA:0,getMapColorsLabels
FNDA:0,(anonymous_6)
FNDA:0,generateColorStops
FNDA:0,(anonymous_8)
FNDA:0,(anonymous_9)
FNDA:0,generateColorScale
FNDA:0,generateLegendStops
FNDA:0,(anonymous_12)
FNDA:0,getFillExpression
DA:1,20
DA:2,20
DA:8,20
DA:21,20
DA:22,20
DA:23,20
DA:24,20
DA:25,20
DA:26,20
DA:30,0
DA:32,0
DA:33,0
DA:36,0
DA:40,0
DA:44,0
DA:48,0
DA:52,0
DA:54,0
DA:58,0
DA:59,0
DA:63,0
DA:65,0
DA:66,0
DA:67,0
DA:70,0
DA:73,0
DA:77,0
DA:81,0
DA:85,0
DA:87,0
DA:88,0
DA:90,0
DA:91,0
DA:92,0
DA:93,0
DA:94,0
DA:96,0
DA:102,0
DA:103,0
DA:105,0
DA:108,20
DA:111,0
LF:42
LH:10
BRDA:65,0,0,0
BRDA:65,0,1,0
BRDA:91,1,0,0
BRDA:91,1,1,0
BRDA:93,2,0,0
BRDA:93,2,1,0
BRDA:120,3,0,0
BRDA:120,3,1,0
BRF:8
BRH:0
end_of_record
TN:
SF:app/assets/scripts/utils/constants.js
FNF:0
FNH:0
DA:1,20
DA:4,20
LF:2
LH:2
BRF:0
BRH:0
end_of_record
TN:
SF:app/assets/scripts/utils/countries.js
FN:2369,getCountryByIso
FN:2371,(anonymous_1)
FN:2375,getCountryBbox
FN:2379,getCountryName
FNF:4
FNH:0
FNDA:0,getCountryByIso
FNDA:0,(anonymous_1)
FNDA:0,getCountryBbox
FNDA:0,getCountryName
DA:1,20
DA:2370,0
DA:2371,0
DA:2372,0
DA:2376,0
DA:2380,0
LF:6
LH:1
BRDA:2369,0,0,0
BRDA:2372,1,0,0
BRDA:2372,1,1,0
BRDA:2376,2,0,0
BRDA:2376,2,1,0
BRDA:2380,3,0,0
BRDA:2380,3,1,0
BRF:7
BRH:0
end_of_record
TN:
SF:app/assets/scripts/utils/format.js
FN:4,formatDateUTC
FN:10,formatValueByUnit
FN:21,renderUnit
FN:25,formatPercent
FN:40,formatThousands
FN:48,formatCurrency
FN:58,round
FN:62,shortenLargeNumber
FNF:8
FNH:1
FNDA:0,formatDateUTC
FNDA:0,formatValueByUnit
FNDA:0,renderUnit
FNDA:0,formatPercent
FNDA:1040,formatThousands
FNDA:0,formatCurrency
FNDA:0,round
FNDA:0,shortenLargeNumber
DA:3,20
DA:5,0
DA:6,0
DA:7,0
DA:11,0
DA:12,0
DA:14,0
DA:15,0
DA:16,0
DA:17,0
DA:22,0
DA:26,0
DA:27,0
DA:29,0
DA:30,0
DA:35,0
DA:37,0
DA:41,1040
DA:42,0
DA:44,1040
DA:45,1040
DA:49,0
DA:50,0
DA:52,0
DA:53,0
DA:55,0
DA:59,0
DA:63,0
DA:64,0
DA:65,0
DA:66,0
DA:67,0
DA:68,0
DA:70,0
DA:72,0
LF:35
LH:4
BRDA:11,0,0,0
BRDA:11,0,1,0
BRDA:11,1,0,0
BRDA:11,1,1,0
BRDA:14,2,0,0
BRDA:14,2,1,0
BRDA:16,3,0,0
BRDA:16,3,1,0
BRDA:16,4,0,0
BRDA:16,4,1,0
BRDA:22,5,0,0
BRDA:22,5,1,0
BRDA:26,6,0,0
BRDA:26,6,1,0
BRDA:26,7,0,0
BRDA:26,7,1,0
BRDA:26,7,2,0
BRDA:30,8,0,0
BRDA:30,8,1,0
BRDA:31,9,0,0
BRDA:31,9,1,0
BRDA:31,9,2,0
BRDA:40,10,0,1040
BRDA:41,11,0,0
BRDA:41,11,1,1040
BRDA:41,12,0,1040
BRDA:41,12,1,1040
BRDA:48,13,0,0
BRDA:49,14,0,0
BRDA:49,14,1,0
BRDA:52,15,0,0
BRDA:52,15,1,0
BRDA:58,16,0,0
BRDA:62,17,0,0
BRDA:63,18,0,0
BRDA:63,18,1,0
BRDA:65,19,0,0
BRDA:65,19,1,0
BRDA:67,20,0,0
BRDA:67,20,1,0
BRF:40
BRH:4
end_of_record
TN:
SF:app/assets/scripts/utils/map-settings.js
FNF:0
FNH:0
DA:2,20
DA:12,20
DA:13,20
DA:22,20
DA:31,20
DA:40,20
DA:49,20
DA:59,20
DA:68,20
DA:76,20
DA:85,20
DA:93,20
DA:102,20
LF:13
LH:13
BRF:0
BRH:0
end_of_record
TN:
SF:app/assets/scripts/utils/qs-state.js
FN:37,(anonymous_0)
FN:58,(anonymous_1)
FN:73,(anonymous_2)
FN:77,(anonymous_3)
FN:80,(anonymous_4)
FN:85,(anonymous_5)
FN:87,(anonymous_6)
FN:105,(anonymous_7)
FN:107,(anonymous_8)
FN:110,(anonymous_9)
FN:131,(anonymous_10)
FNF:11
FNH:5
FNDA:4,(anonymous_0)
FNDA:0,(anonymous_1)
FNDA:4,(anonymous_2)
FNDA:6,(anonymous_3)
FNDA:6,(anonymous_4)
FNDA:6,(anonymous_5)
FNDA:0,(anonymous_6)
FNDA:0,(anonymous_7)
FNDA:0,(anonymous_8)
FNDA:0,(anonymous_9)
FNDA:0,(anonymous_10)
DA:47,4
DA:59,0
DA:63,0
DA:74,4
DA:75,4
DA:77,4
DA:78,6
DA:80,6
DA:82,6
DA:85,6
DA:86,6
DA:87,0
DA:88,6
DA:89,0
DA:92,6
DA:94,6
DA:106,0
DA:107,0
DA:108,0
DA:110,0
DA:112,0
DA:114,0
DA:115,0
DA:120,0
DA:132,0
LF:25
LH:12
BRDA:58,0,0,0
BRDA:59,1,0,0
BRDA:59,1,1,0
BRDA:80,2,0,6
BRDA:80,2,1,6
BRDA:86,3,0,0
BRDA:86,3,1,6
BRDA:86,4,0,6
BRDA:86,4,1,0
BRDA:88,5,0,0
BRDA:88,5,1,6
BRDA:92,6,0,0
BRDA:92,6,1,6
BRDA:110,7,0,0
BRDA:110,7,1,0
BRDA:114,8,0,0
BRDA:114,8,1,0
BRF:17
BRH:6
end_of_record
TN:
SF:app/assets/scripts/utils/url.js
FN:3,buildQS
FN:6,(anonymous_1)
FNF:2
FNH:0
FNDA:0,buildQS
FNDA:0,(anonymous_1)
DA:4,0
DA:6,0
DA:7,0
DA:8,0
DA:9,0
DA:12,0
LF:6
LH:0
BRDA:3,0,0,0
BRDA:3,1,0,0
BRDA:7,2,0,0
BRDA:7,2,1,0
BRDA:7,3,0,0
BRDA:7,3,1,0
BRDA:8,4,0,0
BRDA:8,4,1,0
BRF:8
BRH:0
end_of_record
TN:
SF:app/assets/scripts/utils/widont.js
FN:15,widont
FNF:1
FNH:1
FNDA:8,widont
DA:16,8
DA:18,8
DA:19,8
DA:21,8
LF:4
LH:4
BRDA:15,0,0,8
BRF:1
BRH:1
end_of_record
TN:
SF:app/assets/scripts/views/about.js
FN:35,(anonymous_0)
FNF:1
FNH:1
FNDA:6,(anonymous_0)
DA:19,20
DA:30,20
DA:36,6
DA:342,20
LF:4
LH:4
BRF:0
BRH:0
end_of_record
TN:
SF:app/assets/scripts/views/app.js
FN:12,App
FN:15,(anonymous_1)
FN:60,selector
FN:66,dispatcher
FN:68,(anonymous_4)
FNF:5
FNH:4
FNDA:24,App
FNDA:118,(anonymous_1)
FNDA:32,selector
FNDA:20,dispatcher
FNDA:0,(anonymous_4)
DA:13,24
DA:15,20
DA:16,118
DA:19,118
DA:22,20
DA:23,0
DA:26,20
DA:28,20
DA:50,20
DA:61,32
DA:67,20
DA:69,0
DA:73,20
LF:13
LH:11
BRDA:19,0,0,118
BRDA:19,0,1,20
BRDA:22,1,0,0
BRDA:22,1,1,20
BRDA:34,2,0,20
BRDA:34,2,1,0
BRF:6
BRH:4
end_of_record
TN:
SF:app/assets/scripts/views/community-hub.js
FN:26,(anonymous_0)
FN:36,(anonymous_1)
FNF:2
FNH:2
FNDA:2,(anonymous_0)
FNDA:2,(anonymous_1)
DA:21,20
DA:27,2
DA:30,2
DA:33,2
DA:37,2
DA:309,20
LF:6
LH:6
BRDA:27,0,0,2
BRDA:27,0,1,0
BRF:2
BRH:1
end_of_record
TN:
SF:app/assets/scripts/views/community-projects.js
FN:19,getLogo
FN:29,getCover
FN:45,(anonymous_2)
FN:56,(anonymous_3)
FN:66,(anonymous_4)
FN:83,(anonymous_5)
FN:91,(anonymous_6)
FN:100,(anonymous_7)
FN:127,(anonymous_8)
FN:149,(anonymous_9)
FN:156,(anonymous_10)
FN:168,(anonymous_11)
FN:223,(anonymous_12)
FNF:13
FNH:10
FNDA:52,getLogo
FNDA:52,getCover
FNDA:520,(anonymous_2)
FNDA:520,(anonymous_3)
FNDA:2,(anonymous_4)
FNDA:0,(anonymous_5)
FNDA:0,(anonymous_6)
FNDA:4,(anonymous_7)
FNDA:28,(anonymous_8)
FNDA:2,(anonymous_9)
FNDA:0,(anonymous_10)
FNDA:52,(anonymous_11)
FNDA:2,(anonymous_12)
DA:20,52
DA:21,52
DA:30,52
DA:31,52
DA:41,20
DA:45,520
DA:56,520
DA:67,2
DA:69,2
DA:80,2
DA:84,0
DA:85,0
DA:92,0
DA:93,0
DA:101,4
DA:102,4
DA:103,4
DA:105,4
DA:128,28
DA:150,2
DA:152,2
DA:155,2
DA:156,0
DA:157,0
DA:158,0
DA:160,0
DA:161,0
DA:163,0
DA:167,2
DA:169,52
DA:197,2
DA:224,2
DA:259,20
DA:268,20
LF:34
LH:24
BRDA:20,0,0,52
BRDA:20,0,1,26
BRDA:22,1,0,52
BRDA:22,1,1,24
BRDA:22,1,2,6
BRDA:22,1,3,0
BRDA:22,1,4,0
BRDA:30,2,0,52
BRDA:30,2,1,48
BRDA:32,3,0,52
BRDA:32,3,1,48
BRDA:32,3,2,42
BRDA:32,3,3,2
BRDA:32,3,4,2
BRDA:109,4,0,4
BRDA:109,4,1,4
BRDA:155,5,0,0
BRDA:155,5,1,2
BRDA:155,6,0,2
BRDA:155,6,1,2
BRDA:157,7,0,0
BRDA:157,7,1,0
BRDA:157,8,0,0
BRDA:157,8,1,0
BRDA:160,9,0,0
BRDA:160,9,1,0
BRDA:160,10,0,0
BRDA:160,10,1,0
BRDA:212,11,0,2
BRDA:212,11,1,0
BRF:30
BRH:18
end_of_record
TN:
SF:app/assets/scripts/views/community-workshops.js
FN:19,getImage
FN:32,(anonymous_1)
FN:41,(anonymous_2)
FN:54,(anonymous_3)
FN:62,(anonymous_4)
FN:71,(anonymous_5)
FN:98,(anonymous_6)
FN:120,(anonymous_7)
FN:128,(anonymous_8)
FN:136,(anonymous_9)
FN:200,(anonymous_10)
FNF:11
FNH:8
FNDA:12,getImage
FNDA:120,(anonymous_1)
FNDA:2,(anonymous_2)
FNDA:0,(anonymous_3)
FNDA:0,(anonymous_4)
FNDA:2,(anonymous_5)
FNDA:6,(anonymous_6)
FNDA:2,(anonymous_7)
FNDA:0,(anonymous_8)
FNDA:12,(anonymous_9)
FNDA:2,(anonymous_10)
DA:20,12
DA:21,12
DA:28,20
DA:32,120
DA:42,2
DA:44,2
DA:51,2
DA:55,0
DA:56,0
DA:63,0
DA:64,0
DA:72,2
DA:73,2
DA:74,2
DA:76,2
DA:99,6
DA:121,2
DA:124,2
DA:127,2
DA:128,0
DA:129,0
DA:130,0
DA:132,0
DA:135,2
DA:137,12
DA:176,2
DA:201,2
DA:242,20
DA:251,20
LF:29
LH:21
BRDA:20,0,0,12
BRDA:20,0,1,12
BRDA:22,1,0,12
BRDA:22,1,1,12
BRDA:22,1,2,12
BRDA:22,1,3,0
BRDA:22,1,4,0
BRDA:80,2,0,2
BRDA:80,2,1,2
BRDA:127,3,0,0
BRDA:127,3,1,2
BRDA:129,4,0,0
BRDA:129,4,1,0
BRDA:129,5,0,0
BRDA:129,5,1,0
BRDA:151,6,0,12
BRDA:151,6,1,0
BRDA:189,7,0,2
BRDA:189,7,1,0
BRF:19
BRH:10
end_of_record
TN:
SF:app/assets/scripts/views/why.js
FN:23,(anonymous_0)
FNF:1
FNH:0
FNDA:0,(anonymous_0)
DA:18,20
DA:24,0
DA:237,20
LF:3
LH:2
BRF:0
BRH:0
end_of_record
TN:
SF:app/assets/scripts/views/world-map.js
FN:19,WorldMap
FN:23,(anonymous_1)
FN:60,(anonymous_2)
FN:84,(anonymous_3)
FN:90,(anonymous_4)
FN:112,WorldMapWrapper
FNF:6
FNH:0
FNDA:0,WorldMap
FNDA:0,(anonymous_1)
FNDA:0,(anonymous_2)
FNDA:0,(anonymous_3)
FNDA:0,(anonymous_4)
FNDA:0,WorldMapWrapper
DA:20,0
DA:23,0
DA:24,0
DA:27,0
DA:28,0
DA:31,0
DA:32,0
DA:42,0
DA:43,0
DA:60,0
DA:62,0
DA:65,0
DA:69,0
DA:73,0
DA:85,0
DA:91,0
DA:107,20
DA:113,0
LF:18
LH:1
BRDA:27,0,0,0
BRDA:27,0,1,0
BRDA:27,1,0,0
BRDA:27,1,1,0
BRDA:31,2,0,0
BRDA:31,2,1,0
BRDA:42,3,0,0
BRDA:42,3,1,0
BRDA:42,4,0,0
BRDA:42,4,1,0
BRDA:66,5,0,0
BRDA:66,5,1,0
BRF:12
BRH:0
end_of_record
TN:
SF:app/assets/scripts/views/compare/availability-message.js
FN:5,AvailabilityMessage
FN:10,(anonymous_1)
FN:11,(anonymous_2)
FN:12,(anonymous_3)
FN:30,(anonymous_4)
FNF:5
FNH:0
FNDA:0,AvailabilityMessage
FNDA:0,(anonymous_1)
FNDA:0,(anonymous_2)
FNDA:0,(anonymous_3)
FNDA:0,(anonymous_4)
DA:6,0
DA:8,0
DA:9,0
DA:10,0
DA:12,0
DA:13,0
DA:20,0
DA:21,0
DA:28,0
DA:30,0
DA:32,0
DA:35,20
LF:12
LH:1
BRDA:10,0,0,0
BRDA:10,0,1,0
BRDA:10,0,2,0
BRDA:12,1,0,0
BRDA:12,1,1,0
BRDA:20,2,0,0
BRDA:20,2,1,0
BRF:7
BRH:0
end_of_record
TN:
SF:app/assets/scripts/views/compare/compare-brush-chart.js
FN:11,CompareBrushChart
FN:19,(anonymous_1)
FN:21,(anonymous_2)
FN:24,(anonymous_3)
FN:29,(anonymous_4)
FN:39,(anonymous_5)
FN:56,(anonymous_6)
FN:56,(anonymous_7)
FN:63,(anonymous_8)
FN:66,(anonymous_9)
FNF:10
FNH:0
FNDA:0,CompareBrushChart
FNDA:0,(anonymous_1)
FNDA:0,(anonymous_2)
FNDA:0,(anonymous_3)
FNDA:0,(anonymous_4)
FNDA:0,(anonymous_5)
FNDA:0,(anonymous_6)
FNDA:0,(anonymous_7)
FNDA:0,(anonymous_8)
FNDA:0,(anonymous_9)
DA:12,0
DA:14,0
DA:15,0
DA:16,0
DA:19,0
DA:20,0
DA:22,0
DA:23,0
DA:27,0
DA:28,0
DA:29,0
DA:31,0
DA:32,0
DA:35,0
DA:36,0
DA:37,0
DA:41,0
DA:49,0
DA:56,0
DA:59,0
DA:62,0
DA:63,0
DA:65,0
DA:66,0
DA:68,0
DA:69,0
DA:84,0
DA:95,20
LF:28
LH:1
BRDA:22,0,0,0
BRDA:22,0,1,0
BRDA:22,1,0,0
BRDA:22,1,1,0
BRDA:22,1,2,0
BRDA:31,2,0,0
BRDA:31,2,1,0
BRDA:31,3,0,0
BRDA:31,3,1,0
BRDA:35,4,0,0
BRDA:35,4,1,0
BRDA:37,5,0,0
BRDA:37,5,1,0
BRDA:56,6,0,0
BRDA:56,6,1,0
BRDA:56,7,0,0
BRDA:56,7,1,0
BRDA:63,8,0,0
BRDA:63,8,1,0
BRDA:65,9,0,0
BRDA:65,9,1,0
BRDA:68,10,0,0
BRDA:68,10,1,0
BRF:23
BRH:0
end_of_record
TN:
SF:app/assets/scripts/views/compare/compare-location-selector.js
FN:8,CompareLocationSelector
FN:56,(anonymous_1)
FN:61,(anonymous_2)
FN:69,(anonymous_3)
FN:112,(anonymous_4)
FN:115,(anonymous_5)
FN:130,(anonymous_6)
FN:133,(anonymous_7)
FN:148,(anonymous_8)
FN:151,(anonymous_9)
FNF:10
FNH:1
FNDA:6,CompareLocationSelector
FNDA:0,(anonymous_1)
FNDA:0,(anonymous_2)
FNDA:0,(anonymous_3)
FNDA:0,(anonymous_4)
FNDA:0,(anonymous_5)
FNDA:0,(anonymous_6)
FNDA:0,(anonymous_7)
FNDA:0,(anonymous_8)
FNDA:0,(anonymous_9)
DA:21,6
DA:23,6
DA:24,6
DA:38,0
DA:43,0
DA:49,0
DA:50,0
DA:51,0
DA:53,0
DA:56,0
DA:57,0
DA:60,0
DA:61,0
DA:66,0
DA:67,0
DA:68,0
DA:71,0
DA:79,0
DA:82,0
DA:90,0
DA:93,0
DA:95,0
DA:97,0
DA:112,0
DA:116,0
DA:130,0
DA:134,0
DA:148,0
DA:152,0
DA:182,20
LF:30
LH:4
BRDA:23,0,0,6
BRDA:23,0,1,0
BRDA:38,1,0,0
BRDA:38,1,1,0
BRDA:53,2,0,0
BRDA:53,2,1,0
BRDA:57,3,0,0
BRDA:57,3,1,0
BRDA:66,4,0,0
BRDA:66,4,1,0
BRDA:71,5,0,0
BRDA:71,5,1,0
BRDA:71,5,2,0
BRDA:79,6,0,0
BRDA:79,6,1,0
BRDA:82,7,0,0
BRDA:82,7,1,0
BRDA:84,8,0,0
BRDA:84,8,1,0
BRDA:90,9,0,0
BRDA:90,9,1,0
BRDA:90,9,2,0
BRDA:93,10,0,0
BRDA:93,10,1,0
BRDA:93,10,2,0
BRDA:95,11,0,0
BRDA:95,11,1,0
BRF:27
BRH:1
end_of_record
TN:
SF:app/assets/scripts/views/compare/compare-location.js
FN:13,CompareLocation
FN:50,(anonymous_1)
FN:56,(anonymous_2)
FNF:3
FNH:1
FNDA:1,CompareLocation
FNDA:0,(anonymous_1)
FNDA:0,(anonymous_2)
DA:14,1
DA:16,1
DA:17,1
DA:24,0
DA:25,0
DA:32,0
DA:33,0
DA:34,0
DA:35,0
DA:36,0
DA:50,0
DA:56,0
DA:65,20
LF:13
LH:4
BRDA:16,0,0,1
BRDA:16,0,1,0
BRDA:24,1,0,0
BRDA:24,1,1,0
BRDA:46,2,0,0
BRDA:46,2,1,0
BRF:6
BRH:1
end_of_record
TN:
SF:app/assets/scripts/views/compare/compare.js
FN:30,Compare
FN:56,(anonymous_1)
FN:61,(anonymous_2)
FN:65,(anonymous_3)
FN:78,(anonymous_4)
FN:80,(anonymous_5)
FN:85,(anonymous_6)
FN:87,(anonymous_7)
FN:92,(anonymous_8)
FN:95,(anonymous_9)
FN:102,(anonymous_10)
FN:118,(anonymous_11)
FN:128,(anonymous_12)
FN:129,(anonymous_13)
FN:147,(anonymous_14)
FN:152,(anonymous_15)
FN:153,(anonymous_16)
FN:162,(anonymous_17)
FN:165,(anonymous_18)
FN:168,(anonymous_19)
FN:173,(anonymous_20)
FN:174,(anonymous_21)
FN:187,(anonymous_22)
FN:285,selector
FN:298,dispatcher
FN:300,(anonymous_25)
FN:301,(anonymous_26)
FN:302,(anonymous_27)
FN:304,(anonymous_28)
FN:305,(anonymous_29)
FN:306,(anonymous_30)
FN:308,(anonymous_31)
FN:309,(anonymous_32)
FN:312,(anonymous_33)
FN:314,(anonymous_34)
FN:316,(anonymous_35)
FN:318,(anonymous_36)
FNF:37
FNH:15
FNDA:6,Compare
FNDA:3,(anonymous_1)
FNDA:0,(anonymous_2)
FNDA:3,(anonymous_3)
FNDA:0,(anonymous_4)
FNDA:0,(anonymous_5)
FNDA:0,(anonymous_6)
FNDA:0,(anonymous_7)
FNDA:0,(anonymous_8)
FNDA:0,(anonymous_9)
FNDA:0,(anonymous_10)
FNDA:0,(anonymous_11)
FNDA:1,(anonymous_12)
FNDA:0,(anonymous_13)
FNDA:3,(anonymous_14)
FNDA:18,(anonymous_15)
FNDA:9,(anonymous_16)
FNDA:18,(anonymous_17)
FNDA:18,(anonymous_18)
FNDA:0,(anonymous_19)
[...]
BRDA:196,10,0,6
BRDA:196,10,1,6
BRDA:216,11,0,0
BRDA:216,11,1,6
BRDA:216,12,0,6
BRDA:216,12,1,0
BRF:28
BRH:13
end_of_record
TN:
SF:app/assets/scripts/views/compare/index.js
FNF:0
FNH:0
LF:0
LH:0
BRF:0
BRH:0
end_of_record
TN:
SF:app/assets/scripts/views/compare/parameter-selector.js
FN:6,ParameterSelector
FN:17,(anonymous_1)
FN:26,(anonymous_2)
FNF:3
FNH:0
FNDA:0,ParameterSelector
FNDA:0,(anonymous_1)
FNDA:0,(anonymous_2)
DA:7,0
DA:10,0
DA:18,0
DA:27,0
DA:28,0
DA:39,0
DA:42,20
LF:7
LH:1
BRF:0
BRH:0
end_of_record
TN:
SF:app/assets/scripts/views/countries-hub/countries-hub.js
FN:22,CountriesHub
FN:27,(anonymous_1)
FN:28,(anonymous_2)
FN:29,(anonymous_3)
FN:32,(anonymous_4)
FN:39,(anonymous_5)
FN:40,(anonymous_6)
FN:47,(anonymous_7)
FN:49,(anonymous_8)
FN:61,(anonymous_9)
FN:82,(anonymous_10)
FN:93,(anonymous_11)
FN:107,(anonymous_12)
FN:110,(anonymous_13)
FN:137,dispatcher
FN:139,(anonymous_15)
FNF:16
FNH:11
FNDA:12,CountriesHub
FNDA:4,(anonymous_1)
FNDA:4,(anonymous_2)
FNDA:4,(anonymous_3)
FNDA:4,(anonymous_4)
FNDA:4,(anonymous_5)
FNDA:4,(anonymous_6)
FNDA:0,(anonymous_7)
FNDA:0,(anonymous_8)
FNDA:0,(anonymous_9)
FNDA:520,(anonymous_10)
FNDA:520,(anonymous_11)
FNDA:520,(anonymous_12)
FNDA:0,(anonymous_13)
FNDA:4,dispatcher
FNDA:0,(anonymous_15)
DA:15,20
DA:23,12
DA:27,12
DA:28,4
DA:29,4
DA:31,4
DA:33,4
DA:34,0
DA:36,4
DA:40,4
DA:48,0
DA:49,0
DA:59,4
DA:61,4
DA:62,0
DA:66,12
DA:72,12
DA:83,520
DA:94,520
DA:108,520
DA:111,0
DA:130,20
DA:138,4
DA:139,0
DA:143,20
LF:25
LH:19
BRDA:33,0,0,0
BRDA:33,0,1,4
BRDA:66,1,0,4
BRDA:66,1,1,8
BRDA:68,2,0,4
BRDA:68,2,1,4
BRDA:68,3,0,8
BRDA:68,3,1,4
BRDA:77,4,0,4
BRDA:77,4,1,8
BRDA:79,5,0,4
BRDA:79,5,1,4
BRDA:79,6,0,8
BRDA:79,6,1,4
BRDA:90,7,0,520
BRDA:90,7,1,0
BRF:16
BRH:14
end_of_record
TN:
SF:app/assets/scripts/views/countries-hub/index.js
FNF:0
FNH:0
LF:0
LH:0
BRF:0
BRH:0
end_of_record
TN:
SF:app/assets/scripts/views/country/country.js
FN:25,Country
FN:32,(anonymous_1)
FN:35,(anonymous_2)
FN:40,(anonymous_3)
FN:41,(anonymous_4)
FN:47,(anonymous_5)
FN:54,(anonymous_6)
FN:55,(anonymous_7)
FN:61,(anonymous_8)
FN:63,(anonymous_9)
FN:98,(anonymous_10)
FN:142,dispatcher
FN:144,(anonymous_12)
FNF:13
FNH:5
FNDA:2,Country
FNDA:1,(anonymous_1)
FNDA:0,(anonymous_2)
FNDA:1,(anonymous_3)
FNDA:1,(anonymous_4)
FNDA:0,(anonymous_5)
FNDA:0,(anonymous_6)
FNDA:0,(anonymous_7)
FNDA:0,(anonymous_8)
FNDA:0,(anonymous_9)
FNDA:0,(anonymous_10)
FNDA:1,dispatcher
FNDA:0,(anonymous_12)
DA:19,20
DA:26,2
DA:28,2
DA:32,2
DA:33,1
DA:35,1
DA:36,0
DA:40,2
DA:41,1
DA:46,1
DA:48,0
DA:49,0
DA:51,0
DA:55,0
DA:62,0
DA:63,0
DA:72,2
DA:99,0
DA:134,20
DA:143,1
DA:144,0
LF:21
LH:12
BRDA:48,0,0,0
BRDA:48,0,1,0
BRDA:74,1,0,1
BRDA:74,1,1,1
BRDA:76,2,0,0
BRDA:76,2,1,1
BRDA:76,3,0,1
BRDA:76,3,1,0
BRDA:85,4,0,0
BRDA:85,4,1,0
BRDA:93,5,0,0
BRDA:93,5,1,0
BRF:12
BRH:4
end_of_record
TN:
SF:app/assets/scripts/views/country/index.js
FNF:0
FNH:0
LF:0
LH:0
BRF:0
BRH:0
end_of_record
TN:
SF:app/assets/scripts/views/country/results.js
FN:24,getPage
FN:33,Results
FN:46,(anonymous_2)
FN:51,(anonymous_3)
FN:54,(anonymous_4)
FN:59,(anonymous_5)
FN:64,(anonymous_6)
FN:65,(anonymous_7)
FN:75,(anonymous_8)
FN:82,(anonymous_9)
FN:83,(anonymous_10)
FN:91,(anonymous_11)
FN:93,(anonymous_12)
FN:103,handlePageClick
FN:151,(anonymous_14)
FN:171,(anonymous_15)
FN:183,(anonymous_16)
FN:184,(anonymous_17)
FNF:18
FNH:0
FNDA:0,getPage
FNDA:0,Results
FNDA:0,(anonymous_2)
FNDA:0,(anonymous_3)
FNDA:0,(anonymous_4)
FNDA:0,(anonymous_5)
FNDA:0,(anonymous_6)
FNDA:0,(anonymous_7)
FNDA:0,(anonymous_8)
FNDA:0,(anonymous_9)
FNDA:0,(anonymous_10)
FNDA:0,(anonymous_11)
FNDA:0,(anonymous_12)
FNDA:0,handlePageClick
FNDA:0,(anonymous_14)
FNDA:0,(anonymous_15)
FNDA:0,(anonymous_16)
FNDA:0,(anonymous_17)
DA:15,20
DA:22,20
DA:25,0
DA:26,0
DA:27,0
DA:28,0
DA:30,0
DA:34,0
DA:35,0
DA:37,0
DA:42,0
DA:44,0
DA:46,0
DA:47,0
DA:48,0
DA:51,0
DA:54,0
DA:55,0
DA:57,0
DA:59,0
DA:60,0
DA:64,0
DA:65,0
DA:72,0
DA:76,0
DA:77,0
DA:79,0
DA:83,0
DA:92,0
DA:93,0
DA:104,0
DA:105,0
DA:106,0
DA:107,0
DA:109,0
DA:112,0
DA:113,0
DA:116,0
DA:117,0
DA:120,0
DA:121,0
DA:124,0
DA:125,0
DA:127,0
DA:128,0
DA:148,0
DA:152,0
DA:172,0
DA:184,0
DA:185,0
DA:190,0
DA:236,20
LF:52
LH:3
BRDA:25,0,0,0
BRDA:25,0,1,0
BRDA:25,1,0,0
BRDA:25,1,1,0
BRDA:27,2,0,0
BRDA:27,2,1,0
BRDA:27,3,0,0
BRDA:27,3,1,0
BRDA:55,4,0,0
BRDA:55,4,1,0
BRDA:76,5,0,0
BRDA:76,5,1,0
BRDA:112,6,0,0
BRDA:112,6,1,0
BRDA:112,7,0,0
BRDA:112,7,1,0
BRDA:116,8,0,0
BRDA:116,8,1,0
BRDA:120,9,0,0
BRDA:120,9,1,0
BRDA:125,10,0,0
BRDA:125,10,1,0
BRDA:127,11,0,0
BRDA:127,11,1,0
BRDA:163,12,0,0
BRDA:163,12,1,0
BRDA:194,13,0,0
BRDA:194,13,1,0
BRDA:203,14,0,0
BRDA:203,14,1,0
BRDA:215,15,0,0
BRDA:215,15,1,0
BRDA:215,16,0,0
BRDA:215,16,1,0
BRDA:215,16,2,0
BRF:35
BRH:0
end_of_record
TN:
SF:app/assets/scripts/views/home/compare-location-card-chart.js
FN:8,CompareLocationCardChart
FN:20,(anonymous_1)
FN:22,(anonymous_2)
FN:27,(anonymous_3)
FN:39,(anonymous_4)
FNF:5
FNH:0
FNDA:0,CompareLocationCardChart
FNDA:0,(anonymous_1)
FNDA:0,(anonymous_2)
FNDA:0,(anonymous_3)
FNDA:0,(anonymous_4)
DA:9,0
DA:14,0
DA:15,0
DA:16,0
DA:19,0
DA:21,0
DA:23,0
DA:24,0
DA:25,0
DA:29,0
DA:39,0
DA:42,0
DA:44,0
DA:46,0
DA:58,20
LF:15
LH:1
BRDA:23,0,0,0
BRDA:23,0,1,0
BRDA:25,1,0,0
BRDA:25,1,1,0
BRDA:39,2,0,0
BRDA:39,2,1,0
BRDA:44,3,0,0
BRDA:44,3,1,0
BRF:8
BRH:0
end_of_record
TN:
SF:app/assets/scripts/views/home/compare-location-card.js
FN:9,CompareLocationCard
FNF:1
FNH:0
FNDA:0,CompareLocationCard
DA:10,0
DA:12,0
DA:13,0
DA:24,0
DA:25,0
DA:36,0
DA:39,0
DA:41,0
DA:75,20
LF:9
LH:1
BRDA:12,0,0,0
BRDA:12,0,1,0
BRDA:12,1,0,0
BRDA:12,1,1,0
BRDA:24,2,0,0
BRDA:24,2,1,0
BRDA:24,3,0,0
BRDA:24,3,1,0
BRDA:52,4,0,0
BRDA:52,4,1,0
BRDA:53,5,0,0
BRDA:53,5,1,0
BRDA:61,6,0,0
BRDA:61,6,1,0
BRDA:63,7,0,0
BRDA:63,7,1,0
BRF:16
BRH:0
end_of_record
TN:
SF:app/assets/scripts/views/home/home.js
FN:28,Home
FN:37,(anonymous_1)
FN:45,(anonymous_2)
FN:46,(anonymous_3)
FN:50,(anonymous_4)
FN:52,(anonymous_5)
FN:54,(anonymous_6)
FN:242,selector
FN:249,dispatcher
FN:251,(anonymous_9)
FN:253,(anonymous_10)
FN:255,(anonymous_11)
FNF:12
FNH:0
FNDA:0,Home
FNDA:0,(anonymous_1)
FNDA:0,(anonymous_2)
FNDA:0,(anonymous_3)
FNDA:0,(anonymous_4)
FNDA:0,(anonymous_5)
FNDA:0,(anonymous_6)
FNDA:0,selector
FNDA:0,dispatcher
FNDA:0,(anonymous_9)
FNDA:0,(anonymous_10)
FNDA:0,(anonymous_11)
DA:35,0
DA:37,0
DA:41,0
DA:42,0
DA:45,0
DA:46,0
DA:47,0
DA:50,0
DA:51,0
DA:52,0
DA:53,0
DA:54,0
DA:55,0
DA:56,0
DA:57,0
DA:69,0
DA:70,0
DA:72,0
DA:230,20
DA:243,0
DA:250,0
DA:251,0
DA:254,0
DA:256,0
DA:260,20
LF:25
LH:2
BRDA:53,0,0,0
BRDA:53,0,1,0
BRF:2
BRH:0
end_of_record
TN:
SF:app/assets/scripts/views/home/index.js
FNF:0
FNH:0
LF:0
LH:0
BRF:0
BRH:0
end_of_record
TN:
SF:app/assets/scripts/views/home/stats-count.js
FN:16,StatsCount
FN:19,(anonymous_1)
FN:20,(anonymous_2)
FN:21,(anonymous_3)
FN:24,(anonymous_4)
FN:31,(anonymous_5)
FN:32,(anonymous_6)
FN:39,(anonymous_7)
FN:41,(anonymous_8)
FN:53,(anonymous_9)
FNF:10
FNH:0
FNDA:0,StatsCount
FNDA:0,(anonymous_1)
FNDA:0,(anonymous_2)
FNDA:0,(anonymous_3)
FNDA:0,(anonymous_4)
FNDA:0,(anonymous_5)
FNDA:0,(anonymous_6)
FNDA:0,(anonymous_7)
FNDA:0,(anonymous_8)
FNDA:0,(anonymous_9)
DA:9,20
DA:17,0
DA:19,0
DA:20,0
DA:21,0
DA:23,0
DA:25,0
DA:26,0
DA:28,0
DA:32,0
DA:40,0
DA:41,0
DA:51,0
DA:53,0
DA:54,0
DA:58,0
DA:59,0
DA:62,0
DA:179,20
LF:19
LH:2
BRDA:25,0,0,0
BRDA:25,0,1,0
BRDA:58,1,0,0
BRDA:58,1,1,0
BRDA:58,2,0,0
BRDA:58,2,1,0
BRDA:133,3,0,0
BRDA:133,3,1,0
BRDA:135,4,0,0
BRDA:135,4,1,0
BRDA:145,5,0,0
BRDA:145,5,1,0
BRDA:153,6,0,0
BRDA:153,6,1,0
BRDA:161,7,0,0
BRDA:161,7,1,0
BRF:16
BRH:0
end_of_record
TN:
SF:app/assets/scripts/views/location/index.js
FNF:0
FNH:0
LF:0
LH:0
BRF:0
BRH:0
end_of_record
TN:
SF:app/assets/scripts/views/location/location.js
FN:32,Location
FN:39,(anonymous_1)
FN:49,(anonymous_2)
FN:50,(anonymous_3)
FN:51,(anonymous_4)
FN:54,(anonymous_5)
FN:61,(anonymous_6)
FN:65,(anonymous_7)
FN:75,(anonymous_8)
FN:82,(anonymous_9)
FN:83,(anonymous_10)
FN:100,(anonymous_11)
FN:102,(anonymous_12)
FN:114,(anonymous_13)
FN:153,onDownloadClick
FN:164,(anonymous_15)
FN:263,dispatcher
FN:265,(anonymous_17)
FNF:18
FNH:0
FNDA:0,Location
FNDA:0,(anonymous_1)
FNDA:0,(anonymous_2)
FNDA:0,(anonymous_3)
FNDA:0,(anonymous_4)
FNDA:0,(anonymous_5)
FNDA:0,(anonymous_6)
FNDA:0,(anonymous_7)
FNDA:0,(anonymous_8)
FNDA:0,(anonymous_9)
FNDA:0,(anonymous_10)
FNDA:0,(anonymous_11)
FNDA:0,(anonymous_12)
FNDA:0,(anonymous_13)
FNDA:0,onDownloadClick
FNDA:0,(anonymous_15)
FNDA:0,dispatcher
FNDA:0,(anonymous_17)
DA:25,20
DA:33,0
DA:35,0
DA:39,0
DA:40,0
DA:43,0
DA:44,0
DA:47,0
DA:49,0
DA:50,0
DA:51,0
DA:53,0
DA:55,0
DA:56,0
DA:58,0
DA:62,0
DA:64,0
DA:65,0
DA:72,0
DA:75,0
DA:82,0
DA:83,0
DA:101,0
DA:102,0
DA:112,0
DA:114,0
DA:115,0
DA:119,0
DA:120,0
DA:123,0
DA:124,0
DA:134,0
DA:135,0
DA:154,0
DA:163,0
DA:164,0
DA:166,0
DA:252,20
DA:264,0
DA:265,0
LF:40
LH:2
BRDA:55,0,0,0
BRDA:55,0,1,0
BRDA:64,1,0,0
BRDA:64,1,1,0
BRDA:119,2,0,0
BRDA:119,2,1,0
BRDA:119,3,0,0
BRDA:119,3,1,0
BRDA:123,4,0,0
BRDA:123,4,1,0
BRDA:134,5,0,0
BRDA:134,5,1,0
BRDA:134,6,0,0
BRDA:134,6,1,0
BRDA:156,7,0,0
BRDA:156,7,1,0
BRDA:163,8,0,0
BRDA:163,8,1,0
BRDA:171,9,0,0
BRDA:171,9,1,0
BRDA:198,10,0,0
BRDA:198,10,1,0
BRDA:210,11,0,0
BRDA:210,11,1,0
BRDA:218,12,0,0
BRDA:218,12,1,0
BRDA:239,13,0,0
BRDA:239,13,1,0
BRF:28
BRH:0
end_of_record
TN:
SF:app/assets/scripts/views/location/nearby-locations.js
FN:9,NearbyLocations
FN:19,(anonymous_1)
FN:20,(anonymous_2)
FN:41,(anonymous_3)
FNF:4
FNH:0
FNDA:0,NearbyLocations
FNDA:0,(anonymous_1)
FNDA:0,(anonymous_2)
FNDA:0,(anonymous_3)
DA:15,0
DA:19,0
DA:20,0
DA:23,0
DA:41,0
DA:52,20
LF:6
LH:1
BRF:0
BRH:0
end_of_record
TN:
SF:app/assets/scripts/views/locations-hub/index.js
FNF:0
FNH:0
LF:0
LH:0
BRF:0
BRH:0
end_of_record
TN:
SF:app/assets/scripts/views/locations-hub/location-card.js
FN:8,LocationCard
FN:50,(anonymous_1)
FN:52,(anonymous_2)
FN:65,(anonymous_3)
FN:66,(anonymous_4)
FN:71,(anonymous_5)
FN:87,(anonymous_6)
FNF:7
FNH:0
FNDA:0,LocationCard
FNDA:0,(anonymous_1)
FNDA:0,(anonymous_2)
FNDA:0,(anonymous_3)
FNDA:0,(anonymous_4)
FNDA:0,(anonymous_5)
FNDA:0,(anonymous_6)
DA:24,0
DA:25,0
DA:26,0
DA:27,0
DA:50,0
DA:53,0
DA:65,0
DA:66,0
DA:72,0
DA:88,0
DA:98,20
LF:11
LH:1
BRDA:48,0,0,0
BRDA:48,0,1,0
BRDA:49,1,0,0
BRDA:49,1,1,0
BRDA:62,2,0,0
BRDA:62,2,1,0
BRDA:66,3,0,0
BRDA:66,3,1,0
BRDA:66,3,2,0
BRDA:70,4,0,0
BRDA:70,4,1,0
BRDA:76,5,0,0
BRDA:76,5,1,0
BRDA:80,6,0,0
BRDA:80,6,1,0
BRDA:80,7,0,0
BRDA:80,7,1,0
BRF:17
BRH:0
end_of_record
TN:
SF:app/assets/scripts/views/locations-hub/locations-hub.js
FN:20,getPage
FN:29,LocationsHub
FN:49,(anonymous_2)
FN:53,(anonymous_3)
FN:59,(anonymous_4)
FN:86,(anonymous_5)
FN:97,(anonymous_6)
FN:100,handlePageClick
FN:106,(anonymous_8)
FN:175,selector
FN:186,dispatcher
FN:188,(anonymous_11)
FN:189,(anonymous_12)
FN:191,(anonymous_13)
FN:192,(anonymous_14)
FNF:15
FNH:0
FNDA:0,getPage
FNDA:0,LocationsHub
FNDA:0,(anonymous_2)
FNDA:0,(anonymous_3)
FNDA:0,(anonymous_4)
FNDA:0,(anonymous_5)
FNDA:0,(anonymous_6)
FNDA:0,handlePageClick
FNDA:0,(anonymous_8)
FNDA:0,selector
FNDA:0,dispatcher
FNDA:0,(anonymous_11)
FNDA:0,(anonymous_12)
FNDA:0,(anonymous_13)
FNDA:0,(anonymous_14)
DA:18,20
DA:21,0
DA:22,0
DA:23,0
DA:24,0
DA:26,0
DA:45,0
DA:46,0
DA:48,0
DA:49,0
DA:50,0
DA:53,0
DA:55,0
DA:59,0
DA:60,0
DA:61,0
DA:64,0
DA:66,0
DA:69,0
DA:86,0
DA:87,0
DA:88,0
DA:89,0
DA:92,0
DA:93,0
DA:94,0
DA:97,0
DA:101,0
DA:102,0
DA:103,0
DA:106,0
DA:107,0
DA:110,0
DA:112,0
DA:114,0
DA:155,20
DA:176,0
DA:187,0
DA:188,0
DA:190,0
DA:191,0
DA:192,0
DA:196,20
LF:43
LH:3
BRDA:21,0,0,0
BRDA:21,0,1,0
BRDA:21,1,0,0
BRDA:21,1,1,0
BRDA:23,2,0,0
BRDA:23,2,1,0
BRDA:23,3,0,0
BRDA:23,3,1,0
BRDA:61,4,0,0
BRDA:61,4,1,0
BRDA:72,5,0,0
BRDA:72,5,1,0
BRDA:74,6,0,0
BRDA:74,6,1,0
BRDA:75,7,0,0
BRDA:75,7,1,0
BRDA:76,8,0,0
BRDA:76,8,1,0
BRDA:78,9,0,0
BRDA:78,9,1,0
BRDA:79,10,0,0
BRDA:79,10,1,0
BRDA:80,11,0,0
BRDA:80,11,1,0
BRDA:82,12,0,0
BRDA:82,12,1,0
BRDA:87,13,0,0
BRDA:87,13,1,0
BRDA:92,14,0,0
BRDA:92,14,1,0
BRDA:110,15,0,0
BRDA:110,15,1,0
BRDA:129,16,0,0
BRDA:129,16,1,0
BRF:34
BRH:0
end_of_record
TN:
SF:app/assets/scripts/views/locations-hub/results.js
FN:12,Results
FN:66,(anonymous_1)
FN:67,(anonymous_2)
FNF:3
FNH:0
FNDA:0,Results
FNDA:0,(anonymous_1)
FNDA:0,(anonymous_2)
DA:22,0
DA:23,0
DA:26,0
DA:27,0
DA:30,0
DA:31,0
DA:44,0
DA:45,0
DA:63,0
DA:67,0
DA:68,0
DA:73,0
DA:115,20
LF:13
LH:1
BRDA:22,0,0,0
BRDA:22,0,1,0
BRDA:22,1,0,0
BRDA:22,1,1,0
BRDA:26,2,0,0
BRDA:26,2,1,0
BRDA:30,3,0,0
BRDA:30,3,1,0
BRDA:44,4,0,0
BRDA:44,4,1,0
BRDA:70,5,0,0
BRDA:70,5,1,0
BRDA:77,6,0,0
BRDA:77,6,1,0
BRDA:86,7,0,0
BRDA:86,7,1,0
BRDA:94,8,0,0
BRDA:94,8,1,0
BRDA:94,9,0,0
BRDA:94,9,1,0
BRDA:94,9,2,0
BRF:21
BRH:0
end_of_record
TN:
SF:app/assets/scripts/views/project/dashboard.js
FN:12,Dashboard
FNF:1
FNH:0
FNDA:0,Dashboard
DA:27,0
DA:82,20
DA:108,20
LF:3
LH:2
BRDA:36,0,0,0
BRDA:36,0,1,0
BRDA:48,1,0,0
BRDA:48,1,1,0
BRDA:50,2,0,0
BRDA:50,2,1,0
BRDA:57,3,0,0
BRDA:57,3,1,0
BRDA:68,4,0,0
BRDA:68,4,1,0
BRF:10
BRH:0
end_of_record
TN:
SF:app/assets/scripts/views/project/index.js
FNF:0
FNH:0
LF:0
LH:0
BRF:0
BRH:0
end_of_record
TN:
SF:app/assets/scripts/views/project/node-locations.js
FN:10,NodeLocations
FN:21,(anonymous_1)
FN:22,(anonymous_2)
FNF:3
FNH:0
FNDA:0,NodeLocations
FNDA:0,(anonymous_1)
FNDA:0,(anonymous_2)
DA:19,0
DA:21,0
DA:22,0
DA:24,0
DA:25,0
DA:27,0
DA:57,20
LF:7
LH:1
BRDA:24,0,0,0
BRDA:24,0,1,0
BRF:2
BRH:0
end_of_record
TN:
SF:app/assets/scripts/views/project/nodes-dashboard.js
FN:20,NodesDashboard
FN:41,(anonymous_1)
FN:44,(anonymous_2)
FN:49,(anonymous_3)
FN:50,(anonymous_4)
FN:75,(anonymous_5)
FN:82,(anonymous_6)
FN:83,(anonymous_7)
FN:117,(anonymous_8)
FN:121,(anonymous_9)
FN:128,(anonymous_10)
FN:136,(anonymous_11)
FN:138,(anonymous_12)
FNF:13
FNH:0
FNDA:0,NodesDashboard
FNDA:0,(anonymous_1)
FNDA:0,(anonymous_2)
FNDA:0,(anonymous_3)
FNDA:0,(anonymous_4)
FNDA:0,(anonymous_5)
FNDA:0,(anonymous_6)
FNDA:0,(anonymous_7)
FNDA:0,(anonymous_8)
FNDA:0,(anonymous_9)
FNDA:0,(anonymous_10)
FNDA:0,(anonymous_11)
FNDA:0,(anonymous_12)
DA:12,20
DA:35,0
DA:37,0
DA:41,0
DA:42,0
DA:44,0
DA:45,0
DA:49,0
DA:50,0
DA:51,0
DA:68,0
DA:69,0
DA:72,0
DA:74,0
DA:76,0
DA:77,0
DA:79,0
DA:83,0
DA:84,0
DA:85,0
DA:86,0
DA:115,0
DA:118,0
DA:119,0
DA:121,0
DA:122,0
DA:123,0
DA:128,0
DA:137,0
DA:138,0
DA:148,0
DA:149,0
DA:152,0
DA:153,0
DA:156,0
DA:157,0
DA:165,0
DA:180,20
LF:38
LH:2
BRDA:37,0,0,0
BRDA:37,0,1,0
BRDA:54,1,0,0
BRDA:54,1,1,0
BRDA:57,2,0,0
BRDA:57,2,1,0
BRDA:58,3,0,0
BRDA:58,3,1,0
BRDA:68,4,0,0
BRDA:68,4,1,0
BRDA:76,5,0,0
BRDA:76,5,1,0
BRDA:91,6,0,0
BRDA:91,6,1,0
BRDA:93,7,0,0
BRDA:93,7,1,0
BRDA:95,8,0,0
BRDA:95,8,1,0
BRDA:101,9,0,0
BRDA:101,9,1,0
BRDA:103,10,0,0
BRDA:103,10,1,0
BRDA:105,11,0,0
BRDA:105,11,1,0
BRDA:107,12,0,0
BRDA:107,12,1,0
BRDA:109,13,0,0
BRDA:109,13,1,0
BRDA:111,14,0,0
BRDA:111,14,1,0
BRDA:125,15,0,0
BRDA:125,15,1,0
BRDA:148,16,0,0
BRDA:148,16,1,0
BRDA:148,17,0,0
BRDA:148,17,1,0
BRDA:152,18,0,0
BRDA:152,18,1,0
BRDA:156,19,0,0
BRDA:156,19,1,0
BRDA:156,20,0,0
BRDA:156,20,1,0
BRF:42
BRH:0
end_of_record
TN:
SF:app/assets/scripts/views/project/project.js
FN:39,updateSelectedLocation
FN:46,(anonymous_1)
FN:62,reducer
FN:93,Project
FN:104,(anonymous_4)
FN:112,(anonymous_5)
FN:115,(anonymous_6)
FN:120,(anonymous_7)
FN:121,(anonymous_8)
FN:123,(anonymous_9)
FN:130,(anonymous_10)
FN:132,(anonymous_11)
FN:138,(anonymous_12)
FN:155,(anonymous_13)
FN:157,(anonymous_14)
FN:167,(anonymous_15)
FN:185,(anonymous_16)
FN:198,(anonymous_17)
FN:224,(anonymous_18)
FN:233,(anonymous_19)
FN:251,(anonymous_20)
FN:334,dispatcher
FN:336,(anonymous_22)
FN:340,(anonymous_23)
FNF:24
FNH:0
FNDA:0,updateSelectedLocation
FNDA:0,(anonymous_1)
FNDA:0,reducer
FNDA:0,Project
FNDA:0,(anonymous_4)
FNDA:0,(anonymous_5)
FNDA:0,(anonymous_6)
FNDA:0,(anonymous_7)
FNDA:0,(anonymous_8)
FNDA:0,(anonymous_9)
FNDA:0,(anonymous_10)
FNDA:0,(anonymous_11)
FNDA:0,(anonymous_12)
FNDA:0,(anonymous_13)
FNDA:0,(anonymous_14)
FNDA:0,(anonymous_15)
FNDA:0,(anonymous_16)
FNDA:0,(anonymous_17)
FNDA:0,(anonymous_18)
FNDA:0,(anonymous_19)
FNDA:0,(anonymous_20)
FNDA:0,dispatcher
FNDA:0,(anonymous_22)
FNDA:0,(anonymous_23)
DA:19,20
DA:26,20
DA:33,20
DA:40,0
DA:41,0
DA:43,0
DA:46,0
DA:50,0
DA:51,0
DA:52,0
DA:53,0
DA:63,0
DA:65,0
DA:71,0
DA:73,0
DA:83,0
DA:89,0
DA:94,0
DA:95,0
DA:96,0
DA:100,0
DA:104,0
DA:105,0
DA:108,0
DA:109,0
DA:112,0
DA:113,0
DA:115,0
DA:116,0
DA:120,0
DA:121,0
DA:122,0
DA:124,0
DA:125,0
DA:127,0
DA:131,0
DA:132,0
DA:138,0
DA:156,0
DA:157,0
DA:167,0
DA:168,0
DA:171,0
DA:172,0
DA:175,0
DA:176,0
DA:179,0
DA:180,0
DA:184,0
DA:185,0
DA:188,0
DA:191,0
DA:199,0
DA:225,0
DA:234,0
DA:252,0
DA:324,20
DA:335,0
DA:336,0
DA:340,0
LF:60
LH:4
BRDA:41,0,0,0
BRDA:41,0,1,0
BRDA:50,1,0,0
BRDA:50,1,1,0
BRDA:52,2,0,0
BRDA:52,2,1,0
BRDA:55,3,0,0
BRDA:55,3,1,0
BRDA:63,4,0,0
BRDA:63,4,1,0
BRDA:63,4,2,0
BRDA:63,4,3,0
BRDA:63,4,4,0
BRDA:66,5,0,0
BRDA:66,5,1,0
BRDA:124,6,0,0
BRDA:124,6,1,0
BRDA:171,7,0,0
BRDA:171,7,1,0
BRDA:171,8,0,0
BRDA:171,8,1,0
BRDA:175,9,0,0
BRDA:175,9,1,0
BRDA:179,10,0,0
BRDA:179,10,1,0
BRDA:179,11,0,0
BRDA:179,11,1,0
BRDA:201,12,0,0
BRDA:201,12,1,0
BRDA:209,13,0,0
BRDA:209,13,1,0
BRDA:212,14,0,0
BRDA:212,14,1,0
BRDA:212,14,2,0
BRDA:229,15,0,0
BRDA:229,15,1,0
BRDA:246,16,0,0
BRDA:246,16,1,0
BRDA:260,17,0,0
BRDA:260,17,1,0
BRDA:260,18,0,0
BRDA:260,18,1,0
BRDA:268,19,0,0
BRDA:268,19,1,0
BRDA:285,20,0,0
BRDA:285,20,1,0
BRDA:296,21,0,0
BRDA:296,21,1,0
BRF:48
BRH:0
end_of_record
TN:
SF:app/assets/scripts/views/projects-hub/index.js
FNF:0
FNH:0
LF:0
LH:0
BRF:0
BRH:0
end_of_record
TN:
SF:app/assets/scripts/views/projects-hub/project-card.js
FN:8,ProjectCard
FN:47,(anonymous_1)
FN:59,(anonymous_2)
FN:63,(anonymous_3)
FN:79,(anonymous_4)
FNF:5
FNH:0
FNDA:0,ProjectCard
FNDA:0,(anonymous_1)
FNDA:0,(anonymous_2)
FNDA:0,(anonymous_3)
FNDA:0,(anonymous_4)
DA:24,0
DA:25,0
DA:26,0
DA:28,0
DA:48,0
DA:59,0
DA:63,0
DA:80,0
DA:90,20
LF:9
LH:1
BRDA:44,0,0,0
BRDA:44,0,1,0
BRDA:45,1,0,0
BRDA:45,1,1,0
BRDA:62,2,0,0
BRDA:62,2,1,0
BRDA:68,3,0,0
BRDA:68,3,1,0
BRDA:72,4,0,0
BRDA:72,4,1,0
BRF:10
BRH:0
end_of_record
TN:
SF:app/assets/scripts/views/projects-hub/projects-hub.js
FN:20,getPage
FN:29,ProjectsHub
FN:46,(anonymous_2)
FN:52,(anonymous_3)
FN:80,(anonymous_4)
FN:90,(anonymous_5)
FN:95,handlePageClick
FN:102,(anonymous_7)
FN:176,selector
FN:187,dispatcher
FN:189,(anonymous_10)
FN:190,(anonymous_11)
FN:192,(anonymous_12)
FN:193,(anonymous_13)
FNF:14
FNH:0
FNDA:0,getPage
FNDA:0,ProjectsHub
FNDA:0,(anonymous_2)
FNDA:0,(anonymous_3)
FNDA:0,(anonymous_4)
FNDA:0,(anonymous_5)
FNDA:0,handlePageClick
FNDA:0,(anonymous_7)
FNDA:0,selector
FNDA:0,dispatcher
FNDA:0,(anonymous_10)
FNDA:0,(anonymous_11)
FNDA:0,(anonymous_12)
FNDA:0,(anonymous_13)
DA:18,20
DA:21,0
DA:22,0
DA:23,0
DA:24,0
DA:26,0
DA:43,0
DA:44,0
DA:46,0
DA:48,0
DA:52,0
DA:53,0
DA:54,0
DA:57,0
DA:59,0
DA:62,0
DA:80,0
DA:81,0
DA:82,0
DA:84,0
DA:86,0
DA:87,0
DA:90,0
DA:91,0
DA:96,0
DA:97,0
DA:99,0
DA:102,0
DA:103,0
DA:106,0
DA:108,0
DA:110,0
DA:156,20
DA:177,0
DA:188,0
DA:189,0
DA:191,0
DA:192,0
DA:193,0
DA:197,20
LF:40
LH:3
BRDA:21,0,0,0
BRDA:21,0,1,0
BRDA:21,1,0,0
BRDA:21,1,1,0
BRDA:23,2,0,0
BRDA:23,2,1,0
BRDA:23,3,0,0
BRDA:23,3,1,0
BRDA:54,4,0,0
BRDA:54,4,1,0
BRDA:65,5,0,0
BRDA:65,5,1,0
BRDA:67,6,0,0
BRDA:67,6,1,0
BRDA:68,7,0,0
BRDA:68,7,1,0
BRDA:69,8,0,0
BRDA:69,8,1,0
BRDA:71,9,0,0
BRDA:71,9,1,0
BRDA:72,10,0,0
BRDA:72,10,1,0
BRDA:73,11,0,0
BRDA:73,11,1,0
BRDA:74,12,0,0
BRDA:74,12,1,0
BRDA:76,13,0,0
BRDA:76,13,1,0
BRDA:84,14,0,0
BRDA:84,14,1,0
BRDA:106,15,0,0
BRDA:106,15,1,0
BRDA:131,16,0,0
BRDA:131,16,1,0
BRF:34
BRH:0
end_of_record
TN:
SF:app/assets/scripts/views/projects-hub/results.js
FN:10,Results
FN:64,(anonymous_1)
FN:65,(anonymous_2)
FNF:3
FNH:0
FNDA:0,Results
FNDA:0,(anonymous_1)
FNDA:0,(anonymous_2)
DA:20,0
DA:21,0
DA:24,0
DA:25,0
DA:28,0
DA:29,0
DA:42,0
DA:43,0
DA:61,0
DA:65,0
DA:66,0
DA:71,0
DA:113,20
LF:13
LH:1
BRDA:20,0,0,0
BRDA:20,0,1,0
BRDA:20,1,0,0
BRDA:20,1,1,0
BRDA:24,2,0,0
BRDA:24,2,1,0
BRDA:28,3,0,0
BRDA:28,3,1,0
BRDA:42,4,0,0
BRDA:42,4,1,0
BRDA:68,5,0,0
BRDA:68,5,1,0
BRDA:92,6,0,0
BRDA:92,6,1,0
BRDA:92,7,0,0
BRDA:92,7,1,0
BRDA:92,7,2,0
BRF:17
BRH:0
end_of_record
